{"/Users/Shared/dev/openspace/openspace-client/src/App.tsx": {"path":"/Users/Shared/dev/openspace/openspace-client/src/App.tsx","statementMap":{"0":{"start":{"line":18,"column":8},"end":{"line":18,"column":null}},"1":{"start":{"line":19,"column":15},"end":{"line":19,"column":null}},"2":{"start":{"line":26,"column":2},"end":{"line":26,"column":null}},"3":{"start":{"line":28,"column":44},"end":{"line":28,"column":null}},"4":{"start":{"line":29,"column":44},"end":{"line":29,"column":null}},"5":{"start":{"line":30,"column":30},"end":{"line":30,"column":null}},"6":{"start":{"line":31,"column":50},"end":{"line":31,"column":null}},"7":{"start":{"line":34,"column":2},"end":{"line":68,"column":null}},"8":{"start":{"line":35,"column":19},"end":{"line":35,"column":null}},"9":{"start":{"line":36,"column":4},"end":{"line":67,"column":null}},"10":{"start":{"line":37,"column":32},"end":{"line":43,"column":null}},"11":{"start":{"line":37,"column":54},"end":{"line":43,"column":8}},"12":{"start":{"line":44,"column":6},"end":{"line":44,"column":null}},"13":{"start":{"line":46,"column":23},"end":{"line":46,"column":null}},"14":{"start":{"line":47,"column":6},"end":{"line":53,"column":null}},"15":{"start":{"line":47,"column":39},"end":{"line":47,"column":58}},"16":{"start":{"line":48,"column":8},"end":{"line":48,"column":null}},"17":{"start":{"line":49,"column":8},"end":{"line":49,"column":null}},"18":{"start":{"line":51,"column":8},"end":{"line":51,"column":null}},"19":{"start":{"line":52,"column":8},"end":{"line":52,"column":null}},"20":{"start":{"line":55,"column":26},"end":{"line":55,"column":null}},"21":{"start":{"line":56,"column":38},"end":{"line":62,"column":null}},"22":{"start":{"line":63,"column":6},"end":{"line":63,"column":null}},"23":{"start":{"line":64,"column":6},"end":{"line":64,"column":null}},"24":{"start":{"line":65,"column":6},"end":{"line":65,"column":null}},"25":{"start":{"line":66,"column":6},"end":{"line":66,"column":null}},"26":{"start":{"line":70,"column":30},"end":{"line":78,"column":null}},"27":{"start":{"line":71,"column":4},"end":{"line":71,"column":null}},"28":{"start":{"line":72,"column":20},"end":{"line":72,"column":null}},"29":{"start":{"line":72,"column":39},"end":{"line":72,"column":50}},"30":{"start":{"line":73,"column":4},"end":{"line":77,"column":null}},"31":{"start":{"line":74,"column":6},"end":{"line":74,"column":null}},"32":{"start":{"line":75,"column":6},"end":{"line":75,"column":null}},"33":{"start":{"line":76,"column":6},"end":{"line":76,"column":null}},"34":{"start":{"line":80,"column":27},"end":{"line":93,"column":null}},"35":{"start":{"line":81,"column":17},"end":{"line":81,"column":null}},"36":{"start":{"line":82,"column":32},"end":{"line":88,"column":null}},"37":{"start":{"line":89,"column":20},"end":{"line":89,"column":null}},"38":{"start":{"line":90,"column":4},"end":{"line":90,"column":null}},"39":{"start":{"line":91,"column":4},"end":{"line":91,"column":null}},"40":{"start":{"line":91,"column":43},"end":{"line":91,"column":90}},"41":{"start":{"line":92,"column":4},"end":{"line":92,"column":null}},"42":{"start":{"line":95,"column":24},"end":{"line":95,"column":null}},"43":{"start":{"line":95,"column":43},"end":{"line":95,"column":67}},"44":{"start":{"line":97,"column":8},"end":{"line":101,"column":null}},"45":{"start":{"line":99,"column":19},"end":{"line":99,"column":null}},"46":{"start":{"line":100,"column":32},"end":{"line":100,"column":null}},"47":{"start":{"line":103,"column":30},"end":{"line":103,"column":null}},"48":{"start":{"line":105,"column":8},"end":{"line":118,"column":null}},"49":{"start":{"line":107,"column":23},"end":{"line":109,"column":null}},"50":{"start":{"line":110,"column":6},"end":{"line":110,"column":null}},"51":{"start":{"line":113,"column":6},"end":{"line":116,"column":null}},"52":{"start":{"line":114,"column":8},"end":{"line":114,"column":null}},"53":{"start":{"line":115,"column":8},"end":{"line":115,"column":null}},"54":{"start":{"line":120,"column":8},"end":{"line":122,"column":null}},"55":{"start":{"line":121,"column":4},"end":{"line":121,"column":null}},"56":{"start":{"line":124,"column":8},"end":{"line":126,"column":null}},"57":{"start":{"line":125,"column":4},"end":{"line":125,"column":null}},"58":{"start":{"line":128,"column":8},"end":{"line":138,"column":null}},"59":{"start":{"line":130,"column":6},"end":{"line":135,"column":null}},"60":{"start":{"line":131,"column":23},"end":{"line":131,"column":null}},"61":{"start":{"line":132,"column":8},"end":{"line":134,"column":null}},"62":{"start":{"line":133,"column":10},"end":{"line":133,"column":null}},"63":{"start":{"line":140,"column":2},"end":{"line":149,"column":null}},"64":{"start":{"line":141,"column":4},"end":{"line":144,"column":null}},"65":{"start":{"line":142,"column":6},"end":{"line":142,"column":null}},"66":{"start":{"line":143,"column":6},"end":{"line":143,"column":null}},"67":{"start":{"line":145,"column":4},"end":{"line":148,"column":null}},"68":{"start":{"line":146,"column":6},"end":{"line":146,"column":null}},"69":{"start":{"line":147,"column":6},"end":{"line":147,"column":null}},"70":{"start":{"line":151,"column":20},"end":{"line":151,"column":null}},"71":{"start":{"line":153,"column":2},"end":{"line":221,"column":null}},"72":{"start":{"line":173,"column":32},"end":{"line":173,"column":null}},"73":{"start":{"line":183,"column":34},"end":{"line":183,"column":null}}},"fnMap":{"0":{"name":"App","decl":{"start":{"line":17,"column":9},"end":{"line":17,"column":15}},"loc":{"start":{"line":17,"column":15},"end":{"line":223,"column":null}},"line":17},"1":{"name":"(anonymous_1)","decl":{"start":{"line":34,"column":12},"end":{"line":34,"column":18}},"loc":{"start":{"line":34,"column":18},"end":{"line":68,"column":5}},"line":34},"2":{"name":"(anonymous_2)","decl":{"start":{"line":37,"column":43},"end":{"line":37,"column":44}},"loc":{"start":{"line":37,"column":54},"end":{"line":43,"column":8}},"line":37},"3":{"name":"(anonymous_3)","decl":{"start":{"line":47,"column":34},"end":{"line":47,"column":39}},"loc":{"start":{"line":47,"column":39},"end":{"line":47,"column":58}},"line":47},"4":{"name":"(anonymous_4)","decl":{"start":{"line":70,"column":30},"end":{"line":70,"column":31}},"loc":{"start":{"line":70,"column":46},"end":{"line":78,"column":null}},"line":70},"5":{"name":"(anonymous_5)","decl":{"start":{"line":72,"column":34},"end":{"line":72,"column":39}},"loc":{"start":{"line":72,"column":39},"end":{"line":72,"column":50}},"line":72},"6":{"name":"(anonymous_6)","decl":{"start":{"line":80,"column":27},"end":{"line":80,"column":28}},"loc":{"start":{"line":80,"column":45},"end":{"line":93,"column":null}},"line":80},"7":{"name":"(anonymous_7)","decl":{"start":{"line":91,"column":37},"end":{"line":91,"column":43}},"loc":{"start":{"line":91,"column":43},"end":{"line":91,"column":90}},"line":91},"8":{"name":"(anonymous_8)","decl":{"start":{"line":95,"column":38},"end":{"line":95,"column":43}},"loc":{"start":{"line":95,"column":43},"end":{"line":95,"column":67}},"line":95},"9":{"name":"(anonymous_9)","decl":{"start":{"line":99,"column":13},"end":{"line":99,"column":19}},"loc":{"start":{"line":99,"column":19},"end":{"line":99,"column":null}},"line":99},"10":{"name":"(anonymous_10)","decl":{"start":{"line":100,"column":21},"end":{"line":100,"column":22}},"loc":{"start":{"line":100,"column":32},"end":{"line":100,"column":null}},"line":100},"11":{"name":"(anonymous_11)","decl":{"start":{"line":106,"column":16},"end":{"line":106,"column":28}},"loc":{"start":{"line":106,"column":28},"end":{"line":111,"column":null}},"line":106},"12":{"name":"(anonymous_12)","decl":{"start":{"line":112,"column":15},"end":{"line":112,"column":16}},"loc":{"start":{"line":112,"column":25},"end":{"line":117,"column":null}},"line":112},"13":{"name":"(anonymous_13)","decl":{"start":{"line":120,"column":36},"end":{"line":120,"column":42}},"loc":{"start":{"line":120,"column":42},"end":{"line":122,"column":5}},"line":120},"14":{"name":"(anonymous_14)","decl":{"start":{"line":124,"column":35},"end":{"line":124,"column":41}},"loc":{"start":{"line":124,"column":41},"end":{"line":126,"column":5}},"line":124},"15":{"name":"(anonymous_15)","decl":{"start":{"line":129,"column":4},"end":{"line":129,"column":5}},"loc":{"start":{"line":129,"column":23},"end":{"line":136,"column":null}},"line":129},"16":{"name":"(anonymous_16)","decl":{"start":{"line":140,"column":12},"end":{"line":140,"column":18}},"loc":{"start":{"line":140,"column":18},"end":{"line":149,"column":5}},"line":140},"17":{"name":"(anonymous_17)","decl":{"start":{"line":145,"column":11},"end":{"line":145,"column":17}},"loc":{"start":{"line":145,"column":17},"end":{"line":148,"column":null}},"line":145},"18":{"name":"(anonymous_18)","decl":{"start":{"line":173,"column":26},"end":{"line":173,"column":32}},"loc":{"start":{"line":173,"column":32},"end":{"line":173,"column":null}},"line":173},"19":{"name":"(anonymous_19)","decl":{"start":{"line":183,"column":28},"end":{"line":183,"column":34}},"loc":{"start":{"line":183,"column":34},"end":{"line":183,"column":null}},"line":183},"20":{"name":"(anonymous_20)","decl":{"start":{"line":184,"column":26},"end":{"line":184,"column":32}},"loc":{"start":{"line":184,"column":32},"end":{"line":184,"column":null}},"line":184}},"branchMap":{"0":{"loc":{"start":{"line":36,"column":4},"end":{"line":67,"column":null}},"type":"if","locations":[{"start":{"line":36,"column":4},"end":{"line":67,"column":null}},{"start":{"line":54,"column":11},"end":{"line":67,"column":null}}],"line":36},"1":{"loc":{"start":{"line":42,"column":15},"end":{"line":42,"column":null}},"type":"binary-expr","locations":[{"start":{"line":42,"column":15},"end":{"line":42,"column":27}},{"start":{"line":42,"column":27},"end":{"line":42,"column":null}}],"line":42},"2":{"loc":{"start":{"line":42,"column":27},"end":{"line":42,"column":null}},"type":"cond-expr","locations":[{"start":{"line":42,"column":41},"end":{"line":42,"column":58}},{"start":{"line":42,"column":58},"end":{"line":42,"column":null}}],"line":42},"3":{"loc":{"start":{"line":47,"column":6},"end":{"line":53,"column":null}},"type":"if","locations":[{"start":{"line":47,"column":6},"end":{"line":53,"column":null}},{"start":{"line":50,"column":13},"end":{"line":53,"column":null}}],"line":47},"4":{"loc":{"start":{"line":47,"column":10},"end":{"line":47,"column":61}},"type":"binary-expr","locations":[{"start":{"line":47,"column":10},"end":{"line":47,"column":22}},{"start":{"line":47,"column":22},"end":{"line":47,"column":61}}],"line":47},"5":{"loc":{"start":{"line":73,"column":4},"end":{"line":77,"column":null}},"type":"if","locations":[{"start":{"line":73,"column":4},"end":{"line":77,"column":null}},{"start":{},"end":{}}],"line":73},"6":{"loc":{"start":{"line":81,"column":17},"end":{"line":81,"column":null}},"type":"binary-expr","locations":[{"start":{"line":81,"column":17},"end":{"line":81,"column":58}},{"start":{"line":81,"column":58},"end":{"line":81,"column":null}}],"line":81},"7":{"loc":{"start":{"line":100,"column":32},"end":{"line":100,"column":null}},"type":"cond-expr","locations":[{"start":{"line":100,"column":39},"end":{"line":100,"column":47}},{"start":{"line":100,"column":47},"end":{"line":100,"column":null}}],"line":100},"8":{"loc":{"start":{"line":103,"column":16},"end":{"line":103,"column":30}},"type":"default-arg","locations":[{"start":{"line":103,"column":27},"end":{"line":103,"column":30}}],"line":103},"9":{"loc":{"start":{"line":113,"column":6},"end":{"line":116,"column":null}},"type":"if","locations":[{"start":{"line":113,"column":6},"end":{"line":116,"column":null}},{"start":{},"end":{}}],"line":113},"10":{"loc":{"start":{"line":130,"column":6},"end":{"line":135,"column":null}},"type":"if","locations":[{"start":{"line":130,"column":6},"end":{"line":135,"column":null}},{"start":{},"end":{}}],"line":130},"11":{"loc":{"start":{"line":132,"column":8},"end":{"line":134,"column":null}},"type":"if","locations":[{"start":{"line":132,"column":8},"end":{"line":134,"column":null}},{"start":{},"end":{}}],"line":132},"12":{"loc":{"start":{"line":132,"column":12},"end":{"line":132,"column":63}},"type":"binary-expr","locations":[{"start":{"line":132,"column":12},"end":{"line":132,"column":28}},{"start":{"line":132,"column":28},"end":{"line":132,"column":63}}],"line":132},"13":{"loc":{"start":{"line":141,"column":4},"end":{"line":144,"column":null}},"type":"if","locations":[{"start":{"line":141,"column":4},"end":{"line":144,"column":null}},{"start":{},"end":{}}],"line":141},"14":{"loc":{"start":{"line":155,"column":7},"end":{"line":155,"column":null}},"type":"binary-expr","locations":[{"start":{"line":155,"column":7},"end":{"line":155,"column":20}},{"start":{"line":155,"column":20},"end":{"line":155,"column":null}}],"line":155},"15":{"loc":{"start":{"line":157,"column":7},"end":{"line":219,"column":null}},"type":"cond-expr","locations":[{"start":{"line":158,"column":8},"end":{"line":166,"column":null}},{"start":{"line":168,"column":8},"end":{"line":219,"column":null}}],"line":157},"16":{"loc":{"start":{"line":176,"column":11},"end":{"line":185,"column":null}},"type":"binary-expr","locations":[{"start":{"line":176,"column":11},"end":{"line":176,"column":34}},{"start":{"line":176,"column":34},"end":{"line":176,"column":null}},{"start":{"line":177,"column":12},"end":{"line":185,"column":null}}],"line":176},"17":{"loc":{"start":{"line":198,"column":17},"end":{"line":208,"column":null}},"type":"binary-expr","locations":[{"start":{"line":198,"column":17},"end":{"line":198,"column":null}},{"start":{"line":199,"column":18},"end":{"line":208,"column":null}}],"line":198},"18":{"loc":{"start":{"line":212,"column":15},"end":{"line":215,"column":null}},"type":"binary-expr","locations":[{"start":{"line":212,"column":15},"end":{"line":212,"column":null}},{"start":{"line":213,"column":16},"end":{"line":215,"column":null}}],"line":212}},"s":{"0":61,"1":61,"2":61,"3":61,"4":61,"5":61,"6":61,"7":61,"8":19,"9":19,"10":6,"11":9,"12":6,"13":6,"14":6,"15":3,"16":1,"17":1,"18":5,"19":5,"20":13,"21":13,"22":13,"23":13,"24":13,"25":13,"26":61,"27":3,"28":3,"29":4,"30":3,"31":1,"32":1,"33":1,"34":61,"35":2,"36":2,"37":2,"38":2,"39":2,"40":4,"41":2,"42":61,"43":47,"44":61,"45":19,"46":137,"47":61,"48":61,"49":0,"50":0,"51":0,"52":0,"53":0,"54":61,"55":0,"56":61,"57":0,"58":61,"59":0,"60":0,"61":0,"62":0,"63":61,"64":19,"65":0,"66":0,"67":19,"68":19,"69":19,"70":61,"71":61,"72":2,"73":0},"f":{"0":61,"1":19,"2":9,"3":3,"4":3,"5":4,"6":2,"7":4,"8":47,"9":19,"10":137,"11":0,"12":0,"13":0,"14":0,"15":0,"16":19,"17":19,"18":2,"19":0,"20":0},"b":{"0":[6,13],"1":[9,0],"2":[0,0],"3":[1,5],"4":[6,2],"5":[1,2],"6":[2,0],"7":[137,0],"8":[61],"9":[0,0],"10":[0,0],"11":[0,0],"12":[0,0],"13":[0,19],"14":[61,23],"15":[38,23],"16":[23,23,23],"17":[23,23],"18":[23,23]},"meta":{"lastBranch":19,"lastFunction":21,"lastStatement":74,"seen":{"f:17:9:17:15":0,"s:18:8:18:Infinity":0,"s:19:15:19:Infinity":1,"s:26:2:26:Infinity":2,"s:28:44:28:Infinity":3,"s:29:44:29:Infinity":4,"s:30:30:30:Infinity":5,"s:31:50:31:Infinity":6,"s:34:2:68:Infinity":7,"f:34:12:34:18":1,"s:35:19:35:Infinity":8,"b:36:4:67:Infinity:54:11:67:Infinity":0,"s:36:4:67:Infinity":9,"s:37:32:43:Infinity":10,"f:37:43:37:44":2,"s:37:54:43:8":11,"b:42:15:42:27:42:27:42:Infinity":1,"b:42:41:42:58:42:58:42:Infinity":2,"s:44:6:44:Infinity":12,"s:46:23:46:Infinity":13,"b:47:6:53:Infinity:50:13:53:Infinity":3,"s:47:6:53:Infinity":14,"b:47:10:47:22:47:22:47:61":4,"f:47:34:47:39":3,"s:47:39:47:58":15,"s:48:8:48:Infinity":16,"s:49:8:49:Infinity":17,"s:51:8:51:Infinity":18,"s:52:8:52:Infinity":19,"s:55:26:55:Infinity":20,"s:56:38:62:Infinity":21,"s:63:6:63:Infinity":22,"s:64:6:64:Infinity":23,"s:65:6:65:Infinity":24,"s:66:6:66:Infinity":25,"s:70:30:78:Infinity":26,"f:70:30:70:31":4,"s:71:4:71:Infinity":27,"s:72:20:72:Infinity":28,"f:72:34:72:39":5,"s:72:39:72:50":29,"b:73:4:77:Infinity:undefined:undefined:undefined:undefined":5,"s:73:4:77:Infinity":30,"s:74:6:74:Infinity":31,"s:75:6:75:Infinity":32,"s:76:6:76:Infinity":33,"s:80:27:93:Infinity":34,"f:80:27:80:28":6,"s:81:17:81:Infinity":35,"b:81:17:81:58:81:58:81:Infinity":6,"s:82:32:88:Infinity":36,"s:89:20:89:Infinity":37,"s:90:4:90:Infinity":38,"s:91:4:91:Infinity":39,"f:91:37:91:43":7,"s:91:43:91:90":40,"s:92:4:92:Infinity":41,"s:95:24:95:Infinity":42,"f:95:38:95:43":8,"s:95:43:95:67":43,"s:97:8:101:Infinity":44,"f:99:13:99:19":9,"s:99:19:99:Infinity":45,"f:100:21:100:22":10,"s:100:32:100:Infinity":46,"b:100:39:100:47:100:47:100:Infinity":7,"s:103:30:103:Infinity":47,"b:103:27:103:30":8,"s:105:8:118:Infinity":48,"f:106:16:106:28":11,"s:107:23:109:Infinity":49,"s:110:6:110:Infinity":50,"f:112:15:112:16":12,"b:113:6:116:Infinity:undefined:undefined:undefined:undefined":9,"s:113:6:116:Infinity":51,"s:114:8:114:Infinity":52,"s:115:8:115:Infinity":53,"s:120:8:122:Infinity":54,"f:120:36:120:42":13,"s:121:4:121:Infinity":55,"s:124:8:126:Infinity":56,"f:124:35:124:41":14,"s:125:4:125:Infinity":57,"s:128:8:138:Infinity":58,"f:129:4:129:5":15,"b:130:6:135:Infinity:undefined:undefined:undefined:undefined":10,"s:130:6:135:Infinity":59,"s:131:23:131:Infinity":60,"b:132:8:134:Infinity:undefined:undefined:undefined:undefined":11,"s:132:8:134:Infinity":61,"b:132:12:132:28:132:28:132:63":12,"s:133:10:133:Infinity":62,"s:140:2:149:Infinity":63,"f:140:12:140:18":16,"b:141:4:144:Infinity:undefined:undefined:undefined:undefined":13,"s:141:4:144:Infinity":64,"s:142:6:142:Infinity":65,"s:143:6:143:Infinity":66,"s:145:4:148:Infinity":67,"f:145:11:145:17":17,"s:146:6:146:Infinity":68,"s:147:6:147:Infinity":69,"s:151:20:151:Infinity":70,"s:153:2:221:Infinity":71,"b:155:7:155:20:155:20:155:Infinity":14,"b:158:8:166:Infinity:168:8:219:Infinity":15,"f:173:26:173:32":18,"s:173:32:173:Infinity":72,"b:176:11:176:34:176:34:176:Infinity:177:12:185:Infinity":16,"f:183:28:183:34":19,"s:183:34:183:Infinity":73,"f:184:26:184:32":20,"b:198:17:198:Infinity:199:18:208:Infinity":17,"b:212:15:212:Infinity:213:16:215:Infinity":18}}}
,"/Users/Shared/dev/openspace/openspace-client/src/components/AgentConsole.tsx": {"path":"/Users/Shared/dev/openspace/openspace-client/src/components/AgentConsole.tsx","statementMap":{"0":{"start":{"line":16,"column":22},"end":{"line":22,"column":null}},"1":{"start":{"line":17,"column":2},"end":{"line":22,"column":null}},"2":{"start":{"line":18,"column":19},"end":{"line":18,"column":null}},"3":{"start":{"line":19,"column":4},"end":{"line":19,"column":null}},"4":{"start":{"line":19,"column":26},"end":{"line":19,"column":null}},"5":{"start":{"line":20,"column":4},"end":{"line":20,"column":null}},"6":{"start":{"line":20,"column":27},"end":{"line":20,"column":null}},"7":{"start":{"line":21,"column":4},"end":{"line":21,"column":null}},"8":{"start":{"line":30,"column":8},"end":{"line":30,"column":null}},"9":{"start":{"line":31,"column":44},"end":{"line":31,"column":null}},"10":{"start":{"line":32,"column":40},"end":{"line":32,"column":null}},"11":{"start":{"line":33,"column":26},"end":{"line":33,"column":null}},"12":{"start":{"line":34,"column":36},"end":{"line":34,"column":null}},"13":{"start":{"line":35,"column":8},"end":{"line":35,"column":null}},"14":{"start":{"line":36,"column":8},"end":{"line":36,"column":null}},"15":{"start":{"line":37,"column":8},"end":{"line":37,"column":null}},"16":{"start":{"line":38,"column":2},"end":{"line":38,"column":null}},"17":{"start":{"line":40,"column":8},"end":{"line":40,"column":null}},"18":{"start":{"line":40,"column":31},"end":{"line":40,"column":63}},"19":{"start":{"line":41,"column":25},"end":{"line":41,"column":null}},"20":{"start":{"line":42,"column":24},"end":{"line":42,"column":null}},"21":{"start":{"line":43,"column":24},"end":{"line":43,"column":null}},"22":{"start":{"line":43,"column":47},"end":{"line":43,"column":73}},"23":{"start":{"line":45,"column":8},"end":{"line":48,"column":null}},"24":{"start":{"line":46,"column":11},"end":{"line":46,"column":null}},"25":{"start":{"line":46,"column":77},"end":{"line":46,"column":87}},"26":{"start":{"line":49,"column":23},"end":{"line":49,"column":null}},"27":{"start":{"line":50,"column":22},"end":{"line":50,"column":null}},"28":{"start":{"line":52,"column":26},"end":{"line":61,"column":null}},"29":{"start":{"line":53,"column":4},"end":{"line":53,"column":null}},"30":{"start":{"line":53,"column":38},"end":{"line":53,"column":null}},"31":{"start":{"line":54,"column":37},"end":{"line":54,"column":null}},"32":{"start":{"line":55,"column":4},"end":{"line":59,"column":null}},"33":{"start":{"line":56,"column":6},"end":{"line":56,"column":null}},"34":{"start":{"line":56,"column":78},"end":{"line":56,"column":null}},"35":{"start":{"line":57,"column":22},"end":{"line":57,"column":null}},"36":{"start":{"line":58,"column":6},"end":{"line":58,"column":null}},"37":{"start":{"line":60,"column":4},"end":{"line":60,"column":null}},"38":{"start":{"line":60,"column":25},"end":{"line":60,"column":null}},"39":{"start":{"line":60,"column":50},"end":{"line":60,"column":68}},"40":{"start":{"line":63,"column":29},"end":{"line":65,"column":null}},"41":{"start":{"line":64,"column":4},"end":{"line":64,"column":null}},"42":{"start":{"line":64,"column":29},"end":{"line":64,"column":66}},"43":{"start":{"line":64,"column":51},"end":{"line":64,"column":65}},"44":{"start":{"line":67,"column":8},"end":{"line":77,"column":null}},"45":{"start":{"line":69,"column":23},"end":{"line":71,"column":null}},"46":{"start":{"line":72,"column":6},"end":{"line":72,"column":null}},"47":{"start":{"line":75,"column":6},"end":{"line":75,"column":null}},"48":{"start":{"line":75,"column":20},"end":{"line":75,"column":null}},"49":{"start":{"line":79,"column":8},"end":{"line":158,"column":null}},"50":{"start":{"line":94,"column":6},"end":{"line":103,"column":null}},"51":{"start":{"line":105,"column":6},"end":{"line":105,"column":null}},"52":{"start":{"line":106,"column":31},"end":{"line":106,"column":null}},"53":{"start":{"line":108,"column":32},"end":{"line":129,"column":null}},"54":{"start":{"line":109,"column":8},"end":{"line":118,"column":null}},"55":{"start":{"line":110,"column":10},"end":{"line":117,"column":null}},"56":{"start":{"line":119,"column":8},"end":{"line":128,"column":null}},"57":{"start":{"line":131,"column":42},"end":{"line":144,"column":null}},"58":{"start":{"line":146,"column":6},"end":{"line":146,"column":null}},"59":{"start":{"line":146,"column":89},"end":{"line":146,"column":121}},"60":{"start":{"line":148,"column":6},"end":{"line":148,"column":null}},"61":{"start":{"line":151,"column":6},"end":{"line":153,"column":null}},"62":{"start":{"line":152,"column":8},"end":{"line":152,"column":null}},"63":{"start":{"line":156,"column":6},"end":{"line":156,"column":null}},"64":{"start":{"line":160,"column":22},"end":{"line":199,"column":null}},"65":{"start":{"line":161,"column":17},"end":{"line":161,"column":null}},"66":{"start":{"line":162,"column":4},"end":{"line":162,"column":null}},"67":{"start":{"line":162,"column":43},"end":{"line":162,"column":null}},"68":{"start":{"line":164,"column":4},"end":{"line":164,"column":null}},"69":{"start":{"line":165,"column":4},"end":{"line":165,"column":null}},"70":{"start":{"line":167,"column":4},"end":{"line":167,"column":null}},"71":{"start":{"line":167,"column":40},"end":{"line":167,"column":null}},"72":{"start":{"line":169,"column":26},"end":{"line":169,"column":null}},"73":{"start":{"line":170,"column":4},"end":{"line":173,"column":null}},"74":{"start":{"line":171,"column":22},"end":{"line":171,"column":null}},"75":{"start":{"line":172,"column":6},"end":{"line":172,"column":null}},"76":{"start":{"line":174,"column":4},"end":{"line":174,"column":null}},"77":{"start":{"line":174,"column":26},"end":{"line":174,"column":null}},"78":{"start":{"line":176,"column":23},"end":{"line":191,"column":null}},"79":{"start":{"line":185,"column":36},"end":{"line":190,"column":8}},"80":{"start":{"line":193,"column":4},"end":{"line":198,"column":null}},"81":{"start":{"line":201,"column":8},"end":{"line":225,"column":null}},"82":{"start":{"line":202,"column":22},"end":{"line":202,"column":null}},"83":{"start":{"line":203,"column":20},"end":{"line":203,"column":null}},"84":{"start":{"line":204,"column":30},"end":{"line":204,"column":null}},"85":{"start":{"line":204,"column":53},"end":{"line":204,"column":63}},"86":{"start":{"line":204,"column":82},"end":{"line":204,"column":107}},"87":{"start":{"line":205,"column":22},"end":{"line":205,"column":null}},"88":{"start":{"line":205,"column":62},"end":{"line":205,"column":94}},"89":{"start":{"line":206,"column":17},"end":{"line":206,"column":null}},"90":{"start":{"line":207,"column":4},"end":{"line":209,"column":null}},"91":{"start":{"line":208,"column":6},"end":{"line":208,"column":null}},"92":{"start":{"line":210,"column":10},"end":{"line":215,"column":null}},"93":{"start":{"line":216,"column":18},"end":{"line":218,"column":null}},"94":{"start":{"line":217,"column":16},"end":{"line":217,"column":null}},"95":{"start":{"line":219,"column":23},"end":{"line":219,"column":null}},"96":{"start":{"line":220,"column":4},"end":{"line":224,"column":null}},"97":{"start":{"line":227,"column":8},"end":{"line":230,"column":null}},"98":{"start":{"line":228,"column":11},"end":{"line":228,"column":null}},"99":{"start":{"line":228,"column":81},"end":{"line":228,"column":91}},"100":{"start":{"line":232,"column":8},"end":{"line":239,"column":null}},"101":{"start":{"line":233,"column":40},"end":{"line":233,"column":null}},"102":{"start":{"line":234,"column":20},"end":{"line":234,"column":null}},"103":{"start":{"line":235,"column":4},"end":{"line":237,"column":null}},"104":{"start":{"line":236,"column":6},"end":{"line":236,"column":null}},"105":{"start":{"line":238,"column":4},"end":{"line":238,"column":null}},"106":{"start":{"line":241,"column":2},"end":{"line":274,"column":null}}},"fnMap":{"0":{"name":"(anonymous_0)","decl":{"start":{"line":16,"column":22},"end":{"line":16,"column":23}},"loc":{"start":{"line":17,"column":2},"end":{"line":22,"column":null}},"line":17},"1":{"name":"(anonymous_1)","decl":{"start":{"line":17,"column":22},"end":{"line":17,"column":23}},"loc":{"start":{"line":17,"column":43},"end":{"line":22,"column":3}},"line":17},"2":{"name":"(anonymous_2)","decl":{"start":{"line":19,"column":20},"end":{"line":19,"column":26}},"loc":{"start":{"line":19,"column":26},"end":{"line":19,"column":null}},"line":19},"3":{"name":"(anonymous_3)","decl":{"start":{"line":20,"column":21},"end":{"line":20,"column":27}},"loc":{"start":{"line":20,"column":27},"end":{"line":20,"column":null}},"line":20},"4":{"name":"AgentConsole","decl":{"start":{"line":29,"column":16},"end":{"line":29,"column":29}},"loc":{"start":{"line":29,"column":81},"end":{"line":276,"column":null}},"line":29},"5":{"name":"(anonymous_5)","decl":{"start":{"line":40,"column":25},"end":{"line":40,"column":31}},"loc":{"start":{"line":40,"column":31},"end":{"line":40,"column":63}},"line":40},"6":{"name":"(anonymous_6)","decl":{"start":{"line":43,"column":36},"end":{"line":43,"column":37}},"loc":{"start":{"line":43,"column":47},"end":{"line":43,"column":73}},"line":43},"7":{"name":"(anonymous_7)","decl":{"start":{"line":46,"column":4},"end":{"line":46,"column":11}},"loc":{"start":{"line":46,"column":11},"end":{"line":46,"column":null}},"line":46},"8":{"name":"(anonymous_8)","decl":{"start":{"line":46,"column":66},"end":{"line":46,"column":67}},"loc":{"start":{"line":46,"column":77},"end":{"line":46,"column":87}},"line":46},"9":{"name":"(anonymous_9)","decl":{"start":{"line":52,"column":26},"end":{"line":52,"column":33}},"loc":{"start":{"line":52,"column":60},"end":{"line":61,"column":null}},"line":52},"10":{"name":"(anonymous_10)","decl":{"start":{"line":60,"column":40},"end":{"line":60,"column":41}},"loc":{"start":{"line":60,"column":50},"end":{"line":60,"column":68}},"line":60},"11":{"name":"(anonymous_11)","decl":{"start":{"line":63,"column":29},"end":{"line":63,"column":30}},"loc":{"start":{"line":63,"column":45},"end":{"line":65,"column":null}},"line":63},"12":{"name":"(anonymous_12)","decl":{"start":{"line":64,"column":19},"end":{"line":64,"column":20}},"loc":{"start":{"line":64,"column":29},"end":{"line":64,"column":66}},"line":64},"13":{"name":"(anonymous_13)","decl":{"start":{"line":64,"column":41},"end":{"line":64,"column":42}},"loc":{"start":{"line":64,"column":51},"end":{"line":64,"column":65}},"line":64},"14":{"name":"(anonymous_14)","decl":{"start":{"line":68,"column":16},"end":{"line":68,"column":28}},"loc":{"start":{"line":68,"column":28},"end":{"line":73,"column":null}},"line":68},"15":{"name":"(anonymous_15)","decl":{"start":{"line":74,"column":15},"end":{"line":74,"column":16}},"loc":{"start":{"line":74,"column":25},"end":{"line":76,"column":null}},"line":74},"16":{"name":"(anonymous_16)","decl":{"start":{"line":80,"column":16},"end":{"line":80,"column":23}},"loc":{"start":{"line":94,"column":6},"end":{"line":103,"column":null}},"line":94},"17":{"name":"(anonymous_17)","decl":{"start":{"line":104,"column":14},"end":{"line":104,"column":21}},"loc":{"start":{"line":104,"column":35},"end":{"line":149,"column":null}},"line":104},"18":{"name":"(anonymous_18)","decl":{"start":{"line":108,"column":52},"end":{"line":108,"column":57}},"loc":{"start":{"line":108,"column":57},"end":{"line":129,"column":7}},"line":108},"19":{"name":"(anonymous_19)","decl":{"start":{"line":146,"column":79},"end":{"line":146,"column":80}},"loc":{"start":{"line":146,"column":89},"end":{"line":146,"column":121}},"line":146},"20":{"name":"(anonymous_20)","decl":{"start":{"line":150,"column":13},"end":{"line":150,"column":14}},"loc":{"start":{"line":150,"column":43},"end":{"line":154,"column":null}},"line":150},"21":{"name":"(anonymous_21)","decl":{"start":{"line":155,"column":15},"end":{"line":155,"column":16}},"loc":{"start":{"line":155,"column":37},"end":{"line":157,"column":null}},"line":155},"22":{"name":"(anonymous_22)","decl":{"start":{"line":160,"column":22},"end":{"line":160,"column":34}},"loc":{"start":{"line":160,"column":34},"end":{"line":199,"column":null}},"line":160},"23":{"name":"(anonymous_23)","decl":{"start":{"line":185,"column":25},"end":{"line":185,"column":26}},"loc":{"start":{"line":185,"column":36},"end":{"line":190,"column":8}},"line":185},"24":{"name":"(anonymous_24)","decl":{"start":{"line":201,"column":24},"end":{"line":201,"column":30}},"loc":{"start":{"line":201,"column":30},"end":{"line":225,"column":5}},"line":201},"25":{"name":"(anonymous_25)","decl":{"start":{"line":204,"column":42},"end":{"line":204,"column":43}},"loc":{"start":{"line":204,"column":53},"end":{"line":204,"column":63}},"line":204},"26":{"name":"(anonymous_26)","decl":{"start":{"line":204,"column":72},"end":{"line":204,"column":73}},"loc":{"start":{"line":204,"column":82},"end":{"line":204,"column":107}},"line":204},"27":{"name":"(anonymous_27)","decl":{"start":{"line":205,"column":47},"end":{"line":205,"column":48}},"loc":{"start":{"line":205,"column":62},"end":{"line":205,"column":94}},"line":205},"28":{"name":"(anonymous_28)","decl":{"start":{"line":217,"column":6},"end":{"line":217,"column":7}},"loc":{"start":{"line":217,"column":16},"end":{"line":217,"column":null}},"line":217},"29":{"name":"(anonymous_29)","decl":{"start":{"line":228,"column":4},"end":{"line":228,"column":11}},"loc":{"start":{"line":228,"column":11},"end":{"line":228,"column":null}},"line":228},"30":{"name":"(anonymous_30)","decl":{"start":{"line":228,"column":70},"end":{"line":228,"column":71}},"loc":{"start":{"line":228,"column":81},"end":{"line":228,"column":91}},"line":228},"31":{"name":"(anonymous_31)","decl":{"start":{"line":232,"column":48},"end":{"line":232,"column":54}},"loc":{"start":{"line":232,"column":54},"end":{"line":239,"column":5}},"line":232}},"branchMap":{"0":{"loc":{"start":{"line":40,"column":31},"end":{"line":40,"column":63}},"type":"binary-expr","locations":[{"start":{"line":40,"column":31},"end":{"line":40,"column":59}},{"start":{"line":40,"column":59},"end":{"line":40,"column":63}}],"line":40},"1":{"loc":{"start":{"line":42,"column":24},"end":{"line":42,"column":null}},"type":"binary-expr","locations":[{"start":{"line":42,"column":24},"end":{"line":42,"column":43}},{"start":{"line":42,"column":43},"end":{"line":42,"column":null}}],"line":42},"2":{"loc":{"start":{"line":46,"column":11},"end":{"line":46,"column":null}},"type":"cond-expr","locations":[{"start":{"line":46,"column":45},"end":{"line":46,"column":91}},{"start":{"line":46,"column":91},"end":{"line":46,"column":null}}],"line":46},"3":{"loc":{"start":{"line":49,"column":23},"end":{"line":49,"column":null}},"type":"cond-expr","locations":[{"start":{"line":49,"column":54},"end":{"line":49,"column":64}},{"start":{"line":49,"column":64},"end":{"line":49,"column":null}}],"line":49},"4":{"loc":{"start":{"line":50,"column":22},"end":{"line":50,"column":null}},"type":"binary-expr","locations":[{"start":{"line":50,"column":22},"end":{"line":50,"column":39}},{"start":{"line":50,"column":39},"end":{"line":50,"column":null}}],"line":50},"5":{"loc":{"start":{"line":53,"column":4},"end":{"line":53,"column":null}},"type":"if","locations":[{"start":{"line":53,"column":4},"end":{"line":53,"column":null}},{"start":{},"end":{}}],"line":53},"6":{"loc":{"start":{"line":53,"column":8},"end":{"line":53,"column":38}},"type":"binary-expr","locations":[{"start":{"line":53,"column":8},"end":{"line":53,"column":18}},{"start":{"line":53,"column":18},"end":{"line":53,"column":38}}],"line":53},"7":{"loc":{"start":{"line":56,"column":6},"end":{"line":56,"column":null}},"type":"if","locations":[{"start":{"line":56,"column":6},"end":{"line":56,"column":null}},{"start":{},"end":{}}],"line":56},"8":{"loc":{"start":{"line":56,"column":10},"end":{"line":56,"column":78}},"type":"binary-expr","locations":[{"start":{"line":56,"column":10},"end":{"line":56,"column":45}},{"start":{"line":56,"column":45},"end":{"line":56,"column":78}}],"line":56},"9":{"loc":{"start":{"line":60,"column":4},"end":{"line":60,"column":null}},"type":"if","locations":[{"start":{"line":60,"column":4},"end":{"line":60,"column":null}},{"start":{},"end":{}}],"line":60},"10":{"loc":{"start":{"line":72,"column":13},"end":{"line":72,"column":null}},"type":"binary-expr","locations":[{"start":{"line":72,"column":13},"end":{"line":72,"column":30}},{"start":{"line":72,"column":30},"end":{"line":72,"column":null}}],"line":72},"11":{"loc":{"start":{"line":75,"column":6},"end":{"line":75,"column":null}},"type":"if","locations":[{"start":{"line":75,"column":6},"end":{"line":75,"column":null}},{"start":{},"end":{}}],"line":75},"12":{"loc":{"start":{"line":109,"column":8},"end":{"line":118,"column":null}},"type":"if","locations":[{"start":{"line":109,"column":8},"end":{"line":118,"column":null}},{"start":{},"end":{}}],"line":109},"13":{"loc":{"start":{"line":146,"column":94},"end":{"line":146,"column":107}},"type":"binary-expr","locations":[{"start":{"line":146,"column":94},"end":{"line":146,"column":102}},{"start":{"line":146,"column":102},"end":{"line":146,"column":107}}],"line":146},"14":{"loc":{"start":{"line":151,"column":6},"end":{"line":153,"column":null}},"type":"if","locations":[{"start":{"line":151,"column":6},"end":{"line":153,"column":null}},{"start":{},"end":{}}],"line":151},"15":{"loc":{"start":{"line":162,"column":4},"end":{"line":162,"column":null}},"type":"if","locations":[{"start":{"line":162,"column":4},"end":{"line":162,"column":null}},{"start":{},"end":{}}],"line":162},"16":{"loc":{"start":{"line":162,"column":8},"end":{"line":162,"column":43}},"type":"binary-expr","locations":[{"start":{"line":162,"column":8},"end":{"line":162,"column":17}},{"start":{"line":162,"column":17},"end":{"line":162,"column":43}}],"line":162},"17":{"loc":{"start":{"line":167,"column":4},"end":{"line":167,"column":null}},"type":"if","locations":[{"start":{"line":167,"column":4},"end":{"line":167,"column":null}},{"start":{},"end":{}}],"line":167},"18":{"loc":{"start":{"line":167,"column":8},"end":{"line":167,"column":40}},"type":"binary-expr","locations":[{"start":{"line":167,"column":8},"end":{"line":167,"column":26}},{"start":{"line":167,"column":26},"end":{"line":167,"column":40}}],"line":167},"19":{"loc":{"start":{"line":170,"column":4},"end":{"line":173,"column":null}},"type":"if","locations":[{"start":{"line":170,"column":4},"end":{"line":173,"column":null}},{"start":{},"end":{}}],"line":170},"20":{"loc":{"start":{"line":174,"column":4},"end":{"line":174,"column":null}},"type":"if","locations":[{"start":{"line":174,"column":4},"end":{"line":174,"column":null}},{"start":{},"end":{}}],"line":174},"21":{"loc":{"start":{"line":177,"column":10},"end":{"line":184,"column":null}},"type":"cond-expr","locations":[{"start":{"line":178,"column":10},"end":{"line":183,"column":null}},{"start":{"line":184,"column":10},"end":{"line":184,"column":null}}],"line":177},"22":{"loc":{"start":{"line":203,"column":20},"end":{"line":203,"column":null}},"type":"cond-expr","locations":[{"start":{"line":203,"column":56},"end":{"line":203,"column":77}},{"start":{"line":203,"column":77},"end":{"line":203,"column":null}}],"line":203},"23":{"loc":{"start":{"line":205,"column":69},"end":{"line":205,"column":94}},"type":"binary-expr","locations":[{"start":{"line":205,"column":69},"end":{"line":205,"column":90}},{"start":{"line":205,"column":90},"end":{"line":205,"column":94}}],"line":205},"24":{"loc":{"start":{"line":207,"column":4},"end":{"line":209,"column":null}},"type":"if","locations":[{"start":{"line":207,"column":4},"end":{"line":209,"column":null}},{"start":{},"end":{}}],"line":207},"25":{"loc":{"start":{"line":211,"column":7},"end":{"line":211,"column":null}},"type":"binary-expr","locations":[{"start":{"line":211,"column":7},"end":{"line":211,"column":37}},{"start":{"line":211,"column":37},"end":{"line":211,"column":null}}],"line":211},"26":{"loc":{"start":{"line":212,"column":7},"end":{"line":212,"column":null}},"type":"binary-expr","locations":[{"start":{"line":212,"column":7},"end":{"line":212,"column":38}},{"start":{"line":212,"column":38},"end":{"line":212,"column":null}}],"line":212},"27":{"loc":{"start":{"line":213,"column":7},"end":{"line":213,"column":null}},"type":"binary-expr","locations":[{"start":{"line":213,"column":7},"end":{"line":213,"column":41}},{"start":{"line":213,"column":41},"end":{"line":213,"column":null}}],"line":213},"28":{"loc":{"start":{"line":214,"column":7},"end":{"line":214,"column":null}},"type":"binary-expr","locations":[{"start":{"line":214,"column":7},"end":{"line":214,"column":43}},{"start":{"line":214,"column":43},"end":{"line":214,"column":null}}],"line":214},"29":{"loc":{"start":{"line":215,"column":7},"end":{"line":215,"column":null}},"type":"binary-expr","locations":[{"start":{"line":215,"column":7},"end":{"line":215,"column":44}},{"start":{"line":215,"column":44},"end":{"line":215,"column":null}}],"line":215},"30":{"loc":{"start":{"line":217,"column":16},"end":{"line":217,"column":null}},"type":"binary-expr","locations":[{"start":{"line":217,"column":16},"end":{"line":217,"column":55}},{"start":{"line":217,"column":55},"end":{"line":217,"column":null}}],"line":217},"31":{"loc":{"start":{"line":219,"column":23},"end":{"line":219,"column":null}},"type":"cond-expr","locations":[{"start":{"line":219,"column":45},"end":{"line":219,"column":100}},{"start":{"line":219,"column":100},"end":{"line":219,"column":null}}],"line":219},"32":{"loc":{"start":{"line":228,"column":11},"end":{"line":228,"column":null}},"type":"cond-expr","locations":[{"start":{"line":228,"column":47},"end":{"line":228,"column":95}},{"start":{"line":228,"column":95},"end":{"line":228,"column":null}}],"line":228},"33":{"loc":{"start":{"line":234,"column":20},"end":{"line":234,"column":null}},"type":"cond-expr","locations":[{"start":{"line":234,"column":56},"end":{"line":234,"column":77}},{"start":{"line":234,"column":77},"end":{"line":234,"column":null}}],"line":234},"34":{"loc":{"start":{"line":253,"column":18},"end":{"line":253,"column":null}},"type":"binary-expr","locations":[{"start":{"line":253,"column":18},"end":{"line":253,"column":46}},{"start":{"line":253,"column":46},"end":{"line":253,"column":null}}],"line":253},"35":{"loc":{"start":{"line":259,"column":21},"end":{"line":259,"column":null}},"type":"binary-expr","locations":[{"start":{"line":259,"column":21},"end":{"line":259,"column":36}},{"start":{"line":259,"column":36},"end":{"line":259,"column":null}}],"line":259}},"s":{"0":1,"1":0,"2":0,"3":0,"4":0,"5":0,"6":0,"7":0,"8":41,"9":41,"10":41,"11":41,"12":41,"13":41,"14":41,"15":41,"16":41,"17":41,"18":15,"19":41,"20":41,"21":41,"22":90,"23":41,"24":15,"25":8,"26":41,"27":41,"28":41,"29":0,"30":0,"31":0,"32":0,"33":0,"34":0,"35":0,"36":0,"37":0,"38":0,"39":0,"40":41,"41":0,"42":0,"43":0,"44":41,"45":0,"46":0,"47":0,"48":0,"49":41,"50":1,"51":1,"52":1,"53":1,"54":1,"55":1,"56":0,"57":1,"58":1,"59":1,"60":1,"61":0,"62":0,"63":1,"64":41,"65":1,"66":1,"67":0,"68":1,"69":1,"70":1,"71":0,"72":1,"73":1,"74":0,"75":0,"76":1,"77":0,"78":1,"79":0,"80":1,"81":41,"82":16,"83":16,"84":16,"85":1,"86":1,"87":16,"88":0,"89":16,"90":16,"91":16,"92":0,"93":16,"94":0,"95":16,"96":16,"97":41,"98":14,"99":1,"100":41,"101":14,"102":14,"103":14,"104":1,"105":14,"106":41},"f":{"0":0,"1":0,"2":0,"3":0,"4":41,"5":15,"6":90,"7":15,"8":8,"9":0,"10":0,"11":0,"12":0,"13":0,"14":0,"15":0,"16":1,"17":1,"18":1,"19":1,"20":0,"21":1,"22":1,"23":0,"24":16,"25":1,"26":1,"27":0,"28":0,"29":14,"30":1,"31":14},"b":{"0":[15,11],"1":[41,41],"2":[4,11],"3":[30,11],"4":[41,41],"5":[0,0],"6":[0,0],"7":[0,0],"8":[0,0],"9":[0,0],"10":[0,0],"11":[0,0],"12":[1,0],"13":[1,0],"14":[0,0],"15":[0,1],"16":[1,0],"17":[0,1],"18":[1,1],"19":[0,1],"20":[0,1],"21":[1,0],"22":[3,13],"23":[0,0],"24":[16,0],"25":[0,0],"26":[16,0],"27":[16,0],"28":[16,0],"29":[16,0],"30":[0,0],"31":[0,0],"32":[3,11],"33":[3,11],"34":[41,39],"35":[41,11]},"meta":{"lastBranch":36,"lastFunction":32,"lastStatement":107,"seen":{"s:16:22:22:Infinity":0,"f:16:22:16:23":0,"s:17:2:22:Infinity":1,"f:17:22:17:23":1,"s:18:19:18:Infinity":2,"s:19:4:19:Infinity":3,"f:19:20:19:26":2,"s:19:26:19:Infinity":4,"s:20:4:20:Infinity":5,"f:20:21:20:27":3,"s:20:27:20:Infinity":6,"s:21:4:21:Infinity":7,"f:29:16:29:29":4,"s:30:8:30:Infinity":8,"s:31:44:31:Infinity":9,"s:32:40:32:Infinity":10,"s:33:26:33:Infinity":11,"s:34:36:34:Infinity":12,"s:35:8:35:Infinity":13,"s:36:8:36:Infinity":14,"s:37:8:37:Infinity":15,"s:38:2:38:Infinity":16,"s:40:8:40:Infinity":17,"f:40:25:40:31":5,"s:40:31:40:63":18,"b:40:31:40:59:40:59:40:63":0,"s:41:25:41:Infinity":19,"s:42:24:42:Infinity":20,"b:42:24:42:43:42:43:42:Infinity":1,"s:43:24:43:Infinity":21,"f:43:36:43:37":6,"s:43:47:43:73":22,"s:45:8:48:Infinity":23,"f:46:4:46:11":7,"s:46:11:46:Infinity":24,"b:46:45:46:91:46:91:46:Infinity":2,"f:46:66:46:67":8,"s:46:77:46:87":25,"s:49:23:49:Infinity":26,"b:49:54:49:64:49:64:49:Infinity":3,"s:50:22:50:Infinity":27,"b:50:22:50:39:50:39:50:Infinity":4,"s:52:26:61:Infinity":28,"f:52:26:52:33":9,"b:53:4:53:Infinity:undefined:undefined:undefined:undefined":5,"s:53:4:53:Infinity":29,"b:53:8:53:18:53:18:53:38":6,"s:53:38:53:Infinity":30,"s:54:37:54:Infinity":31,"s:55:4:59:Infinity":32,"b:56:6:56:Infinity:undefined:undefined:undefined:undefined":7,"s:56:6:56:Infinity":33,"b:56:10:56:45:56:45:56:78":8,"s:56:78:56:Infinity":34,"s:57:22:57:Infinity":35,"s:58:6:58:Infinity":36,"b:60:4:60:Infinity:undefined:undefined:undefined:undefined":9,"s:60:4:60:Infinity":37,"s:60:25:60:Infinity":38,"f:60:40:60:41":10,"s:60:50:60:68":39,"s:63:29:65:Infinity":40,"f:63:29:63:30":11,"s:64:4:64:Infinity":41,"f:64:19:64:20":12,"s:64:29:64:66":42,"f:64:41:64:42":13,"s:64:51:64:65":43,"s:67:8:77:Infinity":44,"f:68:16:68:28":14,"s:69:23:71:Infinity":45,"s:72:6:72:Infinity":46,"b:72:13:72:30:72:30:72:Infinity":10,"f:74:15:74:16":15,"b:75:6:75:Infinity:undefined:undefined:undefined:undefined":11,"s:75:6:75:Infinity":47,"s:75:20:75:Infinity":48,"s:79:8:158:Infinity":49,"f:80:16:80:23":16,"s:94:6:103:Infinity":50,"f:104:14:104:21":17,"s:105:6:105:Infinity":51,"s:106:31:106:Infinity":52,"s:108:32:129:Infinity":53,"f:108:52:108:57":18,"b:109:8:118:Infinity:undefined:undefined:undefined:undefined":12,"s:109:8:118:Infinity":54,"s:110:10:117:Infinity":55,"s:119:8:128:Infinity":56,"s:131:42:144:Infinity":57,"s:146:6:146:Infinity":58,"f:146:79:146:80":19,"s:146:89:146:121":59,"b:146:94:146:102:146:102:146:107":13,"s:148:6:148:Infinity":60,"f:150:13:150:14":20,"b:151:6:153:Infinity:undefined:undefined:undefined:undefined":14,"s:151:6:153:Infinity":61,"s:152:8:152:Infinity":62,"f:155:15:155:16":21,"s:156:6:156:Infinity":63,"s:160:22:199:Infinity":64,"f:160:22:160:34":22,"s:161:17:161:Infinity":65,"b:162:4:162:Infinity:undefined:undefined:undefined:undefined":15,"s:162:4:162:Infinity":66,"b:162:8:162:17:162:17:162:43":16,"s:162:43:162:Infinity":67,"s:164:4:164:Infinity":68,"s:165:4:165:Infinity":69,"b:167:4:167:Infinity:undefined:undefined:undefined:undefined":17,"s:167:4:167:Infinity":70,"b:167:8:167:26:167:26:167:40":18,"s:167:40:167:Infinity":71,"s:169:26:169:Infinity":72,"b:170:4:173:Infinity:undefined:undefined:undefined:undefined":19,"s:170:4:173:Infinity":73,"s:171:22:171:Infinity":74,"s:172:6:172:Infinity":75,"b:174:4:174:Infinity:undefined:undefined:undefined:undefined":20,"s:174:4:174:Infinity":76,"s:174:26:174:Infinity":77,"s:176:23:191:Infinity":78,"b:178:10:183:Infinity:184:10:184:Infinity":21,"f:185:25:185:26":23,"s:185:36:190:8":79,"s:193:4:198:Infinity":80,"s:201:8:225:Infinity":81,"f:201:24:201:30":24,"s:202:22:202:Infinity":82,"s:203:20:203:Infinity":83,"b:203:56:203:77:203:77:203:Infinity":22,"s:204:30:204:Infinity":84,"f:204:42:204:43":25,"s:204:53:204:63":85,"f:204:72:204:73":26,"s:204:82:204:107":86,"s:205:22:205:Infinity":87,"f:205:47:205:48":27,"s:205:62:205:94":88,"b:205:69:205:90:205:90:205:94":23,"s:206:17:206:Infinity":89,"b:207:4:209:Infinity:undefined:undefined:undefined:undefined":24,"s:207:4:209:Infinity":90,"s:208:6:208:Infinity":91,"s:210:10:215:Infinity":92,"b:211:7:211:37:211:37:211:Infinity":25,"b:212:7:212:38:212:38:212:Infinity":26,"b:213:7:213:41:213:41:213:Infinity":27,"b:214:7:214:43:214:43:214:Infinity":28,"b:215:7:215:44:215:44:215:Infinity":29,"s:216:18:218:Infinity":93,"f:217:6:217:7":28,"s:217:16:217:Infinity":94,"b:217:16:217:55:217:55:217:Infinity":30,"s:219:23:219:Infinity":95,"b:219:45:219:100:219:100:219:Infinity":31,"s:220:4:224:Infinity":96,"s:227:8:230:Infinity":97,"f:228:4:228:11":29,"s:228:11:228:Infinity":98,"b:228:47:228:95:228:95:228:Infinity":32,"f:228:70:228:71":30,"s:228:81:228:91":99,"s:232:8:239:Infinity":100,"f:232:48:232:54":31,"s:233:40:233:Infinity":101,"s:234:20:234:Infinity":102,"b:234:56:234:77:234:77:234:Infinity":33,"s:235:4:237:Infinity":103,"s:236:6:236:Infinity":104,"s:238:4:238:Infinity":105,"s:241:2:274:Infinity":106,"b:253:18:253:46:253:46:253:Infinity":34,"b:259:21:259:36:259:36:259:Infinity":35}}}
,"/Users/Shared/dev/openspace/openspace-client/src/components/AgentSelector.tsx": {"path":"/Users/Shared/dev/openspace/openspace-client/src/components/AgentSelector.tsx","statementMap":{"0":{"start":{"line":11,"column":19},"end":{"line":11,"column":null}},"1":{"start":{"line":13,"column":2},"end":{"line":46,"column":null}},"2":{"start":{"line":33,"column":14},"end":{"line":41,"column":null}},"3":{"start":{"line":37,"column":31},"end":{"line":37,"column":null}}},"fnMap":{"0":{"name":"AgentSelector","decl":{"start":{"line":10,"column":16},"end":{"line":10,"column":30}},"loc":{"start":{"line":10,"column":79},"end":{"line":48,"column":null}},"line":10},"1":{"name":"(anonymous_1)","decl":{"start":{"line":32,"column":24},"end":{"line":32,"column":25}},"loc":{"start":{"line":33,"column":14},"end":{"line":41,"column":null}},"line":33},"2":{"name":"(anonymous_2)","decl":{"start":{"line":37,"column":25},"end":{"line":37,"column":31}},"loc":{"start":{"line":37,"column":31},"end":{"line":37,"column":null}},"line":37}},"branchMap":{"0":{"loc":{"start":{"line":39,"column":33},"end":{"line":39,"column":95}},"type":"cond-expr","locations":[{"start":{"line":39,"column":51},"end":{"line":39,"column":80}},{"start":{"line":39,"column":80},"end":{"line":39,"column":95}}],"line":39},"1":{"loc":{"start":{"line":40,"column":17},"end":{"line":40,"column":null}},"type":"binary-expr","locations":[{"start":{"line":40,"column":17},"end":{"line":40,"column":36}},{"start":{"line":40,"column":36},"end":{"line":40,"column":null}}],"line":40}},"s":{"0":50,"1":50,"2":93,"3":1},"f":{"0":50,"1":93,"2":1},"b":{"0":[39,54],"1":[93,39]},"meta":{"lastBranch":2,"lastFunction":3,"lastStatement":4,"seen":{"f:10:16:10:30":0,"s:11:19:11:Infinity":0,"s:13:2:46:Infinity":1,"f:32:24:32:25":1,"s:33:14:41:Infinity":2,"f:37:25:37:31":2,"s:37:31:37:Infinity":3,"b:39:51:39:80:39:80:39:95":0,"b:40:17:40:36:40:36:40:Infinity":1}}}
,"/Users/Shared/dev/openspace/openspace-client/src/components/ConnectionStatus.tsx": {"path":"/Users/Shared/dev/openspace/openspace-client/src/components/ConnectionStatus.tsx","statementMap":{"0":{"start":{"line":10,"column":2},"end":{"line":35,"column":null}}},"fnMap":{"0":{"name":"ConnectionStatus","decl":{"start":{"line":9,"column":16},"end":{"line":9,"column":33}},"loc":{"start":{"line":9,"column":90},"end":{"line":37,"column":null}},"line":9}},"branchMap":{"0":{"loc":{"start":{"line":15,"column":10},"end":{"line":15,"column":null}},"type":"cond-expr","locations":[{"start":{"line":15,"column":22},"end":{"line":15,"column":58}},{"start":{"line":15,"column":58},"end":{"line":15,"column":null}}],"line":15},"1":{"loc":{"start":{"line":21,"column":12},"end":{"line":21,"column":null}},"type":"cond-expr","locations":[{"start":{"line":21,"column":24},"end":{"line":21,"column":43}},{"start":{"line":21,"column":43},"end":{"line":21,"column":null}}],"line":21},"2":{"loc":{"start":{"line":24,"column":9},"end":{"line":24,"column":null}},"type":"cond-expr","locations":[{"start":{"line":24,"column":20},"end":{"line":24,"column":33}},{"start":{"line":24,"column":33},"end":{"line":24,"column":null}}],"line":24},"3":{"loc":{"start":{"line":24,"column":33},"end":{"line":24,"column":null}},"type":"cond-expr","locations":[{"start":{"line":24,"column":45},"end":{"line":24,"column":59}},{"start":{"line":24,"column":59},"end":{"line":24,"column":null}}],"line":24},"4":{"loc":{"start":{"line":26,"column":7},"end":{"line":33,"column":null}},"type":"binary-expr","locations":[{"start":{"line":26,"column":7},"end":{"line":26,"column":null}},{"start":{"line":27,"column":8},"end":{"line":33,"column":null}}],"line":26}},"s":{"0":8},"f":{"0":8},"b":{"0":[4,4],"1":[4,4],"2":[1,7],"3":[4,3],"4":[8,4]},"meta":{"lastBranch":5,"lastFunction":1,"lastStatement":1,"seen":{"f:9:16:9:33":0,"s:10:2:35:Infinity":0,"b:15:22:15:58:15:58:15:Infinity":0,"b:21:24:21:43:21:43:21:Infinity":1,"b:24:20:24:33:24:33:24:Infinity":2,"b:24:45:24:59:24:59:24:Infinity":3,"b:26:7:26:Infinity:27:8:33:Infinity":4}}}
,"/Users/Shared/dev/openspace/openspace-client/src/components/ContextMeter.tsx": {"path":"/Users/Shared/dev/openspace/openspace-client/src/components/ContextMeter.tsx","statementMap":{"0":{"start":{"line":10,"column":16},"end":{"line":10,"column":null}},"1":{"start":{"line":11,"column":17},"end":{"line":11,"column":null}},"2":{"start":{"line":12,"column":24},"end":{"line":12,"column":null}},"3":{"start":{"line":13,"column":17},"end":{"line":13,"column":null}},"4":{"start":{"line":15,"column":2},"end":{"line":70,"column":null}}},"fnMap":{"0":{"name":"ContextMeter","decl":{"start":{"line":9,"column":16},"end":{"line":9,"column":29}},"loc":{"start":{"line":9,"column":78},"end":{"line":72,"column":null}},"line":9}},"branchMap":{"0":{"loc":{"start":{"line":10,"column":16},"end":{"line":10,"column":null}},"type":"binary-expr","locations":[{"start":{"line":10,"column":16},"end":{"line":10,"column":30}},{"start":{"line":10,"column":30},"end":{"line":10,"column":null}}],"line":10}},"s":{"0":57,"1":57,"2":57,"3":57,"4":57},"f":{"0":57},"b":{"0":[57,2]},"meta":{"lastBranch":1,"lastFunction":1,"lastStatement":5,"seen":{"f:9:16:9:29":0,"s:10:16:10:Infinity":0,"b:10:16:10:30:10:30:10:Infinity":0,"s:11:17:11:Infinity":1,"s:12:24:12:Infinity":2,"s:13:17:13:Infinity":3,"s:15:2:70:Infinity":4}}}
,"/Users/Shared/dev/openspace/openspace-client/src/components/DialogConnectProvider.tsx": {"path":"/Users/Shared/dev/openspace/openspace-client/src/components/DialogConnectProvider.tsx","statementMap":{"0":{"start":{"line":16,"column":26},"end":{"line":16,"column":null}},"1":{"start":{"line":17,"column":22},"end":{"line":17,"column":null}},"2":{"start":{"line":18,"column":8},"end":{"line":18,"column":null}},"3":{"start":{"line":19,"column":26},"end":{"line":19,"column":null}},"4":{"start":{"line":21,"column":8},"end":{"line":21,"column":null}},"5":{"start":{"line":21,"column":33},"end":{"line":21,"column":82}},"6":{"start":{"line":21,"column":60},"end":{"line":21,"column":79}},"7":{"start":{"line":23,"column":8},"end":{"line":38,"column":null}},"8":{"start":{"line":25,"column":6},"end":{"line":31,"column":null}},"9":{"start":{"line":34,"column":6},"end":{"line":34,"column":null}},"10":{"start":{"line":35,"column":6},"end":{"line":35,"column":null}},"11":{"start":{"line":36,"column":6},"end":{"line":36,"column":null}},"12":{"start":{"line":40,"column":23},"end":{"line":44,"column":null}},"13":{"start":{"line":41,"column":4},"end":{"line":41,"column":null}},"14":{"start":{"line":42,"column":4},"end":{"line":42,"column":null}},"15":{"start":{"line":42,"column":24},"end":{"line":42,"column":null}},"16":{"start":{"line":43,"column":4},"end":{"line":43,"column":null}},"17":{"start":{"line":46,"column":2},"end":{"line":46,"column":null}},"18":{"start":{"line":46,"column":17},"end":{"line":46,"column":null}},"19":{"start":{"line":48,"column":2},"end":{"line":107,"column":null}},"20":{"start":{"line":52,"column":25},"end":{"line":52,"column":null}},"21":{"start":{"line":81,"column":33},"end":{"line":81,"column":null}}},"fnMap":{"0":{"name":"DialogConnectProvider","decl":{"start":{"line":15,"column":16},"end":{"line":15,"column":38}},"loc":{"start":{"line":15,"column":82},"end":{"line":109,"column":null}},"line":15},"1":{"name":"(anonymous_1)","decl":{"start":{"line":21,"column":27},"end":{"line":21,"column":33}},"loc":{"start":{"line":21,"column":33},"end":{"line":21,"column":82}},"line":21},"2":{"name":"(anonymous_2)","decl":{"start":{"line":21,"column":53},"end":{"line":21,"column":54}},"loc":{"start":{"line":21,"column":60},"end":{"line":21,"column":79}},"line":21},"3":{"name":"(anonymous_3)","decl":{"start":{"line":24,"column":16},"end":{"line":24,"column":23}},"loc":{"start":{"line":24,"column":39},"end":{"line":32,"column":null}},"line":24},"4":{"name":"(anonymous_4)","decl":{"start":{"line":33,"column":15},"end":{"line":33,"column":21}},"loc":{"start":{"line":33,"column":21},"end":{"line":37,"column":null}},"line":33},"5":{"name":"(anonymous_5)","decl":{"start":{"line":40,"column":23},"end":{"line":40,"column":24}},"loc":{"start":{"line":40,"column":47},"end":{"line":44,"column":null}},"line":40},"6":{"name":"(anonymous_6)","decl":{"start":{"line":52,"column":19},"end":{"line":52,"column":25}},"loc":{"start":{"line":52,"column":25},"end":{"line":52,"column":null}},"line":52},"7":{"name":"(anonymous_7)","decl":{"start":{"line":81,"column":26},"end":{"line":81,"column":27}},"loc":{"start":{"line":81,"column":33},"end":{"line":81,"column":null}},"line":81}},"branchMap":{"0":{"loc":{"start":{"line":42,"column":4},"end":{"line":42,"column":null}},"type":"if","locations":[{"start":{"line":42,"column":4},"end":{"line":42,"column":null}},{"start":{},"end":{}}],"line":42},"1":{"loc":{"start":{"line":46,"column":2},"end":{"line":46,"column":null}},"type":"if","locations":[{"start":{"line":46,"column":2},"end":{"line":46,"column":null}},{"start":{},"end":{}}],"line":46},"2":{"loc":{"start":{"line":92,"column":24},"end":{"line":92,"column":null}},"type":"binary-expr","locations":[{"start":{"line":92,"column":24},"end":{"line":92,"column":53}},{"start":{"line":92,"column":53},"end":{"line":92,"column":null}}],"line":92},"3":{"loc":{"start":{"line":95,"column":15},"end":{"line":101,"column":null}},"type":"cond-expr","locations":[{"start":{"line":96,"column":16},"end":{"line":99,"column":null}},{"start":{"line":101,"column":16},"end":{"line":101,"column":null}}],"line":95}},"s":{"0":0,"1":0,"2":0,"3":0,"4":0,"5":0,"6":0,"7":0,"8":0,"9":0,"10":0,"11":0,"12":0,"13":0,"14":0,"15":0,"16":0,"17":0,"18":0,"19":0,"20":0,"21":0},"f":{"0":0,"1":0,"2":0,"3":0,"4":0,"5":0,"6":0,"7":0},"b":{"0":[0,0],"1":[0,0],"2":[0,0],"3":[0,0]},"meta":{"lastBranch":4,"lastFunction":8,"lastStatement":22,"seen":{"f:15:16:15:38":0,"s:16:26:16:Infinity":0,"s:17:22:17:Infinity":1,"s:18:8:18:Infinity":2,"s:19:26:19:Infinity":3,"s:21:8:21:Infinity":4,"f:21:27:21:33":1,"s:21:33:21:82":5,"f:21:53:21:54":2,"s:21:60:21:79":6,"s:23:8:38:Infinity":7,"f:24:16:24:23":3,"s:25:6:31:Infinity":8,"f:33:15:33:21":4,"s:34:6:34:Infinity":9,"s:35:6:35:Infinity":10,"s:36:6:36:Infinity":11,"s:40:23:44:Infinity":12,"f:40:23:40:24":5,"s:41:4:41:Infinity":13,"b:42:4:42:Infinity:undefined:undefined:undefined:undefined":0,"s:42:4:42:Infinity":14,"s:42:24:42:Infinity":15,"s:43:4:43:Infinity":16,"b:46:2:46:Infinity:undefined:undefined:undefined:undefined":1,"s:46:2:46:Infinity":17,"s:46:17:46:Infinity":18,"s:48:2:107:Infinity":19,"f:52:19:52:25":6,"s:52:25:52:Infinity":20,"f:81:26:81:27":7,"s:81:33:81:Infinity":21,"b:92:24:92:53:92:53:92:Infinity":2,"b:96:16:99:Infinity:101:16:101:Infinity":3}}}
,"/Users/Shared/dev/openspace/openspace-client/src/components/DialogSelectDirectory.tsx": {"path":"/Users/Shared/dev/openspace/openspace-client/src/components/DialogSelectDirectory.tsx","statementMap":{"0":{"start":{"line":13,"column":25},"end":{"line":13,"column":null}},"1":{"start":{"line":14,"column":16},"end":{"line":14,"column":null}},"2":{"start":{"line":15,"column":34},"end":{"line":15,"column":null}},"3":{"start":{"line":16,"column":24},"end":{"line":16,"column":null}},"4":{"start":{"line":17,"column":28},"end":{"line":17,"column":null}},"5":{"start":{"line":18,"column":26},"end":{"line":18,"column":null}},"6":{"start":{"line":20,"column":2},"end":{"line":24,"column":null}},"7":{"start":{"line":21,"column":4},"end":{"line":23,"column":null}},"8":{"start":{"line":22,"column":6},"end":{"line":22,"column":null}},"9":{"start":{"line":26,"column":2},"end":{"line":46,"column":null}},"10":{"start":{"line":27,"column":4},"end":{"line":27,"column":null}},"11":{"start":{"line":27,"column":21},"end":{"line":27,"column":null}},"12":{"start":{"line":29,"column":17},"end":{"line":29,"column":null}},"13":{"start":{"line":30,"column":4},"end":{"line":30,"column":null}},"14":{"start":{"line":32,"column":4},"end":{"line":43,"column":null}},"15":{"start":{"line":34,"column":8},"end":{"line":34,"column":null}},"16":{"start":{"line":34,"column":21},"end":{"line":34,"column":null}},"17":{"start":{"line":35,"column":14},"end":{"line":38,"column":null}},"18":{"start":{"line":36,"column":23},"end":{"line":36,"column":45}},"19":{"start":{"line":37,"column":21},"end":{"line":37,"column":60}},"20":{"start":{"line":38,"column":26},"end":{"line":38,"column":54}},"21":{"start":{"line":39,"column":8},"end":{"line":39,"column":null}},"22":{"start":{"line":42,"column":8},"end":{"line":42,"column":null}},"23":{"start":{"line":42,"column":20},"end":{"line":42,"column":null}},"24":{"start":{"line":45,"column":4},"end":{"line":45,"column":null}},"25":{"start":{"line":45,"column":19},"end":{"line":45,"column":34}},"26":{"start":{"line":48,"column":19},"end":{"line":51,"column":null}},"27":{"start":{"line":49,"column":4},"end":{"line":50,"column":null}},"28":{"start":{"line":53,"column":23},"end":{"line":56,"column":null}},"29":{"start":{"line":54,"column":4},"end":{"line":54,"column":null}},"30":{"start":{"line":55,"column":4},"end":{"line":55,"column":null}},"31":{"start":{"line":58,"column":21},"end":{"line":64,"column":null}},"32":{"start":{"line":59,"column":18},"end":{"line":59,"column":null}},"33":{"start":{"line":60,"column":4},"end":{"line":63,"column":null}},"34":{"start":{"line":61,"column":6},"end":{"line":61,"column":null}},"35":{"start":{"line":62,"column":6},"end":{"line":62,"column":null}},"36":{"start":{"line":66,"column":2},"end":{"line":150,"column":null}},"37":{"start":{"line":77,"column":27},"end":{"line":77,"column":null}},"38":{"start":{"line":110,"column":18},"end":{"line":131,"column":null}},"39":{"start":{"line":113,"column":35},"end":{"line":113,"column":null}},"40":{"start":{"line":122,"column":26},"end":{"line":122,"column":null}},"41":{"start":{"line":123,"column":26},"end":{"line":123,"column":null}},"42":{"start":{"line":144,"column":25},"end":{"line":144,"column":null}}},"fnMap":{"0":{"name":"DialogSelectDirectory","decl":{"start":{"line":12,"column":16},"end":{"line":12,"column":38}},"loc":{"start":{"line":12,"column":80},"end":{"line":152,"column":null}},"line":12},"1":{"name":"(anonymous_1)","decl":{"start":{"line":20,"column":12},"end":{"line":20,"column":18}},"loc":{"start":{"line":20,"column":18},"end":{"line":24,"column":5}},"line":20},"2":{"name":"(anonymous_2)","decl":{"start":{"line":26,"column":12},"end":{"line":26,"column":18}},"loc":{"start":{"line":26,"column":18},"end":{"line":46,"column":5}},"line":26},"3":{"name":"(anonymous_3)","decl":{"start":{"line":33,"column":12},"end":{"line":33,"column":24}},"loc":{"start":{"line":33,"column":24},"end":{"line":40,"column":7}},"line":33},"4":{"name":"(anonymous_4)","decl":{"start":{"line":36,"column":18},"end":{"line":36,"column":23}},"loc":{"start":{"line":36,"column":23},"end":{"line":36,"column":45}},"line":36},"5":{"name":"(anonymous_5)","decl":{"start":{"line":37,"column":15},"end":{"line":37,"column":21}},"loc":{"start":{"line":37,"column":21},"end":{"line":37,"column":60}},"line":37},"6":{"name":"(anonymous_6)","decl":{"start":{"line":38,"column":16},"end":{"line":38,"column":17}},"loc":{"start":{"line":38,"column":26},"end":{"line":38,"column":54}},"line":38},"7":{"name":"(anonymous_7)","decl":{"start":{"line":41,"column":15},"end":{"line":41,"column":21}},"loc":{"start":{"line":41,"column":21},"end":{"line":43,"column":7}},"line":41},"8":{"name":"(anonymous_8)","decl":{"start":{"line":45,"column":11},"end":{"line":45,"column":17}},"loc":{"start":{"line":45,"column":17},"end":{"line":45,"column":null}},"line":45},"9":{"name":"(anonymous_9)","decl":{"start":{"line":48,"column":32},"end":{"line":48,"column":null}},"loc":{"start":{"line":49,"column":4},"end":{"line":50,"column":null}},"line":49},"10":{"name":"(anonymous_10)","decl":{"start":{"line":53,"column":23},"end":{"line":53,"column":24}},"loc":{"start":{"line":53,"column":41},"end":{"line":56,"column":null}},"line":53},"11":{"name":"(anonymous_11)","decl":{"start":{"line":58,"column":21},"end":{"line":58,"column":27}},"loc":{"start":{"line":58,"column":27},"end":{"line":64,"column":null}},"line":58},"12":{"name":"(anonymous_12)","decl":{"start":{"line":77,"column":20},"end":{"line":77,"column":21}},"loc":{"start":{"line":77,"column":27},"end":{"line":77,"column":null}},"line":77},"13":{"name":"(anonymous_13)","decl":{"start":{"line":109,"column":30},"end":{"line":109,"column":31}},"loc":{"start":{"line":110,"column":18},"end":{"line":131,"column":null}},"line":110},"14":{"name":"(anonymous_14)","decl":{"start":{"line":113,"column":29},"end":{"line":113,"column":35}},"loc":{"start":{"line":113,"column":35},"end":{"line":113,"column":null}},"line":113},"15":{"name":"(anonymous_15)","decl":{"start":{"line":121,"column":33},"end":{"line":121,"column":34}},"loc":{"start":{"line":121,"column":40},"end":{"line":124,"column":null}},"line":121},"16":{"name":"(anonymous_16)","decl":{"start":{"line":144,"column":19},"end":{"line":144,"column":25}},"loc":{"start":{"line":144,"column":25},"end":{"line":144,"column":null}},"line":144}},"branchMap":{"0":{"loc":{"start":{"line":21,"column":4},"end":{"line":23,"column":null}},"type":"if","locations":[{"start":{"line":21,"column":4},"end":{"line":23,"column":null}},{"start":{},"end":{}}],"line":21},"1":{"loc":{"start":{"line":27,"column":4},"end":{"line":27,"column":null}},"type":"if","locations":[{"start":{"line":27,"column":4},"end":{"line":27,"column":null}},{"start":{},"end":{}}],"line":27},"2":{"loc":{"start":{"line":34,"column":8},"end":{"line":34,"column":null}},"type":"if","locations":[{"start":{"line":34,"column":8},"end":{"line":34,"column":null}},{"start":{},"end":{}}],"line":34},"3":{"loc":{"start":{"line":35,"column":22},"end":{"line":35,"column":null}},"type":"binary-expr","locations":[{"start":{"line":35,"column":22},"end":{"line":35,"column":39}},{"start":{"line":35,"column":39},"end":{"line":35,"column":null}}],"line":35},"4":{"loc":{"start":{"line":42,"column":8},"end":{"line":42,"column":null}},"type":"if","locations":[{"start":{"line":42,"column":8},"end":{"line":42,"column":null}},{"start":{},"end":{}}],"line":42},"5":{"loc":{"start":{"line":49,"column":4},"end":{"line":50,"column":null}},"type":"binary-expr","locations":[{"start":{"line":49,"column":4},"end":{"line":49,"column":null}},{"start":{"line":50,"column":4},"end":{"line":50,"column":null}}],"line":49},"6":{"loc":{"start":{"line":60,"column":4},"end":{"line":63,"column":null}},"type":"if","locations":[{"start":{"line":60,"column":4},"end":{"line":63,"column":null}},{"start":{},"end":{}}],"line":60},"7":{"loc":{"start":{"line":62,"column":20},"end":{"line":62,"column":42}},"type":"binary-expr","locations":[{"start":{"line":62,"column":20},"end":{"line":62,"column":39}},{"start":{"line":62,"column":39},"end":{"line":62,"column":42}}],"line":62},"8":{"loc":{"start":{"line":99,"column":13},"end":{"line":133,"column":null}},"type":"cond-expr","locations":[{"start":{"line":100,"column":14},"end":{"line":102,"column":null}},{"start":{"line":103,"column":16},"end":{"line":133,"column":null}}],"line":99},"9":{"loc":{"start":{"line":99,"column":13},"end":{"line":99,"column":null}},"type":"binary-expr","locations":[{"start":{"line":99,"column":13},"end":{"line":99,"column":24}},{"start":{"line":99,"column":24},"end":{"line":99,"column":null}}],"line":99},"10":{"loc":{"start":{"line":103,"column":16},"end":{"line":133,"column":null}},"type":"cond-expr","locations":[{"start":{"line":104,"column":14},"end":{"line":106,"column":null}},{"start":{"line":108,"column":14},"end":{"line":133,"column":null}}],"line":103}},"s":{"0":0,"1":0,"2":0,"3":0,"4":0,"5":0,"6":0,"7":0,"8":0,"9":0,"10":0,"11":0,"12":0,"13":0,"14":0,"15":0,"16":0,"17":0,"18":0,"19":0,"20":0,"21":0,"22":0,"23":0,"24":0,"25":0,"26":0,"27":0,"28":0,"29":0,"30":0,"31":0,"32":0,"33":0,"34":0,"35":0,"36":0,"37":0,"38":0,"39":0,"40":0,"41":0,"42":0},"f":{"0":0,"1":0,"2":0,"3":0,"4":0,"5":0,"6":0,"7":0,"8":0,"9":0,"10":0,"11":0,"12":0,"13":0,"14":0,"15":0,"16":0},"b":{"0":[0,0],"1":[0,0],"2":[0,0],"3":[0,0],"4":[0,0],"5":[0,0],"6":[0,0],"7":[0,0],"8":[0,0],"9":[0,0],"10":[0,0]},"meta":{"lastBranch":11,"lastFunction":17,"lastStatement":43,"seen":{"f:12:16:12:38":0,"s:13:25:13:Infinity":0,"s:14:16:14:Infinity":1,"s:15:34:15:Infinity":2,"s:16:24:16:Infinity":3,"s:17:28:17:Infinity":4,"s:18:26:18:Infinity":5,"s:20:2:24:Infinity":6,"f:20:12:20:18":1,"b:21:4:23:Infinity:undefined:undefined:undefined:undefined":0,"s:21:4:23:Infinity":7,"s:22:6:22:Infinity":8,"s:26:2:46:Infinity":9,"f:26:12:26:18":2,"b:27:4:27:Infinity:undefined:undefined:undefined:undefined":1,"s:27:4:27:Infinity":10,"s:27:21:27:Infinity":11,"s:29:17:29:Infinity":12,"s:30:4:30:Infinity":13,"s:32:4:43:Infinity":14,"f:33:12:33:24":3,"b:34:8:34:Infinity:undefined:undefined:undefined:undefined":2,"s:34:8:34:Infinity":15,"s:34:21:34:Infinity":16,"s:35:14:38:Infinity":17,"b:35:22:35:39:35:39:35:Infinity":3,"f:36:18:36:23":4,"s:36:23:36:45":18,"f:37:15:37:21":5,"s:37:21:37:60":19,"f:38:16:38:17":6,"s:38:26:38:54":20,"s:39:8:39:Infinity":21,"f:41:15:41:21":7,"b:42:8:42:Infinity:undefined:undefined:undefined:undefined":4,"s:42:8:42:Infinity":22,"s:42:20:42:Infinity":23,"s:45:4:45:Infinity":24,"f:45:11:45:17":8,"s:45:19:45:34":25,"s:48:19:51:Infinity":26,"f:48:32:48:Infinity":9,"s:49:4:50:Infinity":27,"b:49:4:49:Infinity:50:4:50:Infinity":5,"s:53:23:56:Infinity":28,"f:53:23:53:24":10,"s:54:4:54:Infinity":29,"s:55:4:55:Infinity":30,"s:58:21:64:Infinity":31,"f:58:21:58:27":11,"s:59:18:59:Infinity":32,"b:60:4:63:Infinity:undefined:undefined:undefined:undefined":6,"s:60:4:63:Infinity":33,"s:61:6:61:Infinity":34,"s:62:6:62:Infinity":35,"b:62:20:62:39:62:39:62:42":7,"s:66:2:150:Infinity":36,"f:77:20:77:21":12,"s:77:27:77:Infinity":37,"b:100:14:102:Infinity:103:16:133:Infinity":8,"b:99:13:99:24:99:24:99:Infinity":9,"b:104:14:106:Infinity:108:14:133:Infinity":10,"f:109:30:109:31":13,"s:110:18:131:Infinity":38,"f:113:29:113:35":14,"s:113:35:113:Infinity":39,"f:121:33:121:34":15,"s:122:26:122:Infinity":40,"s:123:26:123:Infinity":41,"f:144:19:144:25":16,"s:144:25:144:Infinity":42}}}
,"/Users/Shared/dev/openspace/openspace-client/src/components/DialogSelectProvider.tsx": {"path":"/Users/Shared/dev/openspace/openspace-client/src/components/DialogSelectProvider.tsx","statementMap":{"0":{"start":{"line":7,"column":37},"end":{"line":7,"column":null}},"1":{"start":{"line":8,"column":15},"end":{"line":8,"column":null}},"2":{"start":{"line":10,"column":2},"end":{"line":12,"column":null}},"3":{"start":{"line":11,"column":4},"end":{"line":11,"column":null}},"4":{"start":{"line":14,"column":14},"end":{"line":14,"column":null}},"5":{"start":{"line":15,"column":20},"end":{"line":15,"column":null}},"6":{"start":{"line":17,"column":2},"end":{"line":49,"column":null}},"7":{"start":{"line":26,"column":30},"end":{"line":26,"column":null}},"8":{"start":{"line":27,"column":10},"end":{"line":45,"column":null}},"9":{"start":{"line":30,"column":29},"end":{"line":30,"column":null}}},"fnMap":{"0":{"name":"DialogSelectProvider","decl":{"start":{"line":6,"column":16},"end":{"line":6,"column":39}},"loc":{"start":{"line":6,"column":39},"end":{"line":51,"column":null}},"line":6},"1":{"name":"(anonymous_1)","decl":{"start":{"line":25,"column":17},"end":{"line":25,"column":18}},"loc":{"start":{"line":25,"column":31},"end":{"line":47,"column":9}},"line":25},"2":{"name":"(anonymous_2)","decl":{"start":{"line":30,"column":23},"end":{"line":30,"column":29}},"loc":{"start":{"line":30,"column":29},"end":{"line":30,"column":null}},"line":30}},"branchMap":{"0":{"loc":{"start":{"line":10,"column":2},"end":{"line":12,"column":null}},"type":"if","locations":[{"start":{"line":10,"column":2},"end":{"line":12,"column":null}},{"start":{},"end":{}}],"line":10},"1":{"loc":{"start":{"line":14,"column":14},"end":{"line":14,"column":null}},"type":"binary-expr","locations":[{"start":{"line":14,"column":14},"end":{"line":14,"column":32}},{"start":{"line":14,"column":32},"end":{"line":14,"column":null}}],"line":14},"2":{"loc":{"start":{"line":15,"column":20},"end":{"line":15,"column":null}},"type":"binary-expr","locations":[{"start":{"line":15,"column":20},"end":{"line":15,"column":44}},{"start":{"line":15,"column":44},"end":{"line":15,"column":null}}],"line":15},"3":{"loc":{"start":{"line":39,"column":19},"end":{"line":40,"column":null}},"type":"binary-expr","locations":[{"start":{"line":39,"column":19},"end":{"line":39,"column":null}},{"start":{"line":40,"column":20},"end":{"line":40,"column":null}}],"line":39}},"s":{"0":0,"1":0,"2":0,"3":0,"4":0,"5":0,"6":0,"7":0,"8":0,"9":0},"f":{"0":0,"1":0,"2":0},"b":{"0":[0,0],"1":[0,0],"2":[0,0],"3":[0,0]},"meta":{"lastBranch":4,"lastFunction":3,"lastStatement":10,"seen":{"f:6:16:6:39":0,"s:7:37:7:Infinity":0,"s:8:15:8:Infinity":1,"b:10:2:12:Infinity:undefined:undefined:undefined:undefined":0,"s:10:2:12:Infinity":2,"s:11:4:11:Infinity":3,"s:14:14:14:Infinity":4,"b:14:14:14:32:14:32:14:Infinity":1,"s:15:20:15:Infinity":5,"b:15:20:15:44:15:44:15:Infinity":2,"s:17:2:49:Infinity":6,"f:25:17:25:18":1,"s:26:30:26:Infinity":7,"s:27:10:45:Infinity":8,"f:30:23:30:29":2,"s:30:29:30:Infinity":9,"b:39:19:39:Infinity:40:20:40:Infinity":3}}}
,"/Users/Shared/dev/openspace/openspace-client/src/components/FileTree.tsx": {"path":"/Users/Shared/dev/openspace/openspace-client/src/components/FileTree.tsx","statementMap":{"0":{"start":{"line":10,"column":2},"end":{"line":10,"column":null}},"1":{"start":{"line":20,"column":24},"end":{"line":24,"column":null}},"2":{"start":{"line":25,"column":8},"end":{"line":25,"column":null}},"3":{"start":{"line":26,"column":8},"end":{"line":26,"column":null}},"4":{"start":{"line":27,"column":8},"end":{"line":27,"column":null}},"5":{"start":{"line":29,"column":8},"end":{"line":62,"column":null}},"6":{"start":{"line":30,"column":4},"end":{"line":30,"column":null}},"7":{"start":{"line":30,"column":69},"end":{"line":30,"column":null}},"8":{"start":{"line":32,"column":4},"end":{"line":32,"column":null}},"9":{"start":{"line":33,"column":4},"end":{"line":36,"column":null}},"10":{"start":{"line":33,"column":24},"end":{"line":36,"column":6}},"11":{"start":{"line":37,"column":4},"end":{"line":61,"column":null}},"12":{"start":{"line":38,"column":23},"end":{"line":41,"column":null}},"13":{"start":{"line":42,"column":19},"end":{"line":42,"column":null}},"14":{"start":{"line":43,"column":6},"end":{"line":43,"column":null}},"15":{"start":{"line":44,"column":6},"end":{"line":52,"column":null}},"16":{"start":{"line":45,"column":28},"end":{"line":45,"column":null}},"17":{"start":{"line":46,"column":8},"end":{"line":46,"column":null}},"18":{"start":{"line":47,"column":8},"end":{"line":51,"column":null}},"19":{"start":{"line":54,"column":6},"end":{"line":58,"column":null}},"20":{"start":{"line":55,"column":28},"end":{"line":55,"column":null}},"21":{"start":{"line":56,"column":8},"end":{"line":56,"column":null}},"22":{"start":{"line":57,"column":8},"end":{"line":57,"column":null}},"23":{"start":{"line":60,"column":6},"end":{"line":60,"column":null}},"24":{"start":{"line":64,"column":2},"end":{"line":69,"column":null}},"25":{"start":{"line":65,"column":18},"end":{"line":67,"column":null}},"26":{"start":{"line":66,"column":6},"end":{"line":66,"column":null}},"27":{"start":{"line":68,"column":4},"end":{"line":68,"column":null}},"28":{"start":{"line":68,"column":17},"end":{"line":68,"column":null}},"29":{"start":{"line":71,"column":17},"end":{"line":79,"column":null}},"30":{"start":{"line":72,"column":4},"end":{"line":77,"column":null}},"31":{"start":{"line":73,"column":19},"end":{"line":73,"column":null}},"32":{"start":{"line":74,"column":6},"end":{"line":75,"column":null}},"33":{"start":{"line":74,"column":26},"end":{"line":74,"column":null}},"34":{"start":{"line":75,"column":11},"end":{"line":75,"column":null}},"35":{"start":{"line":76,"column":6},"end":{"line":76,"column":null}},"36":{"start":{"line":78,"column":4},"end":{"line":78,"column":null}},"37":{"start":{"line":81,"column":21},"end":{"line":156,"column":null}},"38":{"start":{"line":82,"column":18},"end":{"line":82,"column":null}},"39":{"start":{"line":83,"column":23},"end":{"line":83,"column":null}},"40":{"start":{"line":84,"column":21},"end":{"line":84,"column":null}},"41":{"start":{"line":85,"column":19},"end":{"line":85,"column":null}},"42":{"start":{"line":86,"column":22},"end":{"line":86,"column":null}},"43":{"start":{"line":88,"column":4},"end":{"line":154,"column":null}},"44":{"start":{"line":92,"column":26},"end":{"line":92,"column":null}},"45":{"start":{"line":95,"column":13},"end":{"line":95,"column":null}},"46":{"start":{"line":96,"column":13},"end":{"line":96,"column":null}},"47":{"start":{"line":146,"column":37},"end":{"line":146,"column":65}},"48":{"start":{"line":158,"column":2},"end":{"line":168,"column":null}},"49":{"start":{"line":165,"column":50},"end":{"line":165,"column":69}}},"fnMap":{"0":{"name":"cn","decl":{"start":{"line":9,"column":9},"end":{"line":9,"column":15}},"loc":{"start":{"line":9,"column":37},"end":{"line":11,"column":null}},"line":9},"1":{"name":"FileTree","decl":{"start":{"line":19,"column":16},"end":{"line":19,"column":27}},"loc":{"start":{"line":19,"column":27},"end":{"line":170,"column":null}},"line":19},"2":{"name":"(anonymous_2)","decl":{"start":{"line":29,"column":27},"end":{"line":29,"column":34}},"loc":{"start":{"line":29,"column":51},"end":{"line":62,"column":5}},"line":29},"3":{"name":"(anonymous_3)","decl":{"start":{"line":33,"column":13},"end":{"line":33,"column":14}},"loc":{"start":{"line":33,"column":24},"end":{"line":36,"column":6}},"line":33},"4":{"name":"(anonymous_4)","decl":{"start":{"line":44,"column":15},"end":{"line":44,"column":16}},"loc":{"start":{"line":44,"column":25},"end":{"line":52,"column":7}},"line":44},"5":{"name":"(anonymous_5)","decl":{"start":{"line":54,"column":15},"end":{"line":54,"column":16}},"loc":{"start":{"line":54,"column":25},"end":{"line":58,"column":7}},"line":54},"6":{"name":"(anonymous_6)","decl":{"start":{"line":64,"column":12},"end":{"line":64,"column":18}},"loc":{"start":{"line":64,"column":18},"end":{"line":69,"column":5}},"line":64},"7":{"name":"(anonymous_7)","decl":{"start":{"line":65,"column":36},"end":{"line":65,"column":42}},"loc":{"start":{"line":65,"column":42},"end":{"line":67,"column":7}},"line":65},"8":{"name":"(anonymous_8)","decl":{"start":{"line":68,"column":11},"end":{"line":68,"column":17}},"loc":{"start":{"line":68,"column":17},"end":{"line":68,"column":null}},"line":68},"9":{"name":"(anonymous_9)","decl":{"start":{"line":71,"column":17},"end":{"line":71,"column":24}},"loc":{"start":{"line":71,"column":41},"end":{"line":79,"column":null}},"line":71},"10":{"name":"(anonymous_10)","decl":{"start":{"line":72,"column":13},"end":{"line":72,"column":14}},"loc":{"start":{"line":72,"column":23},"end":{"line":77,"column":5}},"line":72},"11":{"name":"(anonymous_11)","decl":{"start":{"line":81,"column":21},"end":{"line":81,"column":22}},"loc":{"start":{"line":81,"column":56},"end":{"line":156,"column":null}},"line":81},"12":{"name":"(anonymous_12)","decl":{"start":{"line":92,"column":19},"end":{"line":92,"column":26}},"loc":{"start":{"line":92,"column":26},"end":{"line":92,"column":null}},"line":92},"13":{"name":"(anonymous_13)","decl":{"start":{"line":94,"column":23},"end":{"line":94,"column":24}},"loc":{"start":{"line":94,"column":30},"end":{"line":97,"column":null}},"line":94},"14":{"name":"(anonymous_14)","decl":{"start":{"line":146,"column":26},"end":{"line":146,"column":27}},"loc":{"start":{"line":146,"column":37},"end":{"line":146,"column":65}},"line":146},"15":{"name":"(anonymous_15)","decl":{"start":{"line":165,"column":40},"end":{"line":165,"column":41}},"loc":{"start":{"line":165,"column":50},"end":{"line":165,"column":69}},"line":165}},"branchMap":{"0":{"loc":{"start":{"line":30,"column":4},"end":{"line":30,"column":null}},"type":"if","locations":[{"start":{"line":30,"column":4},"end":{"line":30,"column":null}},{"start":{},"end":{}}],"line":30},"1":{"loc":{"start":{"line":30,"column":8},"end":{"line":30,"column":69}},"type":"binary-expr","locations":[{"start":{"line":30,"column":8},"end":{"line":30,"column":39}},{"start":{"line":30,"column":39},"end":{"line":30,"column":69}}],"line":30},"2":{"loc":{"start":{"line":42,"column":19},"end":{"line":42,"column":null}},"type":"binary-expr","locations":[{"start":{"line":42,"column":19},"end":{"line":42,"column":36}},{"start":{"line":42,"column":36},"end":{"line":42,"column":null}}],"line":42},"3":{"loc":{"start":{"line":74,"column":6},"end":{"line":75,"column":null}},"type":"if","locations":[{"start":{"line":74,"column":6},"end":{"line":75,"column":null}},{"start":{"line":75,"column":11},"end":{"line":75,"column":null}}],"line":74},"4":{"loc":{"start":{"line":84,"column":21},"end":{"line":84,"column":null}},"type":"binary-expr","locations":[{"start":{"line":84,"column":21},"end":{"line":84,"column":47}},{"start":{"line":84,"column":47},"end":{"line":84,"column":null}}],"line":84},"5":{"loc":{"start":{"line":92,"column":26},"end":{"line":92,"column":null}},"type":"cond-expr","locations":[{"start":{"line":92,"column":34},"end":{"line":92,"column":59}},{"start":{"line":92,"column":59},"end":{"line":92,"
[...]
,"/Users/Shared/dev/openspace/openspace-client/src/interfaces/IAnnotationLayer.ts": {"path":"/Users/Shared/dev/openspace/openspace-client/src/interfaces/IAnnotationLayer.ts","statementMap":{},"fnMap":{},"branchMap":{},"s":{},"f":{},"b":{},"meta":{"lastBranch":0,"lastFunction":0,"lastStatement":0,"seen":{}}}
,"/Users/Shared/dev/openspace/openspace-client/src/interfaces/IArtifactIndex.ts": {"path":"/Users/Shared/dev/openspace/openspace-client/src/interfaces/IArtifactIndex.ts","statementMap":{},"fnMap":{},"branchMap":{},"s":{},"f":{},"b":{},"meta":{"lastBranch":0,"lastFunction":0,"lastStatement":0,"seen":{}}}
,"/Users/Shared/dev/openspace/openspace-client/src/interfaces/ICodeEditor.ts": {"path":"/Users/Shared/dev/openspace/openspace-client/src/interfaces/ICodeEditor.ts","statementMap":{},"fnMap":{},"branchMap":{},"s":{},"f":{},"b":{},"meta":{"lastBranch":0,"lastFunction":0,"lastStatement":0,"seen":{}}}
,"/Users/Shared/dev/openspace/openspace-client/src/interfaces/IComponentPreview.ts": {"path":"/Users/Shared/dev/openspace/openspace-client/src/interfaces/IComponentPreview.ts","statementMap":{},"fnMap":{},"branchMap":{},"s":{},"f":{},"b":{},"meta":{"lastBranch":0,"lastFunction":0,"lastStatement":0,"seen":{}}}
,"/Users/Shared/dev/openspace/openspace-client/src/interfaces/IFileTree.ts": {"path":"/Users/Shared/dev/openspace/openspace-client/src/interfaces/IFileTree.ts","statementMap":{},"fnMap":{},"branchMap":{},"s":{},"f":{},"b":{},"meta":{"lastBranch":0,"lastFunction":0,"lastStatement":0,"seen":{}}}
,"/Users/Shared/dev/openspace/openspace-client/src/interfaces/IGeometry.ts": {"path":"/Users/Shared/dev/openspace/openspace-client/src/interfaces/IGeometry.ts","statementMap":{},"fnMap":{},"branchMap":{},"s":{},"f":{},"b":{},"meta":{"lastBranch":0,"lastFunction":0,"lastStatement":0,"seen":{}}}
,"/Users/Shared/dev/openspace/openspace-client/src/interfaces/IModality.ts": {"path":"/Users/Shared/dev/openspace/openspace-client/src/interfaces/IModality.ts","statementMap":{},"fnMap":{},"branchMap":{},"s":{},"f":{},"b":{},"meta":{"lastBranch":0,"lastFunction":0,"lastStatement":0,"seen":{}}}
,"/Users/Shared/dev/openspace/openspace-client/src/interfaces/IPresentation.ts": {"path":"/Users/Shared/dev/openspace/openspace-client/src/interfaces/IPresentation.ts","statementMap":{},"fnMap":{},"branchMap":{},"s":{},"f":{},"b":{},"meta":{"lastBranch":0,"lastFunction":0,"lastStatement":0,"seen":{}}}
,"/Users/Shared/dev/openspace/openspace-client/src/interfaces/ISessionManager.ts": {"path":"/Users/Shared/dev/openspace/openspace-client/src/interfaces/ISessionManager.ts","statementMap":{},"fnMap":{},"branchMap":{},"s":{},"f":{},"b":{},"meta":{"lastBranch":0,"lastFunction":0,"lastStatement":0,"seen":{}}}
,"/Users/Shared/dev/openspace/openspace-client/src/interfaces/ITerminal.ts": {"path":"/Users/Shared/dev/openspace/openspace-client/src/interfaces/ITerminal.ts","statementMap":{},"fnMap":{},"branchMap":{},"s":{},"f":{},"b":{},"meta":{"lastBranch":0,"lastFunction":0,"lastStatement":0,"seen":{}}}
,"/Users/Shared/dev/openspace/openspace-client/src/interfaces/ITextInput.ts": {"path":"/Users/Shared/dev/openspace/openspace-client/src/interfaces/ITextInput.ts","statementMap":{},"fnMap":{},"branchMap":{},"s":{},"f":{},"b":{},"meta":{"lastBranch":0,"lastFunction":0,"lastStatement":0,"seen":{}}}
,"/Users/Shared/dev/openspace/openspace-client/src/interfaces/ITextOutput.ts": {"path":"/Users/Shared/dev/openspace/openspace-client/src/interfaces/ITextOutput.ts","statementMap":{},"fnMap":{},"branchMap":{},"s":{},"f":{},"b":{},"meta":{"lastBranch":0,"lastFunction":0,"lastStatement":0,"seen":{}}}
,"/Users/Shared/dev/openspace/openspace-client/src/interfaces/IVoiceInput.ts": {"path":"/Users/Shared/dev/openspace/openspace-client/src/interfaces/IVoiceInput.ts","statementMap":{},"fnMap":{},"branchMap":{},"s":{},"f":{},"b":{},"meta":{"lastBranch":0,"lastFunction":0,"lastStatement":0,"seen":{}}}
,"/Users/Shared/dev/openspace/openspace-client/src/interfaces/IVoiceOutput.ts": {"path":"/Users/Shared/dev/openspace/openspace-client/src/interfaces/IVoiceOutput.ts","statementMap":{},"fnMap":{},"branchMap":{},"s":{},"f":{},"b":{},"meta":{"lastBranch":0,"lastFunction":0,"lastStatement":0,"seen":{}}}
,"/Users/Shared/dev/openspace/openspace-client/src/interfaces/IWhiteboard.ts": {"path":"/Users/Shared/dev/openspace/openspace-client/src/interfaces/IWhiteboard.ts","statementMap":{},"fnMap":{},"branchMap":{},"s":{},"f":{},"b":{},"meta":{"lastBranch":0,"lastFunction":0,"lastStatement":0,"seen":{}}}
,"/Users/Shared/dev/openspace/openspace-client/src/lib/utils.ts": {"path":"/Users/Shared/dev/openspace/openspace-client/src/lib/utils.ts","statementMap":{"0":{"start":{"line":5,"column":2},"end":{"line":5,"column":null}}},"fnMap":{"0":{"name":"cn","decl":{"start":{"line":4,"column":16},"end":{"line":4,"column":22}},"loc":{"start":{"line":4,"column":44},"end":{"line":6,"column":null}},"line":4}},"branchMap":{},"s":{"0":78},"f":{"0":78},"b":{},"meta":{"lastBranch":0,"lastFunction":1,"lastStatement":1,"seen":{"f:4:16:4:22":0,"s:5:2:5:Infinity":0}}}
,"/Users/Shared/dev/openspace/openspace-client/src/lib/opencode/client.ts": {"path":"/Users/Shared/dev/openspace/openspace-client/src/lib/opencode/client.ts","statementMap":{"0":{"start":{"line":9,"column":2},"end":{"line":19,"column":null}},"1":{"start":{"line":10,"column":24},"end":{"line":13,"column":null}},"2":{"start":{"line":11,"column":6},"end":{"line":11,"column":null}},"3":{"start":{"line":12,"column":6},"end":{"line":12,"column":null}},"4":{"start":{"line":14,"column":4},"end":{"line":18,"column":null}},"5":{"start":{"line":21,"column":2},"end":{"line":26,"column":null}},"6":{"start":{"line":22,"column":4},"end":{"line":25,"column":null}},"7":{"start":{"line":28,"column":8},"end":{"line":28,"column":null}},"8":{"start":{"line":29,"column":2},"end":{"line":29,"column":null}}},"fnMap":{"0":{"name":"createOpencodeClient","decl":{"start":{"line":8,"column":16},"end":{"line":8,"column":37}},"loc":{"start":{"line":8,"column":79},"end":{"line":30,"column":null}},"line":8},"1":{"name":"(anonymous_1)","decl":{"start":{"line":10,"column":24},"end":{"line":10,"column":25}},"loc":{"start":{"line":10,"column":66},"end":{"line":13,"column":null}},"line":10}},"branchMap":{"0":{"loc":{"start":{"line":9,"column":2},"end":{"line":19,"column":null}},"type":"if","locations":[{"start":{"line":9,"column":2},"end":{"line":19,"column":null}},{"start":{},"end":{}}],"line":9},"1":{"loc":{"start":{"line":21,"column":2},"end":{"line":26,"column":null}},"type":"if","locations":[{"start":{"line":21,"column":2},"end":{"line":26,"column":null}},{"start":{},"end":{}}],"line":21}},"s":{"0":0,"1":0,"2":0,"3":0,"4":0,"5":0,"6":0,"7":0,"8":0},"f":{"0":0,"1":0},"b":{"0":[0,0],"1":[0,0]},"meta":{"lastBranch":2,"lastFunction":2,"lastStatement":9,"seen":{"f:8:16:8:37":0,"b:9:2:19:Infinity:undefined:undefined:undefined:undefined":0,"s:9:2:19:Infinity":0,"s:10:24:13:Infinity":1,"f:10:24:10:25":1,"s:11:6:11:Infinity":2,"s:12:6:12:Infinity":3,"s:14:4:18:Infinity":4,"b:21:2:26:Infinity:undefined:undefined:undefined:undefined":1,"s:21:2:26:Infinity":5,"s:22:4:25:Infinity":6,"s:28:8:28:Infinity":7,"s:29:2:29:Infinity":8}}}
,"/Users/Shared/dev/openspace/openspace-client/src/lib/opencode/index.ts": {"path":"/Users/Shared/dev/openspace/openspace-client/src/lib/opencode/index.ts","statementMap":{"0":{"start":{"line":6,"column":8},"end":{"line":8,"column":null}},"1":{"start":{"line":10,"column":2},"end":{"line":12,"column":null}}},"fnMap":{"0":{"name":"createOpencode","decl":{"start":{"line":5,"column":22},"end":{"line":5,"column":37}},"loc":{"start":{"line":5,"column":68},"end":{"line":13,"column":null}},"line":5}},"branchMap":{"0":{"loc":{"start":{"line":7,"column":13},"end":{"line":7,"column":null}},"type":"binary-expr","locations":[{"start":{"line":7,"column":13},"end":{"line":7,"column":33}},{"start":{"line":7,"column":33},"end":{"line":7,"column":null}}],"line":7}},"s":{"0":0,"1":0},"f":{"0":0},"b":{"0":[0,0]},"meta":{"lastBranch":1,"lastFunction":1,"lastStatement":2,"seen":{"f:5:22:5:37":0,"s:6:8:8:Infinity":0,"b:7:13:7:33:7:33:7:Infinity":0,"s:10:2:12:Infinity":1}}}
,"/Users/Shared/dev/openspace/openspace-client/src/lib/opencode/v2/client.ts": {"path":"/Users/Shared/dev/openspace/openspace-client/src/lib/opencode/v2/client.ts","statementMap":{"0":{"start":{"line":9,"column":2},"end":{"line":19,"column":null}},"1":{"start":{"line":10,"column":24},"end":{"line":13,"column":null}},"2":{"start":{"line":11,"column":6},"end":{"line":11,"column":null}},"3":{"start":{"line":12,"column":6},"end":{"line":12,"column":null}},"4":{"start":{"line":14,"column":4},"end":{"line":18,"column":null}},"5":{"start":{"line":21,"column":2},"end":{"line":28,"column":null}},"6":{"start":{"line":22,"column":23},"end":{"line":22,"column":null}},"7":{"start":{"line":22,"column":67},"end":{"line":22,"column":91}},"8":{"start":{"line":23,"column":29},"end":{"line":23,"column":null}},"9":{"start":{"line":24,"column":4},"end":{"line":27,"column":null}},"10":{"start":{"line":30,"column":8},"end":{"line":30,"column":null}},"11":{"start":{"line":31,"column":2},"end":{"line":31,"column":null}}},"fnMap":{"0":{"name":"createOpencodeClient","decl":{"start":{"line":8,"column":16},"end":{"line":8,"column":37}},"loc":{"start":{"line":8,"column":79},"end":{"line":32,"column":null}},"line":8},"1":{"name":"(anonymous_1)","decl":{"start":{"line":10,"column":24},"end":{"line":10,"column":25}},"loc":{"start":{"line":10,"column":66},"end":{"line":13,"column":null}},"line":10},"2":{"name":"(anonymous_2)","decl":{"start":{"line":22,"column":57},"end":{"line":22,"column":58}},"loc":{"start":{"line":22,"column":67},"end":{"line":22,"column":91}},"line":22}},"branchMap":{"0":{"loc":{"start":{"line":9,"column":2},"end":{"line":19,"column":null}},"type":"if","locations":[{"start":{"line":9,"column":2},"end":{"line":19,"column":null}},{"start":{},"end":{}}],"line":9},"1":{"loc":{"start":{"line":21,"column":2},"end":{"line":28,"column":null}},"type":"if","locations":[{"start":{"line":21,"column":2},"end":{"line":28,"column":null}},{"start":{},"end":{}}],"line":21},"2":{"loc":{"start":{"line":23,"column":29},"end":{"line":23,"column":null}},"type":"cond-expr","locations":[{"start":{"line":23,"column":42},"end":{"line":23,"column":81}},{"start":{"line":23,"column":81},"end":{"line":23,"column":null}}],"line":23}},"s":{"0":30,"1":30,"2":82,"3":82,"4":30,"5":30,"6":30,"7":810,"8":30,"9":30,"10":30,"11":30},"f":{"0":30,"1":82,"2":810},"b":{"0":[30,0],"1":[30,0],"2":[0,30]},"meta":{"lastBranch":3,"lastFunction":3,"lastStatement":12,"seen":{"f:8:16:8:37":0,"b:9:2:19:Infinity:undefined:undefined:undefined:undefined":0,"s:9:2:19:Infinity":0,"s:10:24:13:Infinity":1,"f:10:24:10:25":1,"s:11:6:11:Infinity":2,"s:12:6:12:Infinity":3,"s:14:4:18:Infinity":4,"b:21:2:28:Infinity:undefined:undefined:undefined:undefined":1,"s:21:2:28:Infinity":5,"s:22:23:22:Infinity":6,"f:22:57:22:58":2,"s:22:67:22:91":7,"s:23:29:23:Infinity":8,"b:23:42:23:81:23:81:23:Infinity":2,"s:24:4:27:Infinity":9,"s:30:8:30:Infinity":10,"s:31:2:31:Infinity":11}}}
,"/Users/Shared/dev/openspace/openspace-client/src/lib/opencode/v2/index.ts": {"path":"/Users/Shared/dev/openspace/openspace-client/src/lib/opencode/v2/index.ts","statementMap":{"0":{"start":{"line":6,"column":8},"end":{"line":8,"column":null}},"1":{"start":{"line":10,"column":2},"end":{"line":12,"column":null}}},"fnMap":{"0":{"name":"createOpencode","decl":{"start":{"line":5,"column":22},"end":{"line":5,"column":37}},"loc":{"start":{"line":5,"column":68},"end":{"line":13,"column":null}},"line":5}},"branchMap":{"0":{"loc":{"start":{"line":7,"column":13},"end":{"line":7,"column":null}},"type":"binary-expr","locations":[{"start":{"line":7,"column":13},"end":{"line":7,"column":33}},{"start":{"line":7,"column":33},"end":{"line":7,"column":null}}],"line":7}},"s":{"0":0,"1":0},"f":{"0":0},"b":{"0":[0,0]},"meta":{"lastBranch":1,"lastFunction":1,"lastStatement":2,"seen":{"f:5:22:5:37":0,"s:6:8:8:Infinity":0,"b:7:13:7:33:7:33:7:Infinity":0,"s:10:2:12:Infinity":1}}}
,"/Users/Shared/dev/openspace/openspace-client/src/services/OpenCodeClient.ts": {"path":"/Users/Shared/dev/openspace/openspace-client/src/services/OpenCodeClient.ts","statementMap":{"0":{"start":{"line":3,"column":16},"end":{"line":3,"column":null}},"1":{"start":{"line":8,"column":19},"end":{"line":8,"column":null}},"2":{"start":{"line":9,"column":25},"end":{"line":9,"column":null}},"3":{"start":{"line":10,"column":21},"end":{"line":10,"column":null}},"4":{"start":{"line":13,"column":4},"end":{"line":13,"column":null}},"5":{"start":{"line":17,"column":4},"end":{"line":19,"column":null}},"6":{"start":{"line":18,"column":6},"end":{"line":18,"column":null}},"7":{"start":{"line":20,"column":4},"end":{"line":20,"column":null}},"8":{"start":{"line":24,"column":4},"end":{"line":32,"column":null}},"9":{"start":{"line":25,"column":6},"end":{"line":25,"column":null}},"10":{"start":{"line":26,"column":6},"end":{"line":26,"column":null}},"11":{"start":{"line":27,"column":6},"end":{"line":27,"column":null}},"12":{"start":{"line":29,"column":6},"end":{"line":29,"column":null}},"13":{"start":{"line":30,"column":6},"end":{"line":30,"column":null}},"14":{"start":{"line":31,"column":6},"end":{"line":31,"column":null}},"15":{"start":{"line":36,"column":4},"end":{"line":36,"column":null}},"16":{"start":{"line":39,"column":25},"end":{"line":39,"column":52}},"17":{"start":{"line":40,"column":22},"end":{"line":40,"column":46}},"18":{"start":{"line":41,"column":21},"end":{"line":41,"column":44}},"19":{"start":{"line":42,"column":21},"end":{"line":42,"column":44}},"20":{"start":{"line":43,"column":21},"end":{"line":43,"column":44}},"21":{"start":{"line":44,"column":24},"end":{"line":44,"column":50}},"22":{"start":{"line":47,"column":31},"end":{"line":47,"column":null}}},"fnMap":{"0":{"name":"(anonymous_0)","decl":{"start":{"line":12,"column":10},"end":{"line":12,"column":24}},"loc":{"start":{"line":12,"column":24},"end":{"line":14,"column":null}},"line":12},"1":{"name":"(anonymous_1)","decl":{"start":{"line":16,"column":16},"end":{"line":16,"column":47}},"loc":{"start":{"line":16,"column":47},"end":{"line":21,"column":null}},"line":16},"2":{"name":"(anonymous_2)","decl":{"start":{"line":23,"column":15},"end":{"line":23,"column":51}},"loc":{"start":{"line":23,"column":51},"end":{"line":33,"column":null}},"line":23},"3":{"name":"(anonymous_3)","decl":{"start":{"line":35,"column":13},"end":{"line":35,"column":36}},"loc":{"start":{"line":35,"column":36},"end":{"line":37,"column":null}},"line":35},"4":{"name":"(anonymous_4)","decl":{"start":{"line":39,"column":13},"end":{"line":39,"column":23}},"loc":{"start":{"line":39,"column":23},"end":{"line":39,"column":null}},"line":39},"5":{"name":"(anonymous_5)","decl":{"start":{"line":40,"column":13},"end":{"line":40,"column":20}},"loc":{"start":{"line":40,"column":20},"end":{"line":40,"column":null}},"line":40},"6":{"name":"(anonymous_6)","decl":{"start":{"line":41,"column":13},"end":{"line":41,"column":19}},"loc":{"start":{"line":41,"column":19},"end":{"line":41,"column":null}},"line":41},"7":{"name":"(anonymous_7)","decl":{"start":{"line":42,"column":13},"end":{"line":42,"column":19}},"loc":{"start":{"line":42,"column":19},"end":{"line":42,"column":null}},"line":42},"8":{"name":"(anonymous_8)","decl":{"start":{"line":43,"column":13},"end":{"line":43,"column":19}},"loc":{"start":{"line":43,"column":19},"end":{"line":43,"column":null}},"line":43},"9":{"name":"(anonymous_9)","decl":{"start":{"line":44,"column":13},"end":{"line":44,"column":22}},"loc":{"start":{"line":44,"column":22},"end":{"line":44,"column":null}},"line":44}},"branchMap":{"0":{"loc":{"start":{"line":3,"column":16},"end":{"line":3,"column":null}},"type":"binary-expr","locations":[{"start":{"line":3,"column":16},"end":{"line":3,"column":53}},{"start":{"line":3,"column":53},"end":{"line":3,"column":null}}],"line":3},"1":{"loc":{"start":{"line":10,"column":21},"end":{"line":10,"column":null}},"type":"binary-expr","locations":[{"start":{"line":10,"column":21},"end":{"line":10,"column":64}},{"start":{"line":10,"column":64},"end":{"line":10,"column":null}}],"line":10},"2":{"loc":{"start":{"line":17,"column":4},"end":{"line":19,"column":null}},"type":"if","locations":[{"start":{"line":17,"column":4},"end":{"line":19,"column":null}},{"start":{},"end":{}}],"line":17}},"s":{"0":8,"1":30,"2":30,"3":30,"4":30,"5":35,"6":30,"7":35,"8":11,"9":11,"10":4,"11":4,"12":6,"13":6,"14":6,"15":11,"16":3,"17":3,"18":2,"19":2,"20":2,"21":2,"22":8},"f":{"0":30,"1":8,"2":11,"3":11,"4":3,"5":3,"6":2,"7":2,"8":2,"9":2},"b":{"0":[8,0],"1":[30,30],"2":[30,5]},"meta":{"lastBranch":3,"lastFunction":10,"lastStatement":23,"seen":{"s:3:16:3:Infinity":0,"b:3:16:3:53:3:53:3:Infinity":0,"s:8:19:8:Infinity":1,"s:9:25:9:Infinity":2,"s:10:21:10:Infinity":3,"b:10:21:10:64:10:64:10:Infinity":1,"f:12:10:12:24":0,"s:13:4:13:Infinity":4,"f:16:16:16:47":1,"b:17:4:19:Infinity:undefined:undefined:undefined:undefined":2,"s:17:4:19:Infinity":5,"s:18:6:18:Infinity":6,"s:20:4:20:Infinity":7,"f:23:15:23:51":2,"s:24:4:32:Infinity":8,"s:25:6:25:Infinity":9,"s:26:6:26:Infinity":10,"s:27:6:27:Infinity":11,"s:29:6:29:Infinity":12,"s:30:6:30:Infinity":13,"s:31:6:31:Infinity":14,"f:35:13:35:36":3,"s:36:4:36:Infinity":15,"f:39:13:39:23":4,"s:39:25:39:52":16,"f:40:13:40:20":5,"s:40:22:40:46":17,"f:41:13:41:19":6,"s:41:21:41:44":18,"f:42:13:42:19":7,"s:42:21:42:44":19,"f:43:13:43:19":8,"s:43:21:43:44":20,"f:44:13:44:22":9,"s:44:24:44:50":21,"s:47:31:47:Infinity":22}}}
,"/Users/Shared/dev/openspace/openspace-client/src/utils/storage.ts": {"path":"/Users/Shared/dev/openspace/openspace-client/src/utils/storage.ts","statementMap":{"0":{"start":{"line":7,"column":21},"end":{"line":7,"column":null}},"1":{"start":{"line":8,"column":25},"end":{"line":8,"column":null}},"2":{"start":{"line":10,"column":23},"end":{"line":28,"column":null}},"3":{"start":{"line":12,"column":4},"end":{"line":17,"column":null}},"4":{"start":{"line":13,"column":19},"end":{"line":13,"column":null}},"5":{"start":{"line":14,"column":6},"end":{"line":14,"column":null}},"6":{"start":{"line":16,"column":6},"end":{"line":16,"column":null}},"7":{"start":{"line":20,"column":4},"end":{"line":20,"column":null}},"8":{"start":{"line":23,"column":4},"end":{"line":23,"column":null}},"9":{"start":{"line":26,"column":4},"end":{"line":26,"column":null}}},"fnMap":{"0":{"name":"(anonymous_0)","decl":{"start":{"line":11,"column":15},"end":{"line":11,"column":38}},"loc":{"start":{"line":11,"column":38},"end":{"line":18,"column":null}},"line":11},"1":{"name":"(anonymous_1)","decl":{"start":{"line":19,"column":16},"end":{"line":19,"column":17}},"loc":{"start":{"line":19,"column":47},"end":{"line":21,"column":null}},"line":19},"2":{"name":"(anonymous_2)","decl":{"start":{"line":22,"column":22},"end":{"line":22,"column":43}},"loc":{"start":{"line":22,"column":43},"end":{"line":24,"column":null}},"line":22},"3":{"name":"(anonymous_3)","decl":{"start":{"line":25,"column":23},"end":{"line":25,"column":24}},"loc":{"start":{"line":25,"column":41},"end":{"line":27,"column":null}},"line":25}},"branchMap":{"0":{"loc":{"start":{"line":14,"column":13},"end":{"line":14,"column":null}},"type":"cond-expr","locations":[{"start":{"line":14,"column":20},"end":{"line":14,"column":39}},{"start":{"line":14,"column":39},"end":{"line":14,"column":null}}],"line":14}},"s":{"0":1,"1":1,"2":1,"3":8,"4":8,"5":8,"6":1,"7":7,"8":5,"9":6},"f":{"0":8,"1":7,"2":5,"3":6},"b":{"0":[6,2]},"meta":{"lastBranch":1,"lastFunction":4,"lastStatement":10,"seen":{"s:7:21:7:Infinity":0,"s:8:25:8:Infinity":1,"s:10:23:28:Infinity":2,"f:11:15:11:38":0,"s:12:4:17:Infinity":3,"s:13:19:13:Infinity":4,"s:14:6:14:Infinity":5,"b:14:20:14:39:14:39:14:Infinity":0,"s:16:6:16:Infinity":6,"f:19:16:19:17":1,"s:20:4:20:Infinity":7,"f:22:22:22:43":2,"s:23:4:23:Infinity":8,"f:25:23:25:24":3,"s:26:4:26:Infinity":9}}}
}
