{"/Users/Shared/dev/openspace/openspace-client/src/App.tsx": {"path":"/Users/Shared/dev/openspace/openspace-client/src/App.tsx","statementMap":{"0":{"start":{"line":20,"column":8},"end":{"line":20,"column":null}},"1":{"start":{"line":21,"column":15},"end":{"line":21,"column":null}},"2":{"start":{"line":22,"column":8},"end":{"line":22,"column":null}},"3":{"start":{"line":29,"column":2},"end":{"line":29,"column":null}},"4":{"start":{"line":31,"column":44},"end":{"line":31,"column":null}},"5":{"start":{"line":32,"column":44},"end":{"line":32,"column":null}},"6":{"start":{"line":33,"column":30},"end":{"line":33,"column":null}},"7":{"start":{"line":34,"column":50},"end":{"line":34,"column":null}},"8":{"start":{"line":37,"column":2},"end":{"line":85,"column":null}},"9":{"start":{"line":38,"column":19},"end":{"line":38,"column":null}},"10":{"start":{"line":39,"column":4},"end":{"line":84,"column":null}},"11":{"start":{"line":40,"column":32},"end":{"line":46,"column":null}},"12":{"start":{"line":40,"column":54},"end":{"line":46,"column":8}},"13":{"start":{"line":48,"column":6},"end":{"line":48,"column":null}},"14":{"start":{"line":50,"column":23},"end":{"line":50,"column":null}},"15":{"start":{"line":51,"column":6},"end":{"line":57,"column":null}},"16":{"start":{"line":51,"column":39},"end":{"line":51,"column":58}},"17":{"start":{"line":52,"column":8},"end":{"line":52,"column":null}},"18":{"start":{"line":53,"column":8},"end":{"line":53,"column":null}},"19":{"start":{"line":55,"column":8},"end":{"line":55,"column":null}},"20":{"start":{"line":56,"column":8},"end":{"line":56,"column":null}},"21":{"start":{"line":59,"column":35},"end":{"line":81,"column":null}},"22":{"start":{"line":60,"column":8},"end":{"line":80,"column":null}},"23":{"start":{"line":61,"column":27},"end":{"line":61,"column":null}},"24":{"start":{"line":62,"column":26},"end":{"line":62,"column":null}},"25":{"start":{"line":63,"column":10},"end":{"line":63,"column":null}},"26":{"start":{"line":63,"column":34},"end":{"line":63,"column":null}},"27":{"start":{"line":65,"column":23},"end":{"line":65,"column":null}},"28":{"start":{"line":66,"column":42},"end":{"line":72,"column":null}},"29":{"start":{"line":74,"column":10},"end":{"line":74,"column":null}},"30":{"start":{"line":75,"column":10},"end":{"line":75,"column":null}},"31":{"start":{"line":76,"column":10},"end":{"line":76,"column":null}},"32":{"start":{"line":77,"column":10},"end":{"line":77,"column":null}},"33":{"start":{"line":79,"column":10},"end":{"line":79,"column":null}},"34":{"start":{"line":83,"column":6},"end":{"line":83,"column":null}},"35":{"start":{"line":87,"column":30},"end":{"line":95,"column":null}},"36":{"start":{"line":88,"column":4},"end":{"line":88,"column":null}},"37":{"start":{"line":89,"column":20},"end":{"line":89,"column":null}},"38":{"start":{"line":89,"column":39},"end":{"line":89,"column":50}},"39":{"start":{"line":90,"column":4},"end":{"line":94,"column":null}},"40":{"start":{"line":91,"column":6},"end":{"line":91,"column":null}},"41":{"start":{"line":92,"column":6},"end":{"line":92,"column":null}},"42":{"start":{"line":93,"column":6},"end":{"line":93,"column":null}},"43":{"start":{"line":97,"column":27},"end":{"line":110,"column":null}},"44":{"start":{"line":98,"column":17},"end":{"line":98,"column":null}},"45":{"start":{"line":99,"column":32},"end":{"line":105,"column":null}},"46":{"start":{"line":106,"column":20},"end":{"line":106,"column":null}},"47":{"start":{"line":107,"column":4},"end":{"line":107,"column":null}},"48":{"start":{"line":108,"column":4},"end":{"line":108,"column":null}},"49":{"start":{"line":108,"column":43},"end":{"line":108,"column":90}},"50":{"start":{"line":109,"column":4},"end":{"line":109,"column":null}},"51":{"start":{"line":112,"column":24},"end":{"line":112,"column":null}},"52":{"start":{"line":112,"column":43},"end":{"line":112,"column":67}},"53":{"start":{"line":114,"column":8},"end":{"line":118,"column":null}},"54":{"start":{"line":116,"column":19},"end":{"line":116,"column":null}},"55":{"start":{"line":117,"column":32},"end":{"line":117,"column":null}},"56":{"start":{"line":120,"column":30},"end":{"line":120,"column":null}},"57":{"start":{"line":122,"column":8},"end":{"line":137,"column":null}},"58":{"start":{"line":124,"column":23},"end":{"line":126,"column":null}},"59":{"start":{"line":127,"column":6},"end":{"line":127,"column":null}},"60":{"start":{"line":130,"column":6},"end":{"line":135,"column":null}},"61":{"start":{"line":131,"column":8},"end":{"line":131,"column":null}},"62":{"start":{"line":132,"column":8},"end":{"line":134,"column":null}},"63":{"start":{"line":139,"column":8},"end":{"line":141,"column":null}},"64":{"start":{"line":140,"column":4},"end":{"line":140,"column":null}},"65":{"start":{"line":143,"column":8},"end":{"line":145,"column":null}},"66":{"start":{"line":144,"column":4},"end":{"line":144,"column":null}},"67":{"start":{"line":147,"column":8},"end":{"line":157,"column":null}},"68":{"start":{"line":149,"column":6},"end":{"line":154,"column":null}},"69":{"start":{"line":150,"column":23},"end":{"line":150,"column":null}},"70":{"start":{"line":151,"column":8},"end":{"line":153,"column":null}},"71":{"start":{"line":152,"column":10},"end":{"line":152,"column":null}},"72":{"start":{"line":159,"column":2},"end":{"line":168,"column":null}},"73":{"start":{"line":160,"column":4},"end":{"line":163,"column":null}},"74":{"start":{"line":161,"column":6},"end":{"line":161,"column":null}},"75":{"start":{"line":162,"column":6},"end":{"line":162,"column":null}},"76":{"start":{"line":164,"column":4},"end":{"line":167,"column":null}},"77":{"start":{"line":165,"column":6},"end":{"line":165,"column":null}},"78":{"start":{"line":166,"column":6},"end":{"line":166,"column":null}},"79":{"start":{"line":170,"column":20},"end":{"line":170,"column":null}},"80":{"start":{"line":172,"column":2},"end":{"line":241,"column":null}},"81":{"start":{"line":193,"column":32},"end":{"line":193,"column":null}},"82":{"start":{"line":203,"column":34},"end":{"line":203,"column":null}}},"fnMap":{"0":{"name":"App","decl":{"start":{"line":19,"column":9},"end":{"line":19,"column":15}},"loc":{"start":{"line":19,"column":15},"end":{"line":243,"column":null}},"line":19},"1":{"name":"(anonymous_1)","decl":{"start":{"line":37,"column":12},"end":{"line":37,"column":18}},"loc":{"start":{"line":37,"column":18},"end":{"line":85,"column":5}},"line":37},"2":{"name":"(anonymous_2)","decl":{"start":{"line":40,"column":43},"end":{"line":40,"column":44}},"loc":{"start":{"line":40,"column":54},"end":{"line":46,"column":8}},"line":40},"3":{"name":"(anonymous_3)","decl":{"start":{"line":51,"column":34},"end":{"line":51,"column":39}},"loc":{"start":{"line":51,"column":39},"end":{"line":51,"column":58}},"line":51},"4":{"name":"(anonymous_4)","decl":{"start":{"line":59,"column":35},"end":{"line":59,"column":47}},"loc":{"start":{"line":59,"column":47},"end":{"line":81,"column":null}},"line":59},"5":{"name":"(anonymous_5)","decl":{"start":{"line":87,"column":30},"end":{"line":87,"column":31}},"loc":{"start":{"line":87,"column":46},"end":{"line":95,"column":null}},"line":87},"6":{"name":"(anonymous_6)","decl":{"start":{"line":89,"column":34},"end":{"line":89,"column":39}},"loc":{"start":{"line":89,"column":39},"end":{"line":89,"column":50}},"line":89},"7":{"name":"(anonymous_7)","decl":{"start":{"line":97,"column":27},"end":{"line":97,"column":28}},"loc":{"start":{"line":97,"column":45},"end":{"line":110,"column":null}},"line":97},"8":{"name":"(anonymous_8)","decl":{"start":{"line":108,"column":37},"end":{"line":108,"column":43}},"loc":{"start":{"line":108,"column":43},"end":{"line":108,"column":90}},"line":108},"9":{"name":"(anonymous_9)","decl":{"start":{"line":112,"column":38},"end":{"line":112,"column":43}},"loc":{"start":{"line":112,"column":43},"end":{"line":112,"column":67}},"line":112},"10":{"name":"(anonymous_10)","decl":{"start":{"line":116,"column":13},"end":{"line":116,"column":19}},"loc":{"start":{"line":116,"column":19},"end":{"line":116,"column":null}},"line":116},"11":{"name":"(anonymous_11)","decl":{"start":{"line":117,"column":21},"end":{"line":117,"column":22}},"loc":{"start":{"line":117,"column":32},"end":{"line":117,"column":null}},"line":117},"12":{"name":"(anonymous_12)","decl":{"start":{"line":123,"column":16},"end":{"line":123,"column":28}},"loc":{"start":{"line":123,"column":28},"end":{"line":128,"column":null}},"line":123},"13":{"name":"(anonymous_13)","decl":{"start":{"line":129,"column":15},"end":{"line":129,"column":16}},"loc":{"start":{"line":129,"column":25},"end":{"line":136,"column":null}},"line":129},"14":{"name":"(anonymous_14)","decl":{"start":{"line":139,"column":36},"end":{"line":139,"column":42}},"loc":{"start":{"line":139,"column":42},"end":{"line":141,"column":5}},"line":139},"15":{"name":"(anonymous_15)","decl":{"start":{"line":143,"column":35},"end":{"line":143,"column":41}},"loc":{"start":{"line":143,"column":41},"end":{"line":145,"column":5}},"line":143},"16":{"name":"(anonymous_16)","decl":{"start":{"line":148,"column":4},"end":{"line":148,"column":5}},"loc":{"start":{"line":148,"column":23},"end":{"line":155,"column":null}},"line":148},"17":{"name":"(anonymous_17)","decl":{"start":{"line":159,"column":12},"end":{"line":159,"column":18}},"loc":{"start":{"line":159,"column":18},"end":{"line":168,"column":5}},"line":159},"18":{"name":"(anonymous_18)","decl":{"start":{"line":164,"column":11},"end":{"line":164,"column":17}},"loc":{"start":{"line":164,"column":17},"end":{"line":167,"column":null}},"line":164},"19":{"name":"(anonymous_19)","decl":{"start":{"line":193,"column":26},"end":{"line":193,"column":32}},"loc":{"start":{"line":193,"column":32},"end":{"line":193,"column":null}},"line":193},"20":{"name":"(anonymous_20)","decl":{"start":{"line":203,"column":28},"end":{"line":203,"column":34}},"loc":{"start":{"line":203,"column":34},"end":{"line":203,"column":null}},"line":203},"21":{"name":"(anonymous_21)","decl":{"start":{"line":204,"column":26},"end":{"line":204,"column":32}},"loc":{"start":{"line":204,"column":32},"end":{"line":204,"column":null}},"line":204}},"branchMap":{"0":{"loc":{"start":{"line":39,"column":4},"end":{"line":84,"column":null}},"type":"if","locations":[{"start":{"line":39,"column":4},"end":{"line":84,"column":null}},{"start":{"line":58,"column":11},"end":{"line":84,"column":null}}],"line":39},"1":{"loc":{"start":{"line":45,"column":15},"end":{"line":45,"column":null}},"type":"binary-expr","locations":[{"start":{"line":45,"column":15},"end":{"line":45,"column":27}},{"start":{"line":45,"column":27},"end":{"line":45,"column":null}}],"line":45},"2":{"loc":{"start":{"line":45,"column":27},"end":{"line":45,"column":null}},"type":"cond-expr","locations":[{"start":{"line":45,"column":41},"end":{"line":45,"column":58}},{"start":{"line":45,"column":58},"end":{"line":45,"column":null}}],"line":45},"3":{"loc":{"start":{"line":51,"column":6},"end":{"line":57,"column":null}},"type":"if","locations":[{"start":{"line":51,"column":6},"end":{"line":57,"column":null}},{"start":{"line":54,"column":13},"end":{"line":57,"column":null}}],"line":51},"4":{"loc":{"start":{"line":51,"column":10},"end":{"line":51,"column":61}},"type":"binary-expr","locations":[{"start":{"line":51,"column":10},"end":{"line":51,"column":22}},{"start":{"line":51,"column":22},"end":{"line":51,"column":61}}],"line":51},"5":{"loc":{"start":{"line":63,"column":10},"end":{"line":63,"column":null}},"type":"if","locations":[{"start":{"line":63,"column":10},"end":{"line":63,"column":null}},{"start":{},"end":{}}],"line":63},"6":{"loc":{"start":{"line":65,"column":23},"end":{"line":65,"column":null}},"type":"binary-expr","locations":[{"start":{"line":65,"column":23},"end":{"line":65,"column":39}},{"start":{"line":65,"column":39},"end":{"line":65,"column":92}},{"start":{"line":65,"column":92},"end":{"line":65,"column":null}}],"line":65},"7":{"loc":{"start":{"line":90,"column":4},"end":{"line":94,"column":null}},"type":"if","locations":[{"start":{"line":90,"column":4},"end":{"line":94,"column":null}},{"start":{},"end":{}}],"line":90},"8":{"loc":{"start":{"line":98,"column":17},"end":{"line":98,"column":null}},"type":"binary-expr","locations":[{"start":{"line":98,"column":17},"end":{"line":98,"column":58}},{"start":{"line":98,"column":58},"end":{"line":98,"column":null}}],"line":98},"9":{"loc":{"start":{"line":117,"column":32},"end":{"line":117,"column":null}},"type":"cond-expr","locations":[{"start":{"line":117,"column":39},"end":{"line":117,"column":47}},{"start":{"line":117,"column":47},"end":{"line":117,"column":null}}],"line":117},"10":{"loc":{"start":{"line":120,"column":16},"end":{"line":120,"column":30}},"type":"default-arg","locations":[{"start":{"line":120,"column":27},"end":{"line":120,"column":30}}],"line":120},"11":{"loc":{"start":{"line":130,"column":6},"end":{"line":135,"column":null}},"type":"if","locations":[{"start":{"line":130,"column":6},"end":{"line":135,"column":null}},{"start":{},"end":{}}],"line":130},"12":{"loc":{"start":{"line":149,"column":6},"end":{"line":154,"column":null}},"type":"if","locations":[{"start":{"line":149,"column":6},"end":{"line":154,"column":null}},{"start":{},"end":{}}],"line":149},"13":{"loc":{"start":{"line":151,"column":8},"end":{"line":153,"column":null}},"type":"if","locations":[{"start":{"line":151,"column":8},"end":{"line":153,"column":null}},{"start":{},"end":{}}],"line":151},"14":{"loc":{"start":{"line":151,"column":12},"end":{"line":151,"column":63}},"type":"binary-expr","locations":[{"start":{"line":151,"column":12},"end":{"line":151,"column":28}},{"start":{"line":151,"column":28},"end":{"line":151,"column":63}}],"line":151},"15":{"loc":{"start":{"line":160,"column":4},"end":{"line":163,"column":null}},"type":"if","locations":[{"start":{"line":160,"column":4},"end":{"line":163,"column":null}},{"start":{},"end":{}}],"line":160},"16":{"loc":{"start":{"line":175,"column":7},"end":{"line":175,"column":null}},"type":"binary-expr","locations":[{"start":{"line":175,"column":7},"end":{"line":175,"column":20}},{"start":{"line":175,"column":20},"end":{"line":175,"column":null}}],"line":175},"17":{"loc":{"start":{"line":177,"column":7},"end":{"line":239,"column":null}},"type":"cond-expr","locations":[{"start":{"line":178,"column":8},"end":{"line":186,"column":null}},{"start":{"line":188,"column":8},"end":{"line":239,"column":null}}],"line":177},"18":{"loc":{"start":{"line":196,"column":11},"end":{"line":205,"column":null}},"type":"binary-expr","locations":[{"start":{"line":196,"column":11},"end":{"line":196,"column":34}},{"start":{"line":196,"column":34},"end":{"line":196,"column":null}},{"start":{"line":197,"column":12},"end":{"line":205,"column":null}}],"line":196},"19":{"loc":{"start":{"line":218,"column":17},"end":{"line":228,"column":null}},"type":"binary-expr","locations":[{"start":{"line":218,"column":17},"end":{"line":218,"column":null}},{"start":{"line":219,"column":18},"end":{"line":228,"column":null}}],"line":218},"20":{"loc":{"start":{"line":232,"column":15},"end":{"line":235,"column":null}},"type":"binary-expr","locations":[{"start":{"line":232,"column":15},"end":{"line":232,"column":null}},{"start":{"line":233,"column":16},"end":{"line":235,"column":null}}],"line":232}},"s":{"0":61,"1":61,"2":61,"3":61,"4":61,"5":61,"6":61,"7":61,"8":61,"9":19,"10":19,"11":6,"12":9,"13":6,"14":6,"15":6,"16":3,"17":1,"18":1,"19":5,"20":5,"21":13,"22":13,"23":13,"24":13,"25":13,"26":0,"27":13,"28":13,"29":13,"30":13,"31":13,"32":13,"33":0,"34":13,"35":61,"36":3,"37":3,"38":4,"39":3,"40":1,"41":1,"42":1,"43":61,"44":2,"45":2,"46":2,"47":2,"48":2,"49":4,"50":2,"51":61,"52":47,"53":61,"54":19,"55":126,"56":61,"57":61,"58":0,"59":0,"60":0,"61":0,"62":0,"63":61,"64":0,"65":61,"66":0,"67":61,"68":0,"69":0,"70":0,"71":0,"72":61,"73":19,"74":0,"75":0,"76":19,"77":19,"78":19,"79":61,"80":61,"81":2,"82":0},"f":{"0":61,"1":19,"2":9,"3":3,"4":13,"5":3,"6":4,"7":2,"8":4,"9":47,"10":19,"11":126,"12":0,"13":0,"14":0,"15":0,"16":0,"17":19,"18":19,"19":2,"20":0,"21":0},"b":{"0":[6,13],"1":[9,0],"2":[0,0],"3":[1,5],"4":[6,2],"5":[0,13],"6":[13,0,0],"7":[1,2],"8":[2,0],"9":[126,0],"10":[61],"11":[0,0],"12":[0,0],"13":[0,0],"14":[0,0],"15":[0,19],"16":[61,34],"17":[27,34],"18":[34,34,34],"19":[34,34],"20":[34,34]},"meta":{"lastBranch":21,"lastFunction":22,"lastStatement":83,"seen":{"f:19:9:19:15":0,"s:20:8:20:Infinity":0,"s:21:15:21:Infinity":1,"s:22:8:22:Infinity":2,"s:29:2:29:Infinity":3,"s:31:44:31:Infinity":4,"s:32:44:32:Infinity":5,"s:33:30:33:Infinity":6,"s:34:50:34:Infinity":7,"s:37:2:85:Infinity":8,"f:37:12:37:18":1,"s:38:19:38:Infinity":9,"b:39:4:84:Infinity:58:11:84:Infinity":0,"s:39:4:84:Infinity":10,"s:40:32:46:Infinity":11,"f:40:43:40:44":2,"s:40:54:46:8":12,"b:45:15:45:27:45:27:45:Infinity":1,"b:45:41:45:58:45:58:45:Infinity":2,"s:48:6:48:Infinity":13,"s:50:23:50:Infinity":14,"b:51:6:57:Infinity:54:13:57:Infinity":3,"s:51:6:57:Infinity":15,"b:51:10:51:22:51:22:51:61":4,"f:51:34:51:39":3,"s:51:39:51:58":16,"s:52:8:52:Infinity":17,"s:53:8:53:Infinity":18,"s:55:8:55:Infinity":19,"s:56:8:56:Infinity":20,"s:59:35:81:Infinity":21,"f:59:35:59:47":4,"s:60:8:80:Infinity":22,"s:61:27:61:Infinity":23,"s:62:26:62:Infinity":24,"b:63:10:63:Infinity:undefined:undefined:undefined:undefined":5,"s:63:10:63:Infinity":25,"s:63:34:63:Infinity":26,"s:65:23:65:Infinity":27,"b:65:23:65:39:65:39:65:92:65:92:65:Infinity":6,"s:66:42:72:Infinity":28,"s:74:10:74:Infinity":29,"s:75:10:75:Infinity":30,"s:76:10:76:Infinity":31,"s:77:10:77:Infinity":32,"s:79:10:79:Infinity":33,"s:83:6:83:Infinity":34,"s:87:30:95:Infinity":35,"f:87:30:87:31":5,"s:88:4:88:Infinity":36,"s:89:20:89:Infinity":37,"f:89:34:89:39":6,"s:89:39:89:50":38,"b:90:4:94:Infinity:undefined:undefined:undefined:undefined":7,"s:90:4:94:Infinity":39,"s:91:6:91:Infinity":40,"s:92:6:92:Infinity":41,"s:93:6:93:Infinity":42,"s:97:27:110:Infinity":43,"f:97:27:97:28":7,"s:98:17:98:Infinity":44,"b:98:17:98:58:98:58:98:Infinity":8,"s:99:32:105:Infinity":45,"s:106:20:106:Infinity":46,"s:107:4:107:Infinity":47,"s:108:4:108:Infinity":48,"f:108:37:108:43":8,"s:108:43:108:90":49,"s:109:4:109:Infinity":50,"s:112:24:112:Infinity":51,"f:112:38:112:43":9,"s:112:43:112:67":52,"s:114:8:118:Infinity":53,"f:116:13:116:19":10,"s:116:19:116:Infinity":54,"f:117:21:117:22":11,"s:117:32:117:Infinity":55,"b:117:39:117:47:117:47:117:Infinity":9,"s:120:30:120:Infinity":56,"b:120:27:120:30":10,"s:122:8:137:Infinity":57,"f:123:16:123:28":12,"s:124:23:126:Infinity":58,"s:127:6:127:Infinity":59,"f:129:15:129:16":13,"b:130:6:135:Infinity:undefined:undefined:undefined:undefined":11,"s:130:6:135:Infinity":60,"s:131:8:131:Infinity":61,"s:132:8:134:Infinity":62,"s:139:8:141:Infinity":63,"f:139:36:139:42":14,"s:140:4:140:Infinity":64,"s:143:8:145:Infinity":65,"f:143:35:143:41":15,"s:144:4:144:Infinity":66,"s:147:8:157:Infinity":67,"f:148:4:148:5":16,"b:149:6:154:Infinity:undefined:undefined:undefined:undefined":12,"s:149:6:154:Infinity":68,"s:150:23:150:Infinity":69,"b:151:8:153:Infinity:undefined:undefined:undefined:undefined":13,"s:151:8:153:Infinity":70,"b:151:12:151:28:151:28:151:63":14,"s:152:10:152:Infinity":71,"s:159:2:168:Infinity":72,"f:159:12:159:18":17,"b:160:4:163:Infinity:undefined:undefined:undefined:undefined":15,"s:160:4:163:Infinity":73,"s:161:6:161:Infinity":74,"s:162:6:162:Infinity":75,"s:164:4:167:Infinity":76,"f:164:11:164:17":18,"s:165:6:165:Infinity":77,"s:166:6:166:Infinity":78,"s:170:20:170:Infinity":79,"s:172:2:241:Infinity":80,"b:175:7:175:20:175:20:175:Infinity":16,"b:178:8:186:Infinity:188:8:239:Infinity":17,"f:193:26:193:32":19,"s:193:32:193:Infinity":81,"b:196:11:196:34:196:34:196:Infinity:197:12:205:Infinity":18,"f:203:28:203:34":20,"s:203:34:203:Infinity":82,"f:204:26:204:32":21,"b:218:17:218:Infinity:219:18:228:Infinity":19,"b:232:15:232:Infinity:233:16:235:Infinity":20}}}
,"/Users/Shared/dev/openspace/openspace-client/src/components/AgentConsole.tsx": {"path":"/Users/Shared/dev/openspace/openspace-client/src/components/AgentConsole.tsx","statementMap":{"0":{"start":{"line":17,"column":22},"end":{"line":23,"column":null}},"1":{"start":{"line":18,"column":2},"end":{"line":23,"column":null}},"2":{"start":{"line":19,"column":19},"end":{"line":19,"column":null}},"3":{"start":{"line":20,"column":4},"end":{"line":20,"column":null}},"4":{"start":{"line":20,"column":26},"end":{"line":20,"column":null}},"5":{"start":{"line":21,"column":4},"end":{"line":21,"column":null}},"6":{"start":{"line":21,"column":27},"end":{"line":21,"column":null}},"7":{"start":{"line":22,"column":4},"end":{"line":22,"column":null}},"8":{"start":{"line":31,"column":8},"end":{"line":31,"column":null}},"9":{"start":{"line":32,"column":8},"end":{"line":32,"column":null}},"10":{"start":{"line":33,"column":44},"end":{"line":33,"column":null}},"11":{"start":{"line":34,"column":40},"end":{"line":34,"column":null}},"12":{"start":{"line":35,"column":26},"end":{"line":35,"column":null}},"13":{"start":{"line":36,"column":36},"end":{"line":36,"column":null}},"14":{"start":{"line":37,"column":8},"end":{"line":37,"column":null}},"15":{"start":{"line":38,"column":8},"end":{"line":38,"column":null}},"16":{"start":{"line":39,"column":8},"end":{"line":39,"column":null}},"17":{"start":{"line":40,"column":2},"end":{"line":40,"column":null}},"18":{"start":{"line":42,"column":8},"end":{"line":42,"column":null}},"19":{"start":{"line":42,"column":31},"end":{"line":42,"column":63}},"20":{"start":{"line":43,"column":25},"end":{"line":43,"column":null}},"21":{"start":{"line":44,"column":24},"end":{"line":44,"column":null}},"22":{"start":{"line":45,"column":24},"end":{"line":45,"column":null}},"23":{"start":{"line":45,"column":47},"end":{"line":45,"column":73}},"24":{"start":{"line":47,"column":8},"end":{"line":50,"column":null}},"25":{"start":{"line":48,"column":11},"end":{"line":48,"column":null}},"26":{"start":{"line":48,"column":77},"end":{"line":48,"column":87}},"27":{"start":{"line":51,"column":23},"end":{"line":51,"column":null}},"28":{"start":{"line":52,"column":22},"end":{"line":52,"column":null}},"29":{"start":{"line":54,"column":26},"end":{"line":63,"column":null}},"30":{"start":{"line":55,"column":4},"end":{"line":55,"column":null}},"31":{"start":{"line":55,"column":38},"end":{"line":55,"column":null}},"32":{"start":{"line":56,"column":37},"end":{"line":56,"column":null}},"33":{"start":{"line":57,"column":4},"end":{"line":61,"column":null}},"34":{"start":{"line":58,"column":6},"end":{"line":58,"column":null}},"35":{"start":{"line":58,"column":78},"end":{"line":58,"column":null}},"36":{"start":{"line":59,"column":22},"end":{"line":59,"column":null}},"37":{"start":{"line":60,"column":6},"end":{"line":60,"column":null}},"38":{"start":{"line":62,"column":4},"end":{"line":62,"column":null}},"39":{"start":{"line":62,"column":25},"end":{"line":62,"column":null}},"40":{"start":{"line":62,"column":50},"end":{"line":62,"column":68}},"41":{"start":{"line":65,"column":29},"end":{"line":67,"column":null}},"42":{"start":{"line":66,"column":4},"end":{"line":66,"column":null}},"43":{"start":{"line":66,"column":29},"end":{"line":66,"column":66}},"44":{"start":{"line":66,"column":51},"end":{"line":66,"column":65}},"45":{"start":{"line":69,"column":8},"end":{"line":79,"column":null}},"46":{"start":{"line":71,"column":23},"end":{"line":73,"column":null}},"47":{"start":{"line":74,"column":6},"end":{"line":74,"column":null}},"48":{"start":{"line":77,"column":6},"end":{"line":77,"column":null}},"49":{"start":{"line":77,"column":20},"end":{"line":77,"column":null}},"50":{"start":{"line":81,"column":8},"end":{"line":172,"column":null}},"51":{"start":{"line":96,"column":6},"end":{"line":105,"column":null}},"52":{"start":{"line":107,"column":6},"end":{"line":109,"column":null}},"53":{"start":{"line":110,"column":31},"end":{"line":112,"column":null}},"54":{"start":{"line":114,"column":32},"end":{"line":135,"column":null}},"55":{"start":{"line":115,"column":8},"end":{"line":124,"column":null}},"56":{"start":{"line":116,"column":10},"end":{"line":123,"column":null}},"57":{"start":{"line":125,"column":8},"end":{"line":134,"column":null}},"58":{"start":{"line":137,"column":42},"end":{"line":150,"column":null}},"59":{"start":{"line":152,"column":6},"end":{"line":155,"column":null}},"60":{"start":{"line":154,"column":18},"end":{"line":154,"column":null}},"61":{"start":{"line":157,"column":6},"end":{"line":157,"column":null}},"62":{"start":{"line":160,"column":6},"end":{"line":165,"column":null}},"63":{"start":{"line":161,"column":8},"end":{"line":164,"column":null}},"64":{"start":{"line":168,"column":6},"end":{"line":170,"column":null}},"65":{"start":{"line":174,"column":22},"end":{"line":212,"column":null}},"66":{"start":{"line":175,"column":17},"end":{"line":175,"column":null}},"67":{"start":{"line":176,"column":4},"end":{"line":176,"column":null}},"68":{"start":{"line":176,"column":43},"end":{"line":176,"column":null}},"69":{"start":{"line":177,"column":4},"end":{"line":177,"column":null}},"70":{"start":{"line":177,"column":40},"end":{"line":177,"column":null}},"71":{"start":{"line":179,"column":26},"end":{"line":179,"column":null}},"72":{"start":{"line":180,"column":4},"end":{"line":183,"column":null}},"73":{"start":{"line":181,"column":22},"end":{"line":181,"column":null}},"74":{"start":{"line":182,"column":6},"end":{"line":182,"column":null}},"75":{"start":{"line":184,"column":4},"end":{"line":184,"column":null}},"76":{"start":{"line":184,"column":26},"end":{"line":184,"column":null}},"77":{"start":{"line":186,"column":4},"end":{"line":186,"column":null}},"78":{"start":{"line":187,"column":4},"end":{"line":187,"column":null}},"79":{"start":{"line":189,"column":23},"end":{"line":204,"column":null}},"80":{"start":{"line":198,"column":36},"end":{"line":203,"column":8}},"81":{"start":{"line":206,"column":4},"end":{"line":211,"column":null}},"82":{"start":{"line":214,"column":8},"end":{"line":238,"column":null}},"83":{"start":{"line":215,"column":22},"end":{"line":215,"column":null}},"84":{"start":{"line":216,"column":20},"end":{"line":216,"column":null}},"85":{"start":{"line":217,"column":30},"end":{"line":217,"column":null}},"86":{"start":{"line":217,"column":53},"end":{"line":217,"column":63}},"87":{"start":{"line":217,"column":82},"end":{"line":217,"column":107}},"88":{"start":{"line":218,"column":22},"end":{"line":218,"column":null}},"89":{"start":{"line":218,"column":62},"end":{"line":218,"column":94}},"90":{"start":{"line":219,"column":17},"end":{"line":219,"column":null}},"91":{"start":{"line":220,"column":4},"end":{"line":222,"column":null}},"92":{"start":{"line":221,"column":6},"end":{"line":221,"column":null}},"93":{"start":{"line":223,"column":10},"end":{"line":228,"column":null}},"94":{"start":{"line":229,"column":18},"end":{"line":231,"column":null}},"95":{"start":{"line":230,"column":16},"end":{"line":230,"column":null}},"96":{"start":{"line":232,"column":23},"end":{"line":232,"column":null}},"97":{"start":{"line":233,"column":4},"end":{"line":237,"column":null}},"98":{"start":{"line":240,"column":8},"end":{"line":243,"column":null}},"99":{"start":{"line":241,"column":11},"end":{"line":241,"column":null}},"100":{"start":{"line":241,"column":81},"end":{"line":241,"column":91}},"101":{"start":{"line":245,"column":8},"end":{"line":252,"column":null}},"102":{"start":{"line":246,"column":40},"end":{"line":246,"column":null}},"103":{"start":{"line":247,"column":20},"end":{"line":247,"column":null}},"104":{"start":{"line":248,"column":4},"end":{"line":250,"column":null}},"105":{"start":{"line":249,"column":6},"end":{"line":249,"column":null}},"106":{"start":{"line":251,"column":4},"end":{"line":251,"column":null}},"107":{"start":{"line":254,"column":2},"end":{"line":287,"column":null}}},"fnMap":{"0":{"name":"(anonymous_0)","decl":{"start":{"line":17,"column":22},"end":{"line":17,"column":23}},"loc":{"start":{"line":18,"column":2},"end":{"line":23,"column":null}},"line":18},"1":{"name":"(anonymous_1)","decl":{"start":{"line":18,"column":22},"end":{"line":18,"column":23}},"loc":{"start":{"line":18,"column":43},"end":{"line":23,"column":3}},"line":18},"2":{"name":"(anonymous_2)","decl":{"start":{"line":20,"column":20},"end":{"line":20,"column":26}},"loc":{"start":{"line":20,"column":26},"end":{"line":20,"column":null}},"line":20},"3":{"name":"(anonymous_3)","decl":{"start":{"line":21,"column":21},"end":{"line":21,"column":27}},"loc":{"start":{"line":21,"column":27},"end":{"line":21,"column":null}},"line":21},"4":{"name":"AgentConsole","decl":{"start":{"line":30,"column":16},"end":{"line":30,"column":29}},"loc":{"start":{"line":30,"column":81},"end":{"line":289,"column":null}},"line":30},"5":{"name":"(anonymous_5)","decl":{"start":{"line":42,"column":25},"end":{"line":42,"column":31}},"loc":{"start":{"line":42,"column":31},"end":{"line":42,"column":63}},"line":42},"6":{"name":"(anonymous_6)","decl":{"start":{"line":45,"column":36},"end":{"line":45,"column":37}},"loc":{"start":{"line":45,"column":47},"end":{"line":45,"column":73}},"line":45},"7":{"name":"(anonymous_7)","decl":{"start":{"line":48,"column":4},"end":{"line":48,"column":11}},"loc":{"start":{"line":48,"column":11},"end":{"line":48,"column":null}},"line":48},"8":{"name":"(anonymous_8)","decl":{"start":{"line":48,"column":66},"end":{"line":48,"column":67}},"loc":{"start":{"line":48,"column":77},"end":{"line":48,"column":87}},"line":48},"9":{"name":"(anonymous_9)","decl":{"start":{"line":54,"column":26},"end":{"line":54,"column":33}},"loc":{"start":{"line":54,"column":60},"end":{"line":63,"column":null}},"line":54},"10":{"name":"(anonymous_10)","decl":{"start":{"line":62,"column":40},"end":{"line":62,"column":41}},"loc":{"start":{"line":62,"column":50},"end":{"line":62,"column":68}},"line":62},"11":{"name":"(anonymous_11)","decl":{"start":{"line":65,"column":29},"end":{"line":65,"column":30}},"loc":{"start":{"line":65,"column":45},"end":{"line":67,"column":null}},"line":65},"12":{"name":"(anonymous_12)","decl":{"start":{"line":66,"column":19},"end":{"line":66,"column":20}},"loc":{"start":{"line":66,"column":29},"end":{"line":66,"column":66}},"line":66},"13":{"name":"(anonymous_13)","decl":{"start":{"line":66,"column":41},"end":{"line":66,"column":42}},"loc":{"start":{"line":66,"column":51},"end":{"line":66,"column":65}},"line":66},"14":{"name":"(anonymous_14)","decl":{"start":{"line":70,"column":16},"end":{"line":70,"column":28}},"loc":{"start":{"line":70,"column":28},"end":{"line":75,"column":null}},"line":70},"15":{"name":"(anonymous_15)","decl":{"start":{"line":76,"column":15},"end":{"line":76,"column":16}},"loc":{"start":{"line":76,"column":25},"end":{"line":78,"column":null}},"line":76},"16":{"name":"(anonymous_16)","decl":{"start":{"line":82,"column":16},"end":{"line":82,"column":23}},"loc":{"start":{"line":96,"column":6},"end":{"line":105,"column":null}},"line":96},"17":{"name":"(anonymous_17)","decl":{"start":{"line":106,"column":14},"end":{"line":106,"column":21}},"loc":{"start":{"line":106,"column":35},"end":{"line":158,"column":null}},"line":106},"18":{"name":"(anonymous_18)","decl":{"start":{"line":114,"column":52},"end":{"line":114,"column":57}},"loc":{"start":{"line":114,"column":57},"end":{"line":135,"column":7}},"line":114},"19":{"name":"(anonymous_19)","decl":{"start":{"line":154,"column":8},"end":{"line":154,"column":9}},"loc":{"start":{"line":154,"column":18},"end":{"line":154,"column":null}},"line":154},"20":{"name":"(anonymous_20)","decl":{"start":{"line":159,"column":13},"end":{"line":159,"column":14}},"loc":{"start":{"line":159,"column":43},"end":{"line":166,"column":null}},"line":159},"21":{"name":"(anonymous_21)","decl":{"start":{"line":167,"column":15},"end":{"line":167,"column":16}},"loc":{"start":{"line":167,"column":37},"end":{"line":171,"column":null}},"line":167},"22":{"name":"(anonymous_22)","decl":{"start":{"line":174,"column":22},"end":{"line":174,"column":34}},"loc":{"start":{"line":174,"column":34},"end":{"line":212,"column":null}},"line":174},"23":{"name":"(anonymous_23)","decl":{"start":{"line":198,"column":25},"end":{"line":198,"column":26}},"loc":{"start":{"line":198,"column":36},"end":{"line":203,"column":8}},"line":198},"24":{"name":"(anonymous_24)","decl":{"start":{"line":214,"column":24},"end":{"line":214,"column":30}},"loc":{"start":{"line":214,"column":30},"end":{"line":238,"column":5}},"line":214},"25":{"name":"(anonymous_25)","decl":{"start":{"line":217,"column":42},"end":{"line":217,"column":43}},"loc":{"start":{"line":217,"column":53},"end":{"line":217,"column":63}},"line":217},"26":{"name":"(anonymous_26)","decl":{"start":{"line":217,"column":72},"end":{"line":217,"column":73}},"loc":{"start":{"line":217,"column":82},"end":{"line":217,"column":107}},"line":217},"27":{"name":"(anonymous_27)","decl":{"start":{"line":218,"column":47},"end":{"line":218,"column":48}},"loc":{"start":{"line":218,"column":62},"end":{"line":218,"column":94}},"line":218},"28":{"name":"(anonymous_28)","decl":{"start":{"line":230,"column":6},"end":{"line":230,"column":7}},"loc":{"start":{"line":230,"column":16},"end":{"line":230,"column":null}},"line":230},"29":{"name":"(anonymous_29)","decl":{"start":{"line":241,"column":4},"end":{"line":241,"column":11}},"loc":{"start":{"line":241,"column":11},"end":{"line":241,"column":null}},"line":241},"30":{"name":"(anonymous_30)","decl":{"start":{"line":241,"column":70},"end":{"line":241,"column":71}},"loc":{"start":{"line":241,"column":81},"end":{"line":241,"column":91}},"line":241},"31":{"name":"(anonymous_31)","decl":{"start":{"line":245,"column":48},"end":{"line":245,"column":54}},"loc":{"start":{"line":245,"column":54},"end":{"line":252,"column":5}},"line":245}},"branchMap":{"0":{"loc":{"start":{"line":42,"column":31},"end":{"line":42,"column":63}},"type":"binary-expr","locations":[{"start":{"line":42,"column":31},"end":{"line":42,"column":59}},{"start":{"line":42,"column":59},"end":{"line":42,"column":63}}],"line":42},"1":{"loc":{"start":{"line":44,"column":24},"end":{"line":44,"column":null}},"type":"binary-expr","locations":[{"start":{"line":44,"column":24},"end":{"line":44,"column":43}},{"start":{"line":44,"column":43},"end":{"line":44,"column":null}}],"line":44},"2":{"loc":{"start":{"line":48,"column":11},"end":{"line":48,"column":null}},"type":"cond-expr","locations":[{"start":{"line":48,"column":45},"end":{"line":48,"column":91}},{"start":{"line":48,"column":91},"end":{"line":48,"column":null}}],"line":48},"3":{"loc":{"start":{"line":51,"column":23},"end":{"line":51,"column":null}},"type":"cond-expr","locations":[{"start":{"line":51,"column":54},"end":{"line":51,"column":64}},{"start":{"line":51,"column":64},"end":{"line":51,"column":null}}],"line":51},"4":{"loc":{"start":{"line":52,"column":22},"end":{"line":52,"column":null}},"type":"binary-expr","locations":[{"start":{"line":52,"column":22},"end":{"line":52,"column":39}},{"start":{"line":52,"column":39},"end":{"line":52,"column":null}}],"line":52},"5":{"loc":{"start":{"line":55,"column":4},"end":{"line":55,"column":null}},"type":"if","locations":[{"start":{"line":55,"column":4},"end":{"line":55,"column":null}},{"start":{},"end":{}}],"line":55},"6":{"loc":{"start":{"line":55,"column":8},"end":{"line":55,"column":38}},"type":"binary-expr","locations":[{"start":{"line":55,"column":8},"end":{"line":55,"column":18}},{"start":{"line":55,"column":18},"end":{"line":55,"column":38}}],"line":55},"7":{"loc":{"start":{"line":58,"column":6},"end":{"line":58,"column":null}},"type":"if","locations":[{"start":{"line":58,"column":6},"end":{"line":58,"column":null}},{"start":{},"end":{}}],"line":58},"8":{"loc":{"start":{"line":58,"column":10},"end":{"line":58,"column":78}},"type":"binary-expr","locations":[{"start":{"line":58,"column":10},"end":{"line":58,"column":45}},{"start":{"line":58,"column":45},"end":{"line":58,"column":78}}],"line":58},"9":{"loc":{"start":{"line":62,"column":4},"end":{"line":62,"column":null}},"type":"if","locations":[{"start":{"line":62,"column":4},"end":{"line":62,"column":null}},{"start":{},"end":{}}],"line":62},"10":{"loc":{"start":{"line":74,"column":13},"end":{"line":74,"column":null}},"type":"binary-expr","locations":[{"start":{"line":74,"column":13},"end":{"line":74,"column":30}},{"start":{"line":74,"column":30},"end":{"line":74,"column":null}}],"line":74},"11":{"loc":{"start":{"line":77,"column":6},"end":{"line":77,"column":null}},"type":"if","locations":[{"start":{"line":77,"column":6},"end":{"line":77,"column":null}},{"start":{},"end":{}}],"line":77},"12":{"loc":{"start":{"line":115,"column":8},"end":{"line":124,"column":null}},"type":"if","locations":[{"start":{"line":115,"column":8},"end":{"line":124,"column":null}},{"start":{},"end":{}}],"line":115},"13":{"loc":{"start":{"line":154,"column":23},"end":{"line":154,"column":36}},"type":"binary-expr","locations":[{"start":{"line":154,"column":23},"end":{"line":154,"column":31}},{"start":{"line":154,"column":31},"end":{"line":154,"column":36}}],"line":154},"14":{"loc":{"start":{"line":160,"column":6},"end":{"line":165,"column":null}},"type":"if","locations":[{"start":{"line":160,"column":6},"end":{"line":165,"column":null}},{"start":{},"end":{}}],"line":160},"15":{"loc":{"start":{"line":176,"column":4},"end":{"line":176,"column":null}},"type":"if","locations":[{"start":{"line":176,"column":4},"end":{"line":176,"column":null}},{"start":{},"end":{}}],"line":176},"16":{"loc":{"start":{"line":176,"column":8},"end":{"line":176,"column":43}},"type":"binary-expr","locations":[{"start":{"line":176,"column":8},"end":{"line":176,"column":17}},{"start":{"line":176,"column":17},"end":{"line":176,"column":43}}],"line":176},"17":{"loc":{"start":{"line":177,"column":4},"end":{"line":177,"column":null}},"type":"if","locations":[{"start":{"line":177,"column":4},"end":{"line":177,"column":null}},{"start":{},"end":{}}],"line":177},"18":{"loc":{"start":{"line":177,"column":8},"end":{"line":177,"column":40}},"type":"binary-expr","locations":[{"start":{"line":177,"column":8},"end":{"line":177,"column":26}},{"start":{"line":177,"column":26},"end":{"line":177,"column":40}}],"line":177},"19":{"loc":{"start":{"line":180,"column":4},"end":{"line":183,"column":null}},"type":"if","locations":[{"start":{"line":180,"column":4},"end":{"line":183,"column":null}},{"start":{},"end":{}}],"line":180},"20":{"loc":{"start":{"line":184,"column":4},"end":{"line":184,"column":null}},"type":"if","locations":[{"start":{"line":184,"column":4},"end":{"line":184,"column":null}},{"start":{},"end":{}}],"line":184},"21":{"loc":{"start":{"line":190,"column":10},"end":{"line":197,"column":null}},"type":"cond-expr","locations":[{"start":{"line":191,"column":10},"end":{"line":196,"column":null}},{"start":{"line":197,"column":10},"end":{"line":197,"column":null}}],"line":190},"22":{"loc":{"start":{"line":216,"column":20},"end":{"line":216,"column":null}},"type":"cond-expr","locations":[{"start":{"line":216,"column":56},"end":{"line":216,"column":77}},{"start":{"line":216,"column":77},"end":{"line":216,"column":null}}],"line":216},"23":{"loc":{"start":{"line":218,"column":69},"end":{"line":218,"column":94}},"type":"binary-expr","locations":[{"start":{"line":218,"column":69},"end":{"line":218,"column":90}},{"start":{"line":218,"column":90},"end":{"line":218,"column":94}}],"line":218},"24":{"loc":{"start":{"line":220,"column":4},"end":{"line":222,"column":null}},"type":"if","locations":[{"start":{"line":220,"column":4},"end":{"line":222,"column":null}},{"start":{},"end":{}}],"line":220},"25":{"loc":{"start":{"line":224,"column":7},"end":{"line":224,"column":null}},"type":"binary-expr","locations":[{"start":{"line":224,"column":7},"end":{"line":224,"column":37}},{"start":{"line":224,"column":37},"end":{"line":224,"column":null}}],"line":224},"26":{"loc":{"start":{"line":225,"column":7},"end":{"line":225,"column":null}},"type":"binary-expr","locations":[{"start":{"line":225,"column":7},"end":{"line":225,"column":38}},{"start":{"line":225,"column":38},"end":{"line":225,"column":null}}],"line":225},"27":{"loc":{"start":{"line":226,"column":7},"end":{"line":226,"column":null}},"type":"binary-expr","locations":[{"start":{"line":226,"column":7},"end":{"line":226,"column":41}},{"start":{"line":226,"column":41},"end":{"line":226,"column":null}}],"line":226},"28":{"loc":{"start":{"line":227,"column":7},"end":{"line":227,"column":null}},"type":"binary-expr","locations":[{"start":{"line":227,"column":7},"end":{"line":227,"column":43}},{"start":{"line":227,"column":43},"end":{"line":227,"column":null}}],"line":227},"29":{"loc":{"start":{"line":228,"column":7},"end":{"line":228,"column":null}},"type":"binary-expr","locations":[{"start":{"line":228,"column":7},"end":{"line":228,"column":44}},{"start":{"line":228,"column":44},"end":{"line":228,"column":null}}],"line":228},"30":{"loc":{"start":{"line":230,"column":16},"end":{"line":230,"column":null}},"type":"binary-expr","locations":[{"start":{"line":230,"column":16},"end":{"line":230,"column":55}},{"start":{"line":230,"column":55},"end":{"line":230,"column":null}}],"line":230},"31":{"loc":{"start":{"line":232,"column":23},"end":{"line":232,"column":null}},"type":"cond-expr","locations":[{"start":{"line":232,"column":45},"end":{"line":232,"column":100}},{"start":{"line":232,"column":100},"end":{"line":232,"column":null}}],"line":232},"32":{"loc":{"start":{"line":241,"column":11},"end":{"line":241,"column":null}},"type":"cond-expr","locations":[{"start":{"line":241,"column":47},"end":{"line":241,"column":95}},{"start":{"line":241,"column":95},"end":{"line":241,"column":null}}],"line":241},"33":{"loc":{"start":{"line":247,"column":20},"end":{"line":247,"column":null}},"type":"cond-expr","locations":[{"start":{"line":247,"column":56},"end":{"line":247,"column":77}},{"start":{"line":247,"column":77},"end":{"line":247,"column":null}}],"line":247},"34":{"loc":{"start":{"line":266,"column":18},"end":{"line":266,"column":null}},"type":"binary-expr","locations":[{"start":{"line":266,"column":18},"end":{"line":266,"column":46}},{"start":{"line":266,"column":46},"end":{"line":266,"column":null}}],"line":266},"35":{"loc":{"start":{"line":272,"column":21},"end":{"line":272,"column":null}},"type":"binary-expr","locations":[{"start":{"line":272,"column":21},"end":{"line":272,"column":36}},{"start":{"line":272,"column":36},"end":{"line":272,"column":null}}],"line":272}},"s":{"0":1,"1":0,"2":0,"3":0,"4":0,"5":0,"6":0,"7":0,"8":41,"9":41,"10":41,"11":41,"12":41,"13":41,"14":41,"15":41,"16":41,"17":41,"18":41,"19":15,"20":41,"21":41,"22":41,"23":90,"24":41,"25":15,"26":8,"27":41,"28":41,"29":41,"30":0,"31":0,"32":0,"33":0,"34":0,"35":0,"36":0,"37":0,"38":0,"39":0,"40":0,"41":41,"42":0,"43":0,"44":0,"45":41,"46":0,"47":0,"48":0,"49":0,"50":41,"51":1,"52":1,"53":1,"54":1,"55":1,"56":1,"57":0,"58":1,"59":1,"60":1,"61":1,"62":0,"63":0,"64":1,"65":41,"66":1,"67":1,"68":0,"69":1,"70":0,"71":1,"72":1,"73":0,"74":0,"75":1,"76":0,"77":1,"78":1,"79":1,"80":0,"81":1,"82":41,"83":16,"84":16,"85":16,"86":1,"87":1,"88":16,"89":0,"90":16,"91":16,"92":16,"93":0,"94":16,"95":0,"96":16,"97":16,"98":41,"99":14,"100":1,"101":41,"102":14,"103":14,"104":14,"105":1,"106":14,"107":41},"f":{"0":0,"1":0,"2":0,"3":0,"4":41,"5":15,"6":90,"7":15,"8":8,"9":0,"10":0,"11":0,"12":0,"13":0,"14":0,"15":0,"16":1,"17":1,"18":1,"19":1,"20":0,"21":1,"22":1,"23":0,"24":16,"25":1,"26":1,"27":0,"28":0,"29":14,"30":1,"31":14},"b":{"0":[15,11],"1":[41,41],"2":[4,11],"3":[30,11],"4":[41,41],"5":[0,0],"6":[0,0],"7":[0,0],"8":[0,0],"9":[0,0],"10":[0,0],"11":[0,0],"12":[1,0],"13":[1,0],"14":[0,0],"15":[0,1],"16":[1,0],"17":[0,1],"18":[1,1],"19":[0,1],"20":[0,1],"21":[1,0],"22":[3,13],"23":[0,0],"24":[16,0],"25":[0,0],"26":[16,0],"27":[16,0],"28":[16,0],"29":[16,0],"30":[0,0],"31":[0,0],"32":[3,11],"33":[3,11],"34":[41,39],"35":[41,11]},"meta":{"lastBranch":36,"lastFunction":32,"lastStatement":108,"seen":{"s:17:22:23:Infinity":0,"f:17:22:17:23":0,"s:18:2:23:Infinity":1,"f:18:22:18:23":1,"s:19:19:19:Infinity":2,"s:20:4:20:Infinity":3,"f:20:20:20:26":2,"s:20:26:20:Infinity":4,"s:21:4:21:Infinity":5,"f:21:21:21:27":3,"s:21:27:21:Infinity":6,"s:22:4:22:Infinity":7,"f:30:16:30:29":4,"s:31:8:31:Infinity":8,"s:32:8:32:Infinity":9,"s:33:44:33:Infinity":10,"s:34:40:34:Infinity":11,"s:35:26:35:Infinity":12,"s:36:36:36:Infinity":13,"s:37:8:37:Infinity":14,"s:38:8:38:Infinity":15,"s:39:8:39:Infinity":16,"s:40:2:40:Infinity":17,"s:42:8:42:Infinity":18,"f:42:25:42:31":5,"s:42:31:42:63":19,"b:42:31:42:59:42:59:42:63":0,"s:43:25:43:Infinity":20,"s:44:24:44:Infinity":21,"b:44:24:44:43:44:43:44:Infinity":1,"s:45:24:45:Infinity":22,"f:45:36:45:37":6,"s:45:47:45:73":23,"s:47:8:50:Infinity":24,"f:48:4:48:11":7,"s:48:11:48:Infinity":25,"b:48:45:48:91:48:91:48:Infinity":2,"f:48:66:48:67":8,"s:48:77:48:87":26,"s:51:23:51:Infinity":27,"b:51:54:51:64:51:64:51:Infinity":3,"s:52:22:52:Infinity":28,"b:52:22:52:39:52:39:52:Infinity":4,"s:54:26:63:Infinity":29,"f:54:26:54:33":9,"b:55:4:55:Infinity:undefined:undefined:undefined:undefined":5,"s:55:4:55:Infinity":30,"b:55:8:55:18:55:18:55:38":6,"s:55:38:55:Infinity":31,"s:56:37:56:Infinity":32,"s:57:4:61:Infinity":33,"b:58:6:58:Infinity:undefined:undefined:undefined:undefined":7,"s:58:6:58:Infinity":34,"b:58:10:58:45:58:45:58:78":8,"s:58:78:58:Infinity":35,"s:59:22:59:Infinity":36,"s:60:6:60:Infinity":37,"b:62:4:62:Infinity:undefined:undefined:undefined:undefined":9,"s:62:4:62:Infinity":38,"s:62:25:62:Infinity":39,"f:62:40:62:41":10,"s:62:50:62:68":40,"s:65:29:67:Infinity":41,"f:65:29:65:30":11,"s:66:4:66:Infinity":42,"f:66:19:66:20":12,"s:66:29:66:66":43,"f:66:41:66:42":13,"s:66:51:66:65":44,"s:69:8:79:Infinity":45,"f:70:16:70:28":14,"s:71:23:73:Infinity":46,"s:74:6:74:Infinity":47,"b:74:13:74:30:74:30:74:Infinity":10,"f:76:15:76:16":15,"b:77:6:77:Infinity:undefined:undefined:undefined:undefined":11,"s:77:6:77:Infinity":48,"s:77:20:77:Infinity":49,"s:81:8:172:Infinity":50,"f:82:16:82:23":16,"s:96:6:105:Infinity":51,"f:106:14:106:21":17,"s:107:6:109:Infinity":52,"s:110:31:112:Infinity":53,"s:114:32:135:Infinity":54,"f:114:52:114:57":18,"b:115:8:124:Infinity:undefined:undefined:undefined:undefined":12,"s:115:8:124:Infinity":55,"s:116:10:123:Infinity":56,"s:125:8:134:Infinity":57,"s:137:42:150:Infinity":58,"s:152:6:155:Infinity":59,"f:154:8:154:9":19,"s:154:18:154:Infinity":60,"b:154:23:154:31:154:31:154:36":13,"s:157:6:157:Infinity":61,"f:159:13:159:14":20,"b:160:6:165:Infinity:undefined:undefined:undefined:undefined":14,"s:160:6:165:Infinity":62,"s:161:8:164:Infinity":63,"f:167:15:167:16":21,"s:168:6:170:Infinity":64,"s:174:22:212:Infinity":65,"f:174:22:174:34":22,"s:175:17:175:Infinity":66,"b:176:4:176:Infinity:undefined:undefined:undefined:undefined":15,"s:176:4:176:Infinity":67,"b:176:8:176:17:176:17:176:43":16,"s:176:43:176:Infinity":68,"b:177:4:177:Infinity:undefined:undefined:undefined:undefined":17,"s:177:4:177:Infinity":69,"b:177:8:177:26:177:26:177:40":18,"s:177:40:177:Infinity":70,"s:179:26:179:Infinity":71,"b:180:4:183:Infinity:undefined:undefined:undefined:undefined":19,"s:180:4:183:Infinity":72,"s:181:22:181:Infinity":73,"s:182:6:182:Infinity":74,"b:184:4:184:Infinity:undefined:undefined:undefined:undefined":20,"s:184:4:184:Infinity":75,"s:184:26:184:Infinity":76,"s:186:4:186:Infinity":77,"s:187:4:187:Infinity":78,"s:189:23:204:Infinity":79,"b:191:10:196:Infinity:197:10:197:Infinity":21,"f:198:25:198:26":23,"s:198:36:203:8":80,"s:206:4:211:Infinity":81,"s:214:8:238:Infinity":82,"f:214:24:214:30":24,"s:215:22:215:Infinity":83,"s:216:20:216:Infinity":84,"b:216:56:216:77:216:77:216:Infinity":22,"s:217:30:217:Infinity":85,"f:217:42:217:43":25,"s:217:53:217:63":86,"f:217:72:217:73":26,"s:217:82:217:107":87,"s:218:22:218:Infinity":88,"f:218:47:218:48":27,"s:218:62:218:94":89,"b:218:69:218:90:218:90:218:94":23,"s:219:17:219:Infinity":90,"b:220:4:222:Infinity:undefined:undefined:undefined:undefined":24,"s:220:4:222:Infinity":91,"s:221:6:221:Infinity":92,"s:223:10:228:Infinity":93,"b:224:7:224:37:224:37:224:Infinity":25,"b:225:7:225:38:225:38:225:Infinity":26,"b:226:7:226:41:226:41:226:Infinity":27,"b:227:7:227:43:227:43:227:Infinity":28,"b:228:7:228:44:228:44:228:Infinity":29,"s:229:18:231:Infinity":94,"f:230:6:230:7":28,"s:230:16:230:Infinity":95,"b:230:16:230:55:230:55:230:Infinity":30,"s:232:23:232:Infinity":96,"b:232:45:232:100:232:100:232:Infinity":31,"s:233:4:237:Infinity":97,"s:240:8:243:Infinity":98,"f:241:4:241:11":29,"s:241:11:241:Infinity":99,"b:241:47:241:95:241:95:241:Infinity":32,"f:241:70:241:71":30,"s:241:81:241:91":100,"s:245:8:252:Infinity":101,"f:245:48:245:54":31,"s:246:40:246:Infinity":102,"s:247:20:247:Infinity":103,"b:247:56:247:77:247:77:247:Infinity":33,"s:248:4:250:Infinity":104,"s:249:6:249:Infinity":105,"s:251:4:251:Infinity":106,"s:254:2:287:Infinity":107,"b:266:18:266:46:266:46:266:Infinity":34,"b:272:21:272:36:272:36:272:Infinity":35}}}
,"/Users/Shared/dev/openspace/openspace-client/src/components/AgentSelector.tsx": {"path":"/Users/Shared/dev/openspace/openspace-client/src/components/AgentSelector.tsx","statementMap":{"0":{"start":{"line":11,"column":19},"end":{"line":11,"column":null}},"1":{"start":{"line":13,"column":2},"end":{"line":46,"column":null}},"2":{"start":{"line":33,"column":14},"end":{"line":41,"column":null}},"3":{"start":{"line":37,"column":31},"end":{"line":37,"column":null}}},"fnMap":{"0":{"name":"AgentSelector","decl":{"start":{"line":10,"column":16},"end":{"line":10,"column":30}},"loc":{"start":{"line":10,"column":79},"end":{"line":48,"column":null}},"line":10},"1":{"name":"(anonymous_1)","decl":{"start":{"line":32,"column":24},"end":{"line":32,"column":25}},"loc":{"start":{"line":33,"column":14},"end":{"line":41,"column":null}},"line":33},"2":{"name":"(anonymous_2)","decl":{"start":{"line":37,"column":25},"end":{"line":37,"column":31}},"loc":{"start":{"line":37,"column":31},"end":{"line":37,"column":null}},"line":37}},"branchMap":{"0":{"loc":{"start":{"line":39,"column":33},"end":{"line":39,"column":95}},"type":"cond-expr","locations":[{"start":{"line":39,"column":51},"end":{"line":39,"column":80}},{"start":{"line":39,"column":80},"end":{"line":39,"column":95}}],"line":39},"1":{"loc":{"start":{"line":40,"column":17},"end":{"line":40,"column":null}},"type":"binary-expr","locations":[{"start":{"line":40,"column":17},"end":{"line":40,"column":36}},{"start":{"line":40,"column":36},"end":{"line":40,"column":null}}],"line":40}},"s":{"0":50,"1":50,"2":93,"3":1},"f":{"0":50,"1":93,"2":1},"b":{"0":[39,54],"1":[93,39]},"meta":{"lastBranch":2,"lastFunction":3,"lastStatement":4,"seen":{"f:10:16:10:30":0,"s:11:19:11:Infinity":0,"s:13:2:46:Infinity":1,"f:32:24:32:25":1,"s:33:14:41:Infinity":2,"f:37:25:37:31":2,"s:37:31:37:Infinity":3,"b:39:51:39:80:39:80:39:95":0,"b:40:17:40:36:40:36:40:Infinity":1}}}
,"/Users/Shared/dev/openspace/openspace-client/src/components/ConnectionStatus.tsx": {"path":"/Users/Shared/dev/openspace/openspace-client/src/components/ConnectionStatus.tsx","statementMap":{"0":{"start":{"line":10,"column":2},"end":{"line":35,"column":null}}},"fnMap":{"0":{"name":"ConnectionStatus","decl":{"start":{"line":9,"column":16},"end":{"line":9,"column":33}},"loc":{"start":{"line":9,"column":90},"end":{"line":37,"column":null}},"line":9}},"branchMap":{"0":{"loc":{"start":{"line":15,"column":10},"end":{"line":15,"column":null}},"type":"cond-expr","locations":[{"start":{"line":15,"column":22},"end":{"line":15,"column":58}},{"start":{"line":15,"column":58},"end":{"line":15,"column":null}}],"line":15},"1":{"loc":{"start":{"line":21,"column":12},"end":{"line":21,"column":null}},"type":"cond-expr","locations":[{"start":{"line":21,"column":24},"end":{"line":21,"column":43}},{"start":{"line":21,"column":43},"end":{"line":21,"column":null}}],"line":21},"2":{"loc":{"start":{"line":24,"column":9},"end":{"line":24,"column":null}},"type":"cond-expr","locations":[{"start":{"line":24,"column":20},"end":{"line":24,"column":33}},{"start":{"line":24,"column":33},"end":{"line":24,"column":null}}],"line":24},"3":{"loc":{"start":{"line":24,"column":33},"end":{"line":24,"column":null}},"type":"cond-expr","locations":[{"start":{"line":24,"column":45},"end":{"line":24,"column":59}},{"start":{"line":24,"column":59},"end":{"line":24,"column":null}}],"line":24},"4":{"loc":{"start":{"line":26,"column":7},"end":{"line":33,"column":null}},"type":"binary-expr","locations":[{"start":{"line":26,"column":7},"end":{"line":26,"column":null}},{"start":{"line":27,"column":8},"end":{"line":33,"column":null}}],"line":26}},"s":{"0":8},"f":{"0":8},"b":{"0":[4,4],"1":[4,4],"2":[1,7],"3":[4,3],"4":[8,4]},"meta":{"lastBranch":5,"lastFunction":1,"lastStatement":1,"seen":{"f:9:16:9:33":0,"s:10:2:35:Infinity":0,"b:15:22:15:58:15:58:15:Infinity":0,"b:21:24:21:43:21:43:21:Infinity":1,"b:24:20:24:33:24:33:24:Infinity":2,"b:24:45:24:59:24:59:24:Infinity":3,"b:26:7:26:Infinity:27:8:33:Infinity":4}}}
,"/Users/Shared/dev/openspace/openspace-client/src/components/ContextMeter.tsx": {"path":"/Users/Shared/dev/openspace/openspace-client/src/components/ContextMeter.tsx","statementMap":{"0":{"start":{"line":10,"column":16},"end":{"line":10,"column":null}},"1":{"start":{"line":11,"column":17},"end":{"line":11,"column":null}},"2":{"start":{"line":12,"column":24},"end":{"line":12,"column":null}},"3":{"start":{"line":13,"column":17},"end":{"line":13,"column":null}},"4":{"start":{"line":15,"column":2},"end":{"line":70,"column":null}}},"fnMap":{"0":{"name":"ContextMeter","decl":{"start":{"line":9,"column":16},"end":{"line":9,"column":29}},"loc":{"start":{"line":9,"column":78},"end":{"line":72,"column":null}},"line":9}},"branchMap":{"0":{"loc":{"start":{"line":10,"column":16},"end":{"line":10,"column":null}},"type":"binary-expr","locations":[{"start":{"line":10,"column":16},"end":{"line":10,"column":30}},{"start":{"line":10,"column":30},"end":{"line":10,"column":null}}],"line":10}},"s":{"0":57,"1":57,"2":57,"3":57,"4":57},"f":{"0":57},"b":{"0":[57,2]},"meta":{"lastBranch":1,"lastFunction":1,"lastStatement":5,"seen":{"f:9:16:9:29":0,"s:10:16:10:Infinity":0,"b:10:16:10:30:10:30:10:Infinity":0,"s:11:17:11:Infinity":1,"s:12:24:12:Infinity":2,"s:13:17:13:Infinity":3,"s:15:2:70:Infinity":4}}}
,"/Users/Shared/dev/openspace/openspace-client/src/components/DialogConnectProvider.tsx": {"path":"/Users/Shared/dev/openspace/openspace-client/src/components/DialogConnectProvider.tsx","statementMap":{"0":{"start":{"line":17,"column":8},"end":{"line":17,"column":null}},"1":{"start":{"line":18,"column":26},"end":{"line":18,"column":null}},"2":{"start":{"line":19,"column":22},"end":{"line":19,"column":null}},"3":{"start":{"line":20,"column":8},"end":{"line":20,"column":null}},"4":{"start":{"line":21,"column":26},"end":{"line":21,"column":null}},"5":{"start":{"line":23,"column":8},"end":{"line":23,"column":null}},"6":{"start":{"line":23,"column":33},"end":{"line":23,"column":82}},"7":{"start":{"line":23,"column":60},"end":{"line":23,"column":79}},"8":{"start":{"line":25,"column":8},"end":{"line":44,"column":null}},"9":{"start":{"line":27,"column":6},"end":{"line":33,"column":null}},"10":{"start":{"line":36,"column":6},"end":{"line":38,"column":null}},"11":{"start":{"line":39,"column":6},"end":{"line":41,"column":null}},"12":{"start":{"line":42,"column":6},"end":{"line":42,"column":null}},"13":{"start":{"line":46,"column":23},"end":{"line":50,"column":null}},"14":{"start":{"line":47,"column":4},"end":{"line":47,"column":null}},"15":{"start":{"line":48,"column":4},"end":{"line":48,"column":null}},"16":{"start":{"line":48,"column":24},"end":{"line":48,"column":null}},"17":{"start":{"line":49,"column":4},"end":{"line":49,"column":null}},"18":{"start":{"line":52,"column":2},"end":{"line":52,"column":null}},"19":{"start":{"line":52,"column":17},"end":{"line":52,"column":null}},"20":{"start":{"line":54,"column":2},"end":{"line":113,"column":null}},"21":{"start":{"line":58,"column":25},"end":{"line":58,"column":null}},"22":{"start":{"line":87,"column":33},"end":{"line":87,"column":null}}},"fnMap":{"0":{"name":"DialogConnectProvider","decl":{"start":{"line":16,"column":16},"end":{"line":16,"column":38}},"loc":{"start":{"line":16,"column":82},"end":{"line":115,"column":null}},"line":16},"1":{"name":"(anonymous_1)","decl":{"start":{"line":23,"column":27},"end":{"line":23,"column":33}},"loc":{"start":{"line":23,"column":33},"end":{"line":23,"column":82}},"line":23},"2":{"name":"(anonymous_2)","decl":{"start":{"line":23,"column":53},"end":{"line":23,"column":54}},"loc":{"start":{"line":23,"column":60},"end":{"line":23,"column":79}},"line":23},"3":{"name":"(anonymous_3)","decl":{"start":{"line":26,"column":16},"end":{"line":26,"column":23}},"loc":{"start":{"line":26,"column":39},"end":{"line":34,"column":null}},"line":26},"4":{"name":"(anonymous_4)","decl":{"start":{"line":35,"column":15},"end":{"line":35,"column":21}},"loc":{"start":{"line":35,"column":21},"end":{"line":43,"column":null}},"line":35},"5":{"name":"(anonymous_5)","decl":{"start":{"line":46,"column":23},"end":{"line":46,"column":24}},"loc":{"start":{"line":46,"column":47},"end":{"line":50,"column":null}},"line":46},"6":{"name":"(anonymous_6)","decl":{"start":{"line":58,"column":19},"end":{"line":58,"column":25}},"loc":{"start":{"line":58,"column":25},"end":{"line":58,"column":null}},"line":58},"7":{"name":"(anonymous_7)","decl":{"start":{"line":87,"column":26},"end":{"line":87,"column":27}},"loc":{"start":{"line":87,"column":33},"end":{"line":87,"column":null}},"line":87}},"branchMap":{"0":{"loc":{"start":{"line":48,"column":4},"end":{"line":48,"column":null}},"type":"if","locations":[{"start":{"line":48,"column":4},"end":{"line":48,"column":null}},{"start":{},"end":{}}],"line":48},"1":{"loc":{"start":{"line":52,"column":2},"end":{"line":52,"column":null}},"type":"if","locations":[{"start":{"line":52,"column":2},"end":{"line":52,"column":null}},{"start":{},"end":{}}],"line":52},"2":{"loc":{"start":{"line":98,"column":24},"end":{"line":98,"column":null}},"type":"binary-expr","locations":[{"start":{"line":98,"column":24},"end":{"line":98,"column":53}},{"start":{"line":98,"column":53},"end":{"line":98,"column":null}}],"line":98},"3":{"loc":{"start":{"line":101,"column":15},"end":{"line":107,"column":null}},"type":"cond-expr","locations":[{"start":{"line":102,"column":16},"end":{"line":105,"column":null}},{"start":{"line":107,"column":16},"end":{"line":107,"column":null}}],"line":101}},"s":{"0":0,"1":0,"2":0,"3":0,"4":0,"5":0,"6":0,"7":0,"8":0,"9":0,"10":0,"11":0,"12":0,"13":0,"14":0,"15":0,"16":0,"17":0,"18":0,"19":0,"20":0,"21":0,"22":0},"f":{"0":0,"1":0,"2":0,"3":0,"4":0,"5":0,"6":0,"7":0},"b":{"0":[0,0],"1":[0,0],"2":[0,0],"3":[0,0]},"meta":{"lastBranch":4,"lastFunction":8,"lastStatement":23,"seen":{"f:16:16:16:38":0,"s:17:8:17:Infinity":0,"s:18:26:18:Infinity":1,"s:19:22:19:Infinity":2,"s:20:8:20:Infinity":3,"s:21:26:21:Infinity":4,"s:23:8:23:Infinity":5,"f:23:27:23:33":1,"s:23:33:23:82":6,"f:23:53:23:54":2,"s:23:60:23:79":7,"s:25:8:44:Infinity":8,"f:26:16:26:23":3,"s:27:6:33:Infinity":9,"f:35:15:35:21":4,"s:36:6:38:Infinity":10,"s:39:6:41:Infinity":11,"s:42:6:42:Infinity":12,"s:46:23:50:Infinity":13,"f:46:23:46:24":5,"s:47:4:47:Infinity":14,"b:48:4:48:Infinity:undefined:undefined:undefined:undefined":0,"s:48:4:48:Infinity":15,"s:48:24:48:Infinity":16,"s:49:4:49:Infinity":17,"b:52:2:52:Infinity:undefined:undefined:undefined:undefined":1,"s:52:2:52:Infinity":18,"s:52:17:52:Infinity":19,"s:54:2:113:Infinity":20,"f:58:19:58:25":6,"s:58:25:58:Infinity":21,"f:87:26:87:27":7,"s:87:33:87:Infinity":22,"b:98:24:98:53:98:53:98:Infinity":2,"b:102:16:105:Infinity:107:16:107:Infinity":3}}}
,"/Users/Shared/dev/openspace/openspace-client/src/components/DialogManageServers.tsx": {"path":"/Users/Shared/dev/openspace/openspace-client/src/components/DialogManageServers.tsx","statementMap":{"0":{"start":{"line":28,"column":16},"end":{"line":28,"column":null}},"1":{"start":{"line":29,"column":8},"end":{"line":29,"column":null}},"2":{"start":{"line":30,"column":26},"end":{"line":30,"column":null}},"3":{"start":{"line":31,"column":32},"end":{"line":31,"column":null}},"4":{"start":{"line":32,"column":22},"end":{"line":32,"column":null}},"5":{"start":{"line":33,"column":20},"end":{"line":33,"column":null}},"6":{"start":{"line":35,"column":18},"end":{"line":35,"column":null}},"7":{"start":{"line":37,"column":8},"end":{"line":43,"column":null}},"8":{"start":{"line":38,"column":20},"end":{"line":38,"column":null}},"9":{"start":{"line":39,"column":17},"end":{"line":39,"column":null}},"10":{"start":{"line":40,"column":4},"end":{"line":40,"column":null}},"11":{"start":{"line":40,"column":18},"end":{"line":40,"column":null}},"12":{"start":{"line":41,"column":4},"end":{"line":41,"column":null}},"13":{"start":{"line":41,"column":33},"end":{"line":41,"column":null}},"14":{"start":{"line":42,"column":4},"end":{"line":42,"column":null}},"15":{"start":{"line":42,"column":46},"end":{"line":42,"column":62}},"16":{"start":{"line":45,"column":8},"end":{"line":49,"column":null}},"17":{"start":{"line":46,"column":18},"end":{"line":46,"column":null}},"18":{"start":{"line":47,"column":4},"end":{"line":47,"column":null}},"19":{"start":{"line":47,"column":16},"end":{"line":47,"column":null}},"20":{"start":{"line":48,"column":4},"end":{"line":48,"column":null}},"21":{"start":{"line":48,"column":34},"end":{"line":48,"column":68}},"22":{"start":{"line":51,"column":24},"end":{"line":59,"column":null}},"23":{"start":{"line":52,"column":62},"end":{"line":52,"column":null}},"24":{"start":{"line":53,"column":4},"end":{"line":57,"column":null}},"25":{"start":{"line":55,"column":8},"end":{"line":55,"column":null}},"26":{"start":{"line":58,"column":4},"end":{"line":58,"column":null}},"27":{"start":{"line":61,"column":2},"end":{"line":65,"column":null}},"28":{"start":{"line":62,"column":4},"end":{"line":62,"column":null}},"29":{"start":{"line":63,"column":21},"end":{"line":63,"column":null}},"30":{"start":{"line":64,"column":4},"end":{"line":64,"column":null}},"31":{"start":{"line":64,"column":17},"end":{"line":64,"column":null}},"32":{"start":{"line":67,"column":24},"end":{"line":73,"column":null}},"33":{"start":{"line":68,"column":4},"end":{"line":68,"column":null}},"34":{"start":{"line":69,"column":10},"end":{"line":69,"column":null}},"35":{"start":{"line":70,"column":4},"end":{"line":70,"column":null}},"36":{"start":{"line":70,"column":21},"end":{"line":70,"column":null}},"37":{"start":{"line":71,"column":19},"end":{"line":71,"column":null}},"38":{"start":{"line":72,"column":4},"end":{"line":72,"column":null}},"39":{"start":{"line":75,"column":23},"end":{"line":79,"column":null}},"40":{"start":{"line":76,"column":4},"end":{"line":76,"column":null}},"41":{"start":{"line":76,"column":43},"end":{"line":76,"column":null}},"42":{"start":{"line":77,"column":4},"end":{"line":77,"column":null}},"43":{"start":{"line":78,"column":4},"end":{"line":78,"column":null}},"44":{"start":{"line":81,"column":20},"end":{"line":100,"column":null}},"45":{"start":{"line":82,"column":4},"end":{"line":82,"column":null}},"46":{"start":{"line":82,"column":18},"end":{"line":82,"column":null}},"47":{"start":{"line":83,"column":10},"end":{"line":83,"column":null}},"48":{"start":{"line":84,"column":4},"end":{"line":87,"column":null}},"49":{"start":{"line":85,"column":6},"end":{"line":85,"column":null}},"50":{"start":{"line":86,"column":6},"end":{"line":86,"column":null}},"51":{"start":{"line":89,"column":4},"end":{"line":89,"column":null}},"52":{"start":{"line":89,"column":22},"end":{"line":89,"column":57}},"53":{"start":{"line":90,"column":19},"end":{"line":90,"column":null}},"54":{"start":{"line":91,"column":4},"end":{"line":91,"column":null}},"55":{"start":{"line":91,"column":22},"end":{"line":91,"column":47}},"56":{"start":{"line":92,"column":4},"end":{"line":95,"column":null}},"57":{"start":{"line":93,"column":6},"end":{"line":93,"column":null}},"58":{"start":{"line":93,"column":24},"end":{"line":93,"column":74}},"59":{"start":{"line":94,"column":6},"end":{"line":94,"column":null}},"60":{"start":{"line":97,"column":4},"end":{"line":97,"column":null}},"61":{"start":{"line":98,"column":4},"end":{"line":98,"column":null}},"62":{"start":{"line":99,"column":4},"end":{"line":99,"column":null}},"63":{"start":{"line":102,"column":21},"end":{"line":124,"column":null}},"64":{"start":{"line":103,"column":4},"end":{"line":103,"column":null}},"65":{"start":{"line":103,"column":19},"end":{"line":103,"column":null}},"66":{"start":{"line":104,"column":10},"end":{"line":104,"column":null}},"67":{"start":{"line":105,"column":4},"end":{"line":108,"column":null}},"68":{"start":{"line":106,"column":6},"end":{"line":106,"column":null}},"69":{"start":{"line":107,"column":6},"end":{"line":107,"column":null}},"70":{"start":{"line":109,"column":4},"end":{"line":112,"column":null}},"71":{"start":{"line":110,"column":6},"end":{"line":110,"column":null}},"72":{"start":{"line":111,"column":6},"end":{"line":111,"column":null}},"73":{"start":{"line":114,"column":4},"end":{"line":114,"column":null}},"74":{"start":{"line":114,"column":23},"end":{"line":114,"column":58}},"75":{"start":{"line":115,"column":19},"end":{"line":115,"column":null}},"76":{"start":{"line":116,"column":4},"end":{"line":116,"column":null}},"77":{"start":{"line":116,"column":23},"end":{"line":116,"column":48}},"78":{"start":{"line":117,"column":4},"end":{"line":120,"column":null}},"79":{"start":{"line":118,"column":6},"end":{"line":118,"column":null}},"80":{"start":{"line":118,"column":25},"end":{"line":118,"column":75}},"81":{"start":{"line":119,"column":6},"end":{"line":119,"column":null}},"82":{"start":{"line":122,"column":4},"end":{"line":122,"column":null}},"83":{"start":{"line":123,"column":4},"end":{"line":123,"column":null}},"84":{"start":{"line":126,"column":20},"end":{"line":128,"column":null}},"85":{"start":{"line":127,"column":4},"end":{"line":127,"column":null}},"86":{"start":{"line":130,"column":21},"end":{"line":132,"column":null}},"87":{"start":{"line":131,"column":4},"end":{"line":131,"column":null}},"88":{"start":{"line":134,"column":2},"end":{"line":358,"column":null}},"89":{"start":{"line":145,"column":31},"end":{"line":145,"column":null}},"90":{"start":{"line":159,"column":35},"end":{"line":159,"column":null}},"91":{"start":{"line":160,"column":36},"end":{"line":160,"column":null}},"92":{"start":{"line":161,"column":33},"end":{"line":161,"column":null}},"93":{"start":{"line":162,"column":34},"end":{"line":162,"column":null}},"94":{"start":{"line":163,"column":36},"end":{"line":163,"column":null}},"95":{"start":{"line":165,"column":18},"end":{"line":294,"column":null}},"96":{"start":{"line":173,"column":24},"end":{"line":173,"column":null}},"97":{"start":{"line":173,"column":50},"end":{"line":173,"column":null}},"98":{"start":{"line":174,"column":24},"end":{"line":174,"column":null}},"99":{"start":{"line":193,"column":46},"end":{"line":193,"column":null}},"100":{"start":{"line":194,"column":32},"end":{"line":194,"column":null}},"101":{"start":{"line":194,"column":51},"end":{"line":194,"column":81}},"102":{"start":{"line":195,"column":32},"end":{"line":195,"column":null}},"103":{"start":{"line":195,"column":68},"end":{"line":195,"column":114}},"104":{"start":{"line":195,"column":87},"end":{"line":195,"column":113}},"105":{"start":{"line":198,"column":32},"end":{"line":201,"column":null}},"106":{"start":{"line":199,"column":34},"end":{"line":199,"column":null}},"107":{"start":{"line":200,"column":34},"end":{"line":200,"column":null}},"108":{"start":{"line":202,"column":32},"end":{"line":205,"column":null}},"109":{"start":{"line":203,"column":34},"end":{"line":203,"column":null}},"110":{"start":{"line":204,"column":34},"end":{"line":204,"column":null}},"111":{"start":{"line":207,"column":44},"end":{"line":207,"column":null}},"112":{"start":{"line":238,"column":50},"end":{"line":238,"column":null}},"113":{"start":{"line":253,"column":34},"end":{"line":253,"column":null}},"114":{"start":{"line":254,"column":34},"end":{"line":254,"column":null}},"115":{"start":{"line":263,"column":36},"end":{"line":263,"column":null}},"116":{"start":{"line":264,"column":36},"end":{"line":264,"column":null}},"117":{"start":{"line":273,"column":36},"end":{"line":273,"column":null}},"118":{"start":{"line":274,"column":36},"end":{"line":274,"column":null}},"119":{"start":{"line":284,"column":34},"end":{"line":284,"column":null}},"120":{"start":{"line":285,"column":34},"end":{"line":285,"column":null}},"121":{"start":{"line":314,"column":40},"end":{"line":314,"column":null}},"122":{"start":{"line":315,"column":26},"end":{"line":315,"column":null}},"123":{"start":{"line":315,"column":44},"end":{"line":315,"column":74}},"124":{"start":{"line":316,"column":26},"end":{"line":316,"column":null}},"125":{"start":{"line":316,"column":62},"end":{"line":316,"column":107}},"126":{"start":{"line":316,"column":80},"end":{"line":316,"column":106}},"127":{"start":{"line":319,"column":26},"end":{"line":322,"column":null}},"128":{"start":{"line":320,"column":28},"end":{"line":320,"column":null}},"129":{"start":{"line":321,"column":28},"end":{"line":321,"column":null}},"130":{"start":{"line":324,"column":38},"end":{"line":324,"column":null}},"131":{"start":{"line":344,"column":12},"end":{"line":344,"column":null}}},"fnMap":{"0":{"name":"DialogManageServers","decl":{"start":{"line":27,"column":16},"end":{"line":27,"column":38}},"loc":{"start":{"line":27,"column":38},"end":{"line":360,"column":null}},"line":27},"1":{"name":"(anonymous_1)","decl":{"start":{"line":37,"column":24},"end":{"line":37,"column":30}},"loc":{"start":{"line":37,"column":30},"end":{"line":43,"column":5}},"line":37},"2":{"name":"(anonymous_2)","decl":{"start":{"line":42,"column":36},"end":{"line":42,"column":37}},"loc":{"start":{"line":42,"column":46},"end":{"line":42,"column":62}},"line":42},"3":{"name":"(anonymous_3)","decl":{"start":{"line":45,"column":27},"end":{"line":45,"column":33}},"loc":{"start":{"line":45,"column":33},"end":{"line":49,"column":5}},"line":45},"4":{"name":"(anonymous_4)","decl":{"start":{"line":48,"column":24},"end":{"line":48,"column":25}},"loc":{"start":{"line":48,"column":34},"end":{"line":48,"column":68}},"line":48},"5":{"name":"(anonymous_5)","decl":{"start":{"line":51,"column":24},"end":{"line":51,"column":36}},"loc":{"start":{"line":51,"column":36},"end":{"line":59,"column":null}},"line":51},"6":{"name":"(anonymous_6)","decl":{"start":{"line":54,"column":16},"end":{"line":54,"column":23}},"loc":{"start":{"line":54,"column":31},"end":{"line":56,"column":7}},"line":54},"7":{"name":"(anonymous_7)","decl":{"start":{"line":61,"column":12},"end":{"line":61,"column":18}},"loc":{"start":{"line":61,"column":18},"end":{"line":65,"column":5}},"line":61},"8":{"name":"(anonymous_8)","decl":{"start":{"line":64,"column":11},"end":{"line":64,"column":17}},"loc":{"start":{"line":64,"column":17},"end":{"line":64,"column":null}},"line":64},"9":{"name":"(anonymous_9)","decl":{"start":{"line":67,"column":24},"end":{"line":67,"column":31}},"loc":{"start":{"line":67,"column":96},"end":{"line":73,"column":null}},"line":67},"10":{"name":"(anonymous_10)","decl":{"start":{"line":75,"column":23},"end":{"line":75,"column":24}},"loc":{"start":{"line":75,"column":40},"end":{"line":79,"column":null}},"line":75},"11":{"name":"(anonymous_11)","decl":{"start":{"line":81,"column":20},"end":{"line":81,"column":27}},"loc":{"start":{"line":81,"column":45},"end":{"line":100,"column":null}},"line":81},"12":{"name":"(anonymous_12)","decl":{"start":{"line":89,"column":11},"end":{"line":89,"column":12}},"loc":{"start":{"line":89,"column":22},"end":{"line":89,"column":57}},"line":89},"13":{"name":"(anonymous_13)","decl":{"start":{"line":91,"column":11},"end":{"line":91,"column":12}},"loc":{"start":{"line":91,"column":22},"end":{"line":91,"column":47}},"line":91},"14":{"name":"(anonymous_14)","decl":{"start":{"line":93,"column":13},"end":{"line":93,"column":14}},"loc":{"start":{"line":93,"column":24},"end":{"line":93,"column":74}},"line":93},"15":{"name":"(anonymous_15)","decl":{"start":{"line":102,"column":21},"end":{"line":102,"column":28}},"loc":{"start":{"line":102,"column":64},"end":{"line":124,"column":null}},"line":102},"16":{"name":"(anonymous_16)","decl":{"start":{"line":114,"column":12},"end":{"line":114,"column":13}},"loc":{"start":{"line":114,"column":23},"end":{"line":114,"column":58}},"line":114},"17":{"name":"(anonymous_17)","decl":{"start":{"line":116,"column":12},"end":{"line":116,"column":13}},"loc":{"start":{"line":116,"column":23},"end":{"line":116,"column":48}},"line":116},"18":{"name":"(anonymous_18)","decl":{"start":{"line":118,"column":14},"end":{"line":118,"column":15}},"loc":{"start":{"line":118,"column":25},"end":{"line":118,"column":75}},"line":118},"19":{"name":"(anonymous_19)","decl":{"start":{"line":126,"column":20},"end":{"line":126,"column":21}},"loc":{"start":{"line":126,"column":37},"end":{"line":128,"column":null}},"line":126},"20":{"name":"(anonymous_20)","decl":{"start":{"line":130,"column":21},"end":{"line":130,"column":27}},"loc":{"start":{"line":130,"column":27},"end":{"line":132,"column":null}},"line":130},"21":{"name":"(anonymous_21)","decl":{"start":{"line":145,"column":20},"end":{"line":145,"column":21}},"loc":{"start":{"line":145,"column":31},"end":{"line":145,"column":null}},"line":145},"22":{"name":"(anonymous_22)","decl":{"start":{"line":158,"column":30},"end":{"line":158,"column":31}},"loc":{"start":{"line":158,"column":39},"end":{"line":296,"column":17}},"line":158},"23":{"name":"(anonymous_23)","decl":{"start":{"line":172,"column":31},"end":{"line":172,"column":37}},"loc":{"start":{"line":172,"column":37},"end":{"line":175,"column":null}},"line":172},"24":{"name":"(anonymous_24)","decl":{"start":{"line":192,"column":40},"end":{"line":192,"column":41}},"loc":{"start":{"line":192,"column":51},"end":{"line":196,"column":null}},"line":192},"25":{"name":"(anonymous_25)","decl":{"start":{"line":194,"column":40},"end":{"line":194,"column":41}},"loc":{"start":{"line":194,"column":51},"end":{"line":194,"column":81}},"line":194},"26":{"name":"(anonymous_26)","decl":{"start":{"line":195,"column":58},"end":{"line":195,"column":59}},"loc":{"start":{"line":195,"column":68},"end":{"line":195,"column":114}},"line":195},"27":{"name":"(anonymous_27)","decl":{"start":{"line":195,"column":76},"end":{"line":195,"column":77}},"loc":{"start":{"line":195,"column":87},"end":{"line":195,"column":113}},"line":195},"28":{"name":"(anonymous_28)","decl":{"start":{"line":197,"column":41},"end":{"line":197,"column":42}},"loc":{"start":{"line":197,"column":52},"end":{"line":206,"column":null}},"line":197},"29":{"name":"(anonymous_29)","decl":{"start":{"line":207,"column":38},"end":{"line":207,"column":44}},"loc":{"start":{"line":207,"column":44},"end":{"line":207,"column":null}},"line":207},"30":{"name":"(anonymous_30)","decl":{"start":{"line":238,"column":39},"end":{"line":238,"column":40}},"loc":{"start":{"line":238,"column":50},"end":{"line":238,"column":null}},"line":238},"31":{"name":"(anonymous_31)","decl":{"start":{"line":252,"column":41},"end":{"line":252,"column":42}},"loc":{"start":{"line":252,"column":52},"end":{"line":255,"column":null}},"line":252},"32":{"name":"(anonymous_32)","decl":{"start":{"line":262,"column":43},"end":{"line":262,"column":44}},"loc":{"start":{"line":262,"column":54},"end":{"line":265,"column":null}},"line":262},"33":{"name":"(anonymous_33)","decl":{"start":{"line":272,"column":43},"end":{"line":272,"column":44}},"loc":{"start":{"line":272,"column":54},"end":{"line":275,"column":null}},"line":272},"34":{"name":"(anonymous_34)","decl":{"start":{"line":283,"column":41},"end":{"line":283,"column":42}},"loc":{"start":{"line":283,"column":52},"end":{"line":286,"column":null}},"line":283},"35":{"name":"(anonymous_35)","decl":{"start":{"line":313,"column":34},"end":{"line":313,"column":35}},"loc":{"start":{"line":313,"column":45},"end":{"line":317,"column":null}},"line":313},"36":{"name":"(anonymous_36)","decl":{"start":{"line":315,"column":33},"end":{"line":315,"column":34}},"loc":{"start":{"line":315,"column":44},"end":{"line":315,"column":74}},"line":315},"37":{"name":"(anonymous_37)","decl":{"start":{"line":316,"column":52},"end":{"line":316,"column":53}},"loc":{"start":{"line":316,"column":62},"end":{"line":316,"column":107}},"line":316},"38":{"name":"(anonymous_38)","decl":{"start":{"line":316,"column":69},"end":{"line":316,"column":70}},"loc":{"start":{"line":316,"column":80},"end":{"line":316,"column":106}},"line":316},"39":{"name":"(anonymous_39)","decl":{"start":{"line":318,"column":35},"end":{"line":318,"column":36}},"loc":{"start":{"line":318,"column":46},"end":{"line":323,"column":null}},"line":318},"40":{"name":"(anonymous_40)","decl":{"start":{"line":324,"column":32},"end":{"line":324,"column":38}},"loc":{"start":{"line":324,"column":38},"end":{"line":324,"column":null}},"line":324},"41":{"name":"(anonymous_41)","decl":{"start":{"line":343,"column":19},"end":{"line":343,"column":25}},"loc":{"start":{"line":343,"column":25},"end":{"line":345,"column":null}},"line":343}},"branchMap":{"0":{"loc":{"start":{"line":40,"column":4},"end":{"line":40,"column":null}},"type":"if","locations":[{"start":{"line":40,"column":4},"end":{"line":40,"column":null}},{"start":{},"end":{}}],"line":40},"1":{"loc":{"start":{"line":41,"column":4},"end":{"line":41,"column":null}},"type":"if","locations":[{"start":{"line":41,"column":4},"end":{"line":41,"column":null}},{"start":{},"end":{}}],"line":41},"2":{"loc":{"start":{"line":47,"column":4},"end":{"line":47,"column":null}},"type":"if","locations":[{"start":{"line":47,"column":4},"end":{"line":47,"column":null}},{"start":{},"end":{}}],"line":47},"3":{"loc":{"start":{"line":70,"column":4},"end":{"line":70,"column":null}},"type":"if","locations":[{"start":{"line":70,"column":4},"end":{"line":70,"column":null}},{"start":{},"end":{}}],"line":70},"4":{"loc":{"start":{"line":76,"column":4},"end":{"line":76,"column":null}},"type":"if","locations":[{"start":{"line":76,"column":4},"end":{"line":76,"column":null}},{"start":{},"end":{}}],"line":76},"5":{"loc":{"start":{"line":82,"column":4},"end":{"line":82,"column":null}},"type":"if","locations":[{"start":{"line":82,"column":4},"end":{"line":82,"column":null}},{"start":{},"end":{}}],"line":82},"6":{"loc":{"start":{"line":84,"column":4},"end":{"line":87,"column":null}},"type":"if","locations":[{"start":{"line":84,"column":4},"end":{"line":87,"column":null}},{"start":{},"end":{}}],"line":84},"7":{"loc":{"start":{"line":92,"column":4},"end":{"line":95,"column":null}},"type":"if","locations":[{"start":{"line":92,"column":4},"end":{"line":95,"column":null}},{"start":{},"end":{}}],"line":92},"8":{"loc":{"start":{"line":103,"column":4},"end":{"line":103,"column":null}},"type":"if","locations":[{"start":{"line":103,"column":4},"end":{"line":103,"column":null}},{"start":{},"end":{}}],"line":103},"9":{"loc":{"start":{"line":105,"column":4},"end":{"line":108,"column":null}},"type":"if","locations":[{"start":{"line":105,"column":4},"end":{"line":108,"column":null}},{"start":{},"end":{}}],"line":105},"10":{"loc":{"start":{"line":109,"column":4},"end":{"line":112,"column":null}},"type":"if","locations":[{"start":{"line":109,"column":4},"end":{"line":112,"column":null}},{"start":{},"end":{}}],"line":109},"11":{"loc":{"start":{"line":117,"column":4},"end":{"line":120,"column":null}},"type":"if","locations":[{"start":{"line":117,"column":4},"end":{"line":120,"column":null}},{"start":{},"end":{}}],"line":117},"12":{"loc":{"start":{"line":154,"column":13},"end":{"line":332,"column":null}},"type":"cond-expr","locations":[{"start":{"line":155,"column":14},"end":{"line":155,"column":null}},{"start":{"line":157,"column":14},"end":{"line":332,"column":null}}],"line":154},"13":{"loc":{"start":{"line":170,"column":25},"end":{"line":170,"column":null}},"type":"cond-expr","locations":[{"start":{"line":170,"column":35},"end":{"line":170,"column":50}},{"start":{"line":170,"column":50},"end":{"line":170,"column":null}}],"line":170},"14":{"loc":{"start
[...]
,"/Users/Shared/dev/openspace/openspace-client/src/utils/server.ts": {"path":"/Users/Shared/dev/openspace/openspace-client/src/utils/server.ts","statementMap":{"0":{"start":{"line":2,"column":18},"end":{"line":2,"column":null}},"1":{"start":{"line":3,"column":2},"end":{"line":3,"column":null}},"2":{"start":{"line":3,"column":16},"end":{"line":3,"column":null}},"3":{"start":{"line":4,"column":23},"end":{"line":4,"column":null}},"4":{"start":{"line":5,"column":2},"end":{"line":5,"column":null}},"5":{"start":{"line":9,"column":2},"end":{"line":9,"column":null}},"6":{"start":{"line":9,"column":12},"end":{"line":9,"column":null}},"7":{"start":{"line":10,"column":2},"end":{"line":10,"column":null}}},"fnMap":{"0":{"name":"normalizeServerUrl","decl":{"start":{"line":1,"column":16},"end":{"line":1,"column":35}},"loc":{"start":{"line":1,"column":50},"end":{"line":6,"column":null}},"line":1},"1":{"name":"serverDisplayName","decl":{"start":{"line":8,"column":16},"end":{"line":8,"column":34}},"loc":{"start":{"line":8,"column":47},"end":{"line":11,"column":null}},"line":8}},"branchMap":{"0":{"loc":{"start":{"line":3,"column":2},"end":{"line":3,"column":null}},"type":"if","locations":[{"start":{"line":3,"column":2},"end":{"line":3,"column":null}},{"start":{},"end":{}}],"line":3},"1":{"loc":{"start":{"line":4,"column":23},"end":{"line":4,"column":null}},"type":"cond-expr","locations":[{"start":{"line":4,"column":54},"end":{"line":4,"column":64}},{"start":{"line":4,"column":64},"end":{"line":4,"column":null}}],"line":4},"2":{"loc":{"start":{"line":9,"column":2},"end":{"line":9,"column":null}},"type":"if","locations":[{"start":{"line":9,"column":2},"end":{"line":9,"column":null}},{"start":{},"end":{}}],"line":9}},"s":{"0":23,"1":23,"2":0,"3":23,"4":23,"5":6,"6":0,"7":6},"f":{"0":23,"1":6},"b":{"0":[0,23],"1":[23,0],"2":[0,6]},"meta":{"lastBranch":3,"lastFunction":2,"lastStatement":8,"seen":{"f:1:16:1:35":0,"s:2:18:2:Infinity":0,"b:3:2:3:Infinity:undefined:undefined:undefined:undefined":0,"s:3:2:3:Infinity":1,"s:3:16:3:Infinity":2,"s:4:23:4:Infinity":3,"b:4:54:4:64:4:64:4:Infinity":1,"s:5:2:5:Infinity":4,"f:8:16:8:34":1,"b:9:2:9:Infinity:undefined:undefined:undefined:undefined":2,"s:9:2:9:Infinity":5,"s:9:12:9:Infinity":6,"s:10:2:10:Infinity":7}}}
,"/Users/Shared/dev/openspace/openspace-client/src/utils/serverHealth.ts": {"path":"/Users/Shared/dev/openspace/openspace-client/src/utils/serverHealth.ts","statementMap":{"0":{"start":{"line":10,"column":22},"end":{"line":13,"column":null}},"1":{"start":{"line":11,"column":19},"end":{"line":11,"column":null}},"2":{"start":{"line":12,"column":2},"end":{"line":12,"column":null}},"3":{"start":{"line":20,"column":17},"end":{"line":20,"column":null}},"4":{"start":{"line":21,"column":8},"end":{"line":21,"column":null}},"5":{"start":{"line":22,"column":2},"end":{"line":25,"column":null}},"6":{"start":{"line":24,"column":23},"end":{"line":24,"column":97}},"7":{"start":{"line":25,"column":18},"end":{"line":25,"column":37}}},"fnMap":{"0":{"name":"(anonymous_0)","decl":{"start":{"line":10,"column":22},"end":{"line":10,"column":23}},"loc":{"start":{"line":10,"column":45},"end":{"line":13,"column":null}},"line":10},"1":{"name":"checkServerHealth","decl":{"start":{"line":15,"column":22},"end":{"line":15,"column":null}},"loc":{"start":{"line":19,"column":25},"end":{"line":26,"column":null}},"line":19},"2":{"name":"(anonymous_2)","decl":{"start":{"line":24,"column":10},"end":{"line":24,"column":11}},"loc":{"start":{"line":24,"column":23},"end":{"line":24,"column":97}},"line":24},"3":{"name":"(anonymous_3)","decl":{"start":{"line":25,"column":11},"end":{"line":25,"column":18}},"loc":{"start":{"line":25,"column":18},"end":{"line":25,"column":37}},"line":25}},"branchMap":{"0":{"loc":{"start":{"line":12,"column":9},"end":{"line":12,"column":null}},"type":"cond-expr","locations":[{"start":{"line":12,"column":19},"end":{"line":12,"column":40}},{"start":{"line":12,"column":40},"end":{"line":12,"column":null}}],"line":12},"1":{"loc":{"start":{"line":20,"column":17},"end":{"line":20,"column":null}},"type":"binary-expr","locations":[{"start":{"line":20,"column":17},"end":{"line":20,"column":33}},{"start":{"line":20,"column":33},"end":{"line":20,"column":null}}],"line":20},"2":{"loc":{"start":{"line":20,"column":47},"end":{"line":20,"column":70}},"type":"binary-expr","locations":[{"start":{"line":20,"column":47},"end":{"line":20,"column":66}},{"start":{"line":20,"column":66},"end":{"line":20,"column":70}}],"line":20}},"s":{"0":0,"1":0,"2":0,"3":0,"4":0,"5":0,"6":0,"7":0},"f":{"0":0,"1":0,"2":0,"3":0},"b":{"0":[0,0],"1":[0,0],"2":[0,0]},"meta":{"lastBranch":3,"lastFunction":4,"lastStatement":8,"seen":{"s:10:22:13:Infinity":0,"f:10:22:10:23":0,"s:11:19:11:Infinity":1,"s:12:2:12:Infinity":2,"b:12:19:12:40:12:40:12:Infinity":0,"f:15:22:15:Infinity":1,"s:20:17:20:Infinity":3,"b:20:17:20:33:20:33:20:Infinity":1,"b:20:47:20:66:20:66:20:70":2,"s:21:8:21:Infinity":4,"s:22:2:25:Infinity":5,"f:24:10:24:11":2,"s:24:23:24:97":6,"f:25:11:25:18":3,"s:25:18:25:37":7}}}
,"/Users/Shared/dev/openspace/openspace-client/src/utils/storage.ts": {"path":"/Users/Shared/dev/openspace/openspace-client/src/utils/storage.ts","statementMap":{"0":{"start":{"line":7,"column":21},"end":{"line":7,"column":null}},"1":{"start":{"line":8,"column":25},"end":{"line":8,"column":null}},"2":{"start":{"line":9,"column":20},"end":{"line":9,"column":null}},"3":{"start":{"line":10,"column":26},"end":{"line":10,"column":null}},"4":{"start":{"line":11,"column":27},"end":{"line":11,"column":null}},"5":{"start":{"line":13,"column":23},"end":{"line":58,"column":null}},"6":{"start":{"line":15,"column":4},"end":{"line":20,"column":null}},"7":{"start":{"line":16,"column":19},"end":{"line":16,"column":null}},"8":{"start":{"line":17,"column":6},"end":{"line":17,"column":null}},"9":{"start":{"line":19,"column":6},"end":{"line":19,"column":null}},"10":{"start":{"line":23,"column":4},"end":{"line":23,"column":null}},"11":{"start":{"line":26,"column":4},"end":{"line":26,"column":null}},"12":{"start":{"line":29,"column":4},"end":{"line":29,"column":null}},"13":{"start":{"line":32,"column":4},"end":{"line":37,"column":null}},"14":{"start":{"line":33,"column":19},"end":{"line":33,"column":null}},"15":{"start":{"line":34,"column":6},"end":{"line":34,"column":null}},"16":{"start":{"line":36,"column":6},"end":{"line":36,"column":null}},"17":{"start":{"line":40,"column":4},"end":{"line":40,"column":null}},"18":{"start":{"line":43,"column":4},"end":{"line":43,"column":null}},"19":{"start":{"line":46,"column":4},"end":{"line":46,"column":null}},"20":{"start":{"line":49,"column":4},"end":{"line":49,"column":null}},"21":{"start":{"line":52,"column":4},"end":{"line":55,"column":null}},"22":{"start":{"line":53,"column":6},"end":{"line":53,"column":null}},"23":{"start":{"line":54,"column":6},"end":{"line":54,"column":null}},"24":{"start":{"line":56,"column":4},"end":{"line":56,"column":null}}},"fnMap":{"0":{"name":"(anonymous_0)","decl":{"start":{"line":14,"column":15},"end":{"line":14,"column":38}},"loc":{"start":{"line":14,"column":38},"end":{"line":21,"column":null}},"line":14},"1":{"name":"(anonymous_1)","decl":{"start":{"line":22,"column":16},"end":{"line":22,"column":17}},"loc":{"start":{"line":22,"column":47},"end":{"line":24,"column":null}},"line":22},"2":{"name":"(anonymous_2)","decl":{"start":{"line":25,"column":22},"end":{"line":25,"column":43}},"loc":{"start":{"line":25,"column":43},"end":{"line":27,"column":null}},"line":25},"3":{"name":"(anonymous_3)","decl":{"start":{"line":28,"column":23},"end":{"line":28,"column":24}},"loc":{"start":{"line":28,"column":41},"end":{"line":30,"column":null}},"line":28},"4":{"name":"(anonymous_4)","decl":{"start":{"line":31,"column":14},"end":{"line":31,"column":30}},"loc":{"start":{"line":31,"column":30},"end":{"line":38,"column":null}},"line":31},"5":{"name":"(anonymous_5)","decl":{"start":{"line":39,"column":15},"end":{"line":39,"column":16}},"loc":{"start":{"line":39,"column":38},"end":{"line":41,"column":null}},"line":39},"6":{"name":"(anonymous_6)","decl":{"start":{"line":42,"column":19},"end":{"line":42,"column":40}},"loc":{"start":{"line":42,"column":40},"end":{"line":44,"column":null}},"line":42},"7":{"name":"(anonymous_7)","decl":{"start":{"line":45,"column":20},"end":{"line":45,"column":21}},"loc":{"start":{"line":45,"column":37},"end":{"line":47,"column":null}},"line":45},"8":{"name":"(anonymous_8)","decl":{"start":{"line":48,"column":20},"end":{"line":48,"column":41}},"loc":{"start":{"line":48,"column":41},"end":{"line":50,"column":null}},"line":48},"9":{"name":"(anonymous_9)","decl":{"start":{"line":51,"column":21},"end":{"line":51,"column":22}},"loc":{"start":{"line":51,"column":45},"end":{"line":57,"column":null}},"line":51}},"branchMap":{"0":{"loc":{"start":{"line":17,"column":13},"end":{"line":17,"column":null}},"type":"cond-expr","locations":[{"start":{"line":17,"column":20},"end":{"line":17,"column":39}},{"start":{"line":17,"column":39},"end":{"line":17,"column":null}}],"line":17},"1":{"loc":{"start":{"line":34,"column":13},"end":{"line":34,"column":null}},"type":"cond-expr","locations":[{"start":{"line":34,"column":20},"end":{"line":34,"column":39}},{"start":{"line":34,"column":39},"end":{"line":34,"column":null}}],"line":34},"2":{"loc":{"start":{"line":52,"column":4},"end":{"line":55,"column":null}},"type":"if","locations":[{"start":{"line":52,"column":4},"end":{"line":55,"column":null}},{"start":{},"end":{}}],"line":52}},"s":{"0":23,"1":23,"2":23,"3":23,"4":23,"5":23,"6":8,"7":8,"8":8,"9":1,"10":7,"11":5,"12":6,"13":82,"14":82,"15":82,"16":0,"17":82,"18":82,"19":82,"20":82,"21":82,"22":82,"23":82,"24":0},"f":{"0":8,"1":7,"2":5,"3":6,"4":82,"5":82,"6":82,"7":82,"8":82,"9":82},"b":{"0":[6,2],"1":[73,9],"2":[82,0]},"meta":{"lastBranch":3,"lastFunction":10,"lastStatement":25,"seen":{"s:7:21:7:Infinity":0,"s:8:25:8:Infinity":1,"s:9:20:9:Infinity":2,"s:10:26:10:Infinity":3,"s:11:27:11:Infinity":4,"s:13:23:58:Infinity":5,"f:14:15:14:38":0,"s:15:4:20:Infinity":6,"s:16:19:16:Infinity":7,"s:17:6:17:Infinity":8,"b:17:20:17:39:17:39:17:Infinity":0,"s:19:6:19:Infinity":9,"f:22:16:22:17":1,"s:23:4:23:Infinity":10,"f:25:22:25:43":2,"s:26:4:26:Infinity":11,"f:28:23:28:24":3,"s:29:4:29:Infinity":12,"f:31:14:31:30":4,"s:32:4:37:Infinity":13,"s:33:19:33:Infinity":14,"s:34:6:34:Infinity":15,"b:34:20:34:39:34:39:34:Infinity":1,"s:36:6:36:Infinity":16,"f:39:15:39:16":5,"s:40:4:40:Infinity":17,"f:42:19:42:40":6,"s:43:4:43:Infinity":18,"f:45:20:45:21":7,"s:46:4:46:Infinity":19,"f:48:20:48:41":8,"s:49:4:49:Infinity":20,"f:51:21:51:22":9,"b:52:4:55:Infinity:undefined:undefined:undefined:undefined":2,"s:52:4:55:Infinity":21,"s:53:6:53:Infinity":22,"s:54:6:54:Infinity":23,"s:56:4:56:Infinity":24}}}
,"/Users/Shared/dev/openspace/openspace-client/src/utils/toastStore.ts": {"path":"/Users/Shared/dev/openspace/openspace-client/src/utils/toastStore.ts","statementMap":{"0":{"start":{"line":21,"column":18},"end":{"line":21,"column":null}},"1":{"start":{"line":22,"column":15},"end":{"line":22,"column":null}},"2":{"start":{"line":23,"column":26},"end":{"line":23,"column":null}},"3":{"start":{"line":25,"column":25},"end":{"line":25,"column":null}},"4":{"start":{"line":27,"column":13},"end":{"line":29,"column":null}},"5":{"start":{"line":28,"column":2},"end":{"line":28,"column":null}},"6":{"start":{"line":28,"column":34},"end":{"line":28,"column":44}},"7":{"start":{"line":31,"column":14},"end":{"line":31,"column":null}},"8":{"start":{"line":31,"column":20},"end":{"line":31,"column":null}},"9":{"start":{"line":33,"column":33},"end":{"line":36,"column":null}},"10":{"start":{"line":34,"column":2},"end":{"line":34,"column":null}},"11":{"start":{"line":35,"column":2},"end":{"line":35,"column":null}},"12":{"start":{"line":35,"column":15},"end":{"line":35,"column":null}},"13":{"start":{"line":38,"column":32},"end":{"line":38,"column":null}},"14":{"start":{"line":38,"column":38},"end":{"line":38,"column":null}},"15":{"start":{"line":40,"column":27},"end":{"line":43,"column":null}},"16":{"start":{"line":41,"column":2},"end":{"line":41,"column":null}},"17":{"start":{"line":41,"column":36},"end":{"line":41,"column":51}},"18":{"start":{"line":42,"column":2},"end":{"line":42,"column":null}},"19":{"start":{"line":45,"column":25},"end":{"line":60,"column":null}},"20":{"start":{"line":46,"column":13},"end":{"line":46,"column":null}},"21":{"start":{"line":47,"column":27},"end":{"line":53,"column":null}},"22":{"start":{"line":54,"column":2},"end":{"line":54,"column":null}},"23":{"start":{"line":55,"column":2},"end":{"line":55,"column":null}},"24":{"start":{"line":56,"column":2},"end":{"line":58,"column":null}},"25":{"start":{"line":57,"column":4},"end":{"line":57,"column":null}},"26":{"start":{"line":57,"column":32},"end":{"line":57,"column":49}},"27":{"start":{"line":59,"column":2},"end":{"line":59,"column":null}},"28":{"start":{"line":62,"column":29},"end":{"line":68,"column":null}},"29":{"start":{"line":63,"column":14},"end":{"line":63,"column":null}},"30":{"start":{"line":64,"column":15},"end":{"line":64,"column":null}},"31":{"start":{"line":65,"column":2},"end":{"line":65,"column":null}},"32":{"start":{"line":65,"column":37},"end":{"line":65,"column":null}},"33":{"start":{"line":66,"column":2},"end":{"line":66,"column":null}},"34":{"start":{"line":67,"column":2},"end":{"line":67,"column":null}}},"fnMap":{"0":{"name":"(anonymous_0)","decl":{"start":{"line":27,"column":13},"end":{"line":27,"column":19}},"loc":{"start":{"line":27,"column":19},"end":{"line":29,"column":null}},"line":27},"1":{"name":"(anonymous_1)","decl":{"start":{"line":28,"column":20},"end":{"line":28,"column":21}},"loc":{"start":{"line":28,"column":34},"end":{"line":28,"column":44}},"line":28},"2":{"name":"(anonymous_2)","decl":{"start":{"line":31,"column":14},"end":{"line":31,"column":20}},"loc":{"start":{"line":31,"column":20},"end":{"line":31,"column":null}},"line":31},"3":{"name":"(anonymous_3)","decl":{"start":{"line":33,"column":33},"end":{"line":33,"column":34}},"loc":{"start":{"line":33,"column":57},"end":{"line":36,"column":null}},"line":33},"4":{"name":"(anonymous_4)","decl":{"start":{"line":35,"column":9},"end":{"line":35,"column":15}},"loc":{"start":{"line":35,"column":15},"end":{"line":35,"column":null}},"line":35},"5":{"name":"(anonymous_5)","decl":{"start":{"line":38,"column":32},"end":{"line":38,"column":38}},"loc":{"start":{"line":38,"column":38},"end":{"line":38,"column":null}},"line":38},"6":{"name":"(anonymous_6)","decl":{"start":{"line":40,"column":27},"end":{"line":40,"column":28}},"loc":{"start":{"line":40,"column":43},"end":{"line":43,"column":null}},"line":40},"7":{"name":"(anonymous_7)","decl":{"start":{"line":41,"column":25},"end":{"line":41,"column":26}},"loc":{"start":{"line":41,"column":36},"end":{"line":41,"column":51}},"line":41},"8":{"name":"(anonymous_8)","decl":{"start":{"line":45,"column":25},"end":{"line":45,"column":26}},"loc":{"start":{"line":45,"column":48},"end":{"line":60,"column":null}},"line":45},"9":{"name":"(anonymous_9)","decl":{"start":{"line":57,"column":26},"end":{"line":57,"column":32}},"loc":{"start":{"line":57,"column":32},"end":{"line":57,"column":49}},"line":57},"10":{"name":"(anonymous_10)","decl":{"start":{"line":62,"column":29},"end":{"line":62,"column":30}},"loc":{"start":{"line":62,"column":82},"end":{"line":68,"column":null}},"line":62}},"branchMap":{"0":{"loc":{"start":{"line":46,"column":13},"end":{"line":46,"column":null}},"type":"binary-expr","locations":[{"start":{"line":46,"column":13},"end":{"line":46,"column":25}},{"start":{"line":46,"column":25},"end":{"line":46,"column":null}}],"line":46},"1":{"loc":{"start":{"line":51,"column":10},"end":{"line":51,"column":null}},"type":"binary-expr","locations":[{"start":{"line":51,"column":10},"end":{"line":51,"column":24}},{"start":{"line":51,"column":24},"end":{"line":51,"column":null}}],"line":51},"2":{"loc":{"start":{"line":52,"column":14},"end":{"line":52,"column":null}},"type":"binary-expr","locations":[{"start":{"line":52,"column":14},"end":{"line":52,"column":32}},{"start":{"line":52,"column":32},"end":{"line":52,"column":null}}],"line":52},"3":{"loc":{"start":{"line":56,"column":2},"end":{"line":58,"column":null}},"type":"if","locations":[{"start":{"line":56,"column":2},"end":{"line":58,"column":null}},{"start":{},"end":{}}],"line":56},"4":{"loc":{"start":{"line":62,"column":62},"end":{"line":62,"column":82}},"type":"default-arg","locations":[{"start":{"line":62,"column":73},"end":{"line":62,"column":82}}],"line":62},"5":{"loc":{"start":{"line":65,"column":2},"end":{"line":65,"column":null}},"type":"if","locations":[{"start":{"line":65,"column":2},"end":{"line":65,"column":null}},{"start":{},"end":{}}],"line":65},"6":{"loc":{"start":{"line":65,"column":6},"end":{"line":65,"column":37}},"type":"binary-expr","locations":[{"start":{"line":65,"column":6},"end":{"line":65,"column":14}},{"start":{"line":65,"column":14},"end":{"line":65,"column":37}}],"line":65}},"s":{"0":23,"1":23,"2":23,"3":23,"4":23,"5":2,"6":0,"7":23,"8":2,"9":23,"10":19,"11":19,"12":19,"13":23,"14":119,"15":23,"16":0,"17":0,"18":0,"19":23,"20":2,"21":2,"22":2,"23":2,"24":2,"25":2,"26":0,"27":2,"28":23,"29":3,"30":3,"31":3,"32":1,"33":2,"34":2},"f":{"0":2,"1":0,"2":2,"3":19,"4":19,"5":119,"6":0,"7":0,"8":2,"9":0,"10":3},"b":{"0":[2,2],"1":[2,0],"2":[2,2],"3":[2,0],"4":[3],"5":[1,2],"6":[3,1]},"meta":{"lastBranch":7,"lastFunction":11,"lastStatement":35,"seen":{"s:21:18:21:Infinity":0,"s:22:15:22:Infinity":1,"s:23:26:23:Infinity":2,"s:25:25:25:Infinity":3,"s:27:13:29:Infinity":4,"f:27:13:27:19":0,"s:28:2:28:Infinity":5,"f:28:20:28:21":1,"s:28:34:28:44":6,"s:31:14:31:Infinity":7,"f:31:14:31:20":2,"s:31:20:31:Infinity":8,"s:33:33:36:Infinity":9,"f:33:33:33:34":3,"s:34:2:34:Infinity":10,"s:35:2:35:Infinity":11,"f:35:9:35:15":4,"s:35:15:35:Infinity":12,"s:38:32:38:Infinity":13,"f:38:32:38:38":5,"s:38:38:38:Infinity":14,"s:40:27:43:Infinity":15,"f:40:27:40:28":6,"s:41:2:41:Infinity":16,"f:41:25:41:26":7,"s:41:36:41:51":17,"s:42:2:42:Infinity":18,"s:45:25:60:Infinity":19,"f:45:25:45:26":8,"s:46:13:46:Infinity":20,"b:46:13:46:25:46:25:46:Infinity":0,"s:47:27:53:Infinity":21,"b:51:10:51:24:51:24:51:Infinity":1,"b:52:14:52:32:52:32:52:Infinity":2,"s:54:2:54:Infinity":22,"s:55:2:55:Infinity":23,"b:56:2:58:Infinity:undefined:undefined:undefined:undefined":3,"s:56:2:58:Infinity":24,"s:57:4:57:Infinity":25,"f:57:26:57:32":9,"s:57:32:57:49":26,"s:59:2:59:Infinity":27,"s:62:29:68:Infinity":28,"f:62:29:62:30":10,"b:62:73:62:82":4,"s:63:14:63:Infinity":29,"s:64:15:64:Infinity":30,"b:65:2:65:Infinity:undefined:undefined:undefined:undefined":5,"s:65:2:65:Infinity":31,"b:65:6:65:14:65:14:65:37":6,"s:65:37:65:Infinity":32,"s:66:2:66:Infinity":33,"s:67:2:67:Infinity":34}}}
}
