TN:
SF:src/App.tsx
FN:19,App
FN:37,(anonymous_1)
FN:40,(anonymous_2)
FN:51,(anonymous_3)
FN:59,(anonymous_4)
FN:87,(anonymous_5)
FN:89,(anonymous_6)
FN:97,(anonymous_7)
FN:108,(anonymous_8)
FN:112,(anonymous_9)
FN:116,(anonymous_10)
FN:117,(anonymous_11)
FN:123,(anonymous_12)
FN:129,(anonymous_13)
FN:139,(anonymous_14)
FN:143,(anonymous_15)
FN:148,(anonymous_16)
FN:159,(anonymous_17)
FN:164,(anonymous_18)
FN:193,(anonymous_19)
FN:203,(anonymous_20)
FN:204,(anonymous_21)
FNF:22
FNH:15
FNDA:61,App
FNDA:19,(anonymous_1)
FNDA:9,(anonymous_2)
FNDA:3,(anonymous_3)
FNDA:13,(anonymous_4)
FNDA:3,(anonymous_5)
FNDA:4,(anonymous_6)
FNDA:2,(anonymous_7)
FNDA:4,(anonymous_8)
FNDA:47,(anonymous_9)
FNDA:19,(anonymous_10)
FNDA:126,(anonymous_11)
FNDA:0,(anonymous_12)
FNDA:0,(anonymous_13)
FNDA:0,(anonymous_14)
FNDA:0,(anonymous_15)
FNDA:0,(anonymous_16)
FNDA:19,(anonymous_17)
FNDA:19,(anonymous_18)
FNDA:2,(anonymous_19)
FNDA:0,(anonymous_20)
FNDA:0,(anonymous_21)
DA:20,61
DA:21,61
DA:22,61
DA:29,61
DA:31,61
DA:32,61
DA:33,61
DA:34,61
DA:37,61
DA:38,19
DA:39,19
DA:40,9
DA:48,6
DA:50,6
DA:51,6
DA:52,1
DA:53,1
DA:55,5
DA:56,5
DA:59,13
DA:60,13
DA:61,13
DA:62,13
DA:63,13
DA:65,13
DA:66,13
DA:74,13
DA:75,13
DA:76,13
DA:77,13
DA:79,0
DA:83,13
DA:87,61
DA:88,3
DA:89,4
DA:90,3
DA:91,1
DA:92,1
DA:93,1
DA:97,61
DA:98,2
DA:99,2
DA:106,2
DA:107,2
DA:108,4
DA:109,2
DA:112,61
DA:114,61
DA:116,19
DA:117,126
DA:120,61
DA:122,61
DA:124,0
DA:127,0
DA:130,0
DA:131,0
DA:132,0
DA:139,61
DA:140,0
DA:143,61
DA:144,0
DA:147,61
DA:149,0
DA:150,0
DA:151,0
DA:152,0
DA:159,61
DA:160,19
DA:161,0
DA:162,0
DA:164,19
DA:165,19
DA:166,19
DA:170,61
DA:172,61
DA:193,2
DA:203,0
LF:77
LH:62
BRDA:39,0,0,6
BRDA:39,0,1,13
BRDA:45,1,0,9
BRDA:45,1,1,0
BRDA:45,2,0,0
BRDA:45,2,1,0
BRDA:51,3,0,1
BRDA:51,3,1,5
BRDA:51,4,0,6
BRDA:51,4,1,2
BRDA:63,5,0,0
BRDA:63,5,1,13
BRDA:65,6,0,13
BRDA:65,6,1,0
BRDA:65,6,2,0
BRDA:90,7,0,1
BRDA:90,7,1,2
BRDA:98,8,0,2
BRDA:98,8,1,0
BRDA:117,9,0,126
BRDA:117,9,1,0
BRDA:120,10,0,61
BRDA:130,11,0,0
BRDA:130,11,1,0
BRDA:149,12,0,0
BRDA:149,12,1,0
BRDA:151,13,0,0
BRDA:151,13,1,0
BRDA:151,14,0,0
BRDA:151,14,1,0
BRDA:160,15,0,0
BRDA:160,15,1,19
BRDA:175,16,0,61
BRDA:175,16,1,34
BRDA:177,17,0,27
BRDA:177,17,1,34
BRDA:196,18,0,34
BRDA:196,18,1,34
BRDA:196,18,2,34
BRDA:218,19,0,34
BRDA:218,19,1,34
BRDA:232,20,0,34
BRDA:232,20,1,34
BRF:43
BRH:26
end_of_record
TN:
SF:src/components/AgentConsole.tsx
FN:17,(anonymous_0)
FN:18,(anonymous_1)
FN:20,(anonymous_2)
FN:21,(anonymous_3)
FN:30,AgentConsole
FN:42,(anonymous_5)
FN:45,(anonymous_6)
FN:48,(anonymous_7)
FN:48,(anonymous_8)
FN:54,(anonymous_9)
FN:62,(anonymous_10)
FN:65,(anonymous_11)
FN:66,(anonymous_12)
FN:66,(anonymous_13)
FN:70,(anonymous_14)
FN:76,(anonymous_15)
FN:82,(anonymous_16)
FN:106,(anonymous_17)
FN:114,(anonymous_18)
FN:154,(anonymous_19)
FN:159,(anonymous_20)
FN:167,(anonymous_21)
FN:174,(anonymous_22)
FN:198,(anonymous_23)
FN:214,(anonymous_24)
FN:217,(anonymous_25)
FN:217,(anonymous_26)
FN:218,(anonymous_27)
FN:230,(anonymous_28)
FN:241,(anonymous_29)
FN:241,(anonymous_30)
FN:245,(anonymous_31)
FNF:32
FNH:17
FNDA:0,(anonymous_0)
FNDA:0,(anonymous_1)
FNDA:0,(anonymous_2)
FNDA:0,(anonymous_3)
FNDA:41,AgentConsole
FNDA:15,(anonymous_5)
FNDA:90,(anonymous_6)
FNDA:15,(anonymous_7)
FNDA:8,(anonymous_8)
FNDA:0,(anonymous_9)
FNDA:0,(anonymous_10)
FNDA:0,(anonymous_11)
FNDA:0,(anonymous_12)
FNDA:0,(anonymous_13)
FNDA:0,(anonymous_14)
FNDA:0,(anonymous_15)
FNDA:1,(anonymous_16)
FNDA:1,(anonymous_17)
FNDA:1,(anonymous_18)
FNDA:1,(anonymous_19)
FNDA:0,(anonymous_20)
FNDA:1,(anonymous_21)
FNDA:1,(anonymous_22)
FNDA:0,(anonymous_23)
FNDA:16,(anonymous_24)
FNDA:1,(anonymous_25)
FNDA:1,(anonymous_26)
FNDA:0,(anonymous_27)
FNDA:0,(anonymous_28)
FNDA:14,(anonymous_29)
FNDA:1,(anonymous_30)
FNDA:14,(anonymous_31)
DA:17,1
DA:18,0
DA:19,0
DA:20,0
DA:21,0
DA:22,0
DA:31,41
DA:32,41
DA:33,41
DA:34,41
DA:35,41
DA:36,41
DA:37,41
DA:38,41
DA:39,41
DA:40,41
DA:42,41
DA:43,41
DA:44,41
DA:45,90
DA:47,41
DA:48,15
DA:51,41
DA:52,41
DA:54,41
DA:55,0
DA:56,0
DA:57,0
DA:58,0
DA:59,0
DA:60,0
DA:62,0
DA:65,41
DA:66,0
DA:69,41
DA:71,0
DA:74,0
DA:77,0
DA:81,41
DA:96,1
DA:107,1
DA:110,1
DA:114,1
DA:115,1
DA:116,1
DA:125,0
DA:137,1
DA:152,1
DA:154,1
DA:157,1
DA:160,0
DA:161,0
DA:168,1
DA:174,41
DA:175,1
DA:176,1
DA:177,1
DA:179,1
DA:180,1
DA:181,0
DA:182,0
DA:184,1
DA:186,1
DA:187,1
DA:189,1
DA:198,0
DA:206,1
DA:214,41
DA:215,16
DA:216,16
DA:217,16
DA:218,16
DA:219,16
DA:220,16
DA:221,16
DA:223,0
DA:229,16
DA:230,0
DA:232,16
DA:233,16
DA:240,41
DA:241,14
DA:245,41
DA:246,14
DA:247,14
DA:248,14
DA:249,1
DA:251,14
DA:254,41
LF:89
LH:65
BRDA:42,0,0,15
BRDA:42,0,1,11
BRDA:44,1,0,41
BRDA:44,1,1,41
BRDA:48,2,0,4
BRDA:48,2,1,11
BRDA:51,3,0,30
BRDA:51,3,1,11
BRDA:52,4,0,41
BRDA:52,4,1,41
BRDA:55,5,0,0
BRDA:55,5,1,0
BRDA:55,6,0,0
BRDA:55,6,1,0
BRDA:58,7,0,0
BRDA:58,7,1,0
BRDA:58,8,0,0
BRDA:58,8,1,0
BRDA:62,9,0,0
BRDA:62,9,1,0
BRDA:74,10,0,0
BRDA:74,10,1,0
BRDA:77,11,0,0
BRDA:77,11,1,0
BRDA:115,12,0,1
BRDA:115,12,1,0
BRDA:154,13,0,1
BRDA:154,13,1,0
BRDA:160,14,0,0
BRDA:160,14,1,0
BRDA:176,15,0,0
BRDA:176,15,1,1
BRDA:176,16,0,1
BRDA:176,16,1,0
BRDA:177,17,0,0
BRDA:177,17,1,1
BRDA:177,18,0,1
BRDA:177,18,1,1
BRDA:180,19,0,0
BRDA:180,19,1,1
BRDA:184,20,0,0
BRDA:184,20,1,1
BRDA:190,21,0,1
BRDA:190,21,1,0
BRDA:216,22,0,3
BRDA:216,22,1,13
BRDA:218,23,0,0
BRDA:218,23,1,0
BRDA:220,24,0,16
BRDA:220,24,1,0
BRDA:224,25,0,0
BRDA:224,25,1,0
BRDA:225,26,0,16
BRDA:225,26,1,0
BRDA:226,27,0,16
BRDA:226,27,1,0
BRDA:227,28,0,16
BRDA:227,28,1,0
BRDA:228,29,0,16
BRDA:228,29,1,0
BRDA:230,30,0,0
BRDA:230,30,1,0
BRDA:232,31,0,0
BRDA:232,31,1,0
BRDA:241,32,0,3
BRDA:241,32,1,11
BRDA:247,33,0,3
BRDA:247,33,1,11
BRDA:266,34,0,41
BRDA:266,34,1,39
BRDA:272,35,0,41
BRDA:272,35,1,11
BRF:72
BRH:35
end_of_record
TN:
SF:src/components/AgentSelector.tsx
FN:10,AgentSelector
FN:32,(anonymous_1)
FN:37,(anonymous_2)
FNF:3
FNH:3
FNDA:50,AgentSelector
FNDA:93,(anonymous_1)
FNDA:1,(anonymous_2)
DA:11,50
DA:13,50
DA:33,93
DA:37,1
LF:4
LH:4
BRDA:39,0,0,39
BRDA:39,0,1,54
BRDA:40,1,0,93
BRDA:40,1,1,39
BRF:4
BRH:4
end_of_record
TN:
SF:src/components/ConnectionStatus.tsx
FN:9,ConnectionStatus
FNF:1
FNH:1
FNDA:8,ConnectionStatus
DA:10,8
LF:1
LH:1
BRDA:15,0,0,4
BRDA:15,0,1,4
BRDA:21,1,0,4
BRDA:21,1,1,4
BRDA:24,2,0,1
BRDA:24,2,1,7
BRDA:24,3,0,4
BRDA:24,3,1,3
BRDA:26,4,0,8
BRDA:26,4,1,4
BRF:10
BRH:10
end_of_record
TN:
SF:src/components/ContextMeter.tsx
FN:9,ContextMeter
FNF:1
FNH:1
FNDA:57,ContextMeter
DA:10,57
DA:11,57
DA:12,57
DA:13,57
DA:15,57
LF:5
LH:5
BRDA:10,0,0,57
BRDA:10,0,1,2
BRF:2
BRH:2
end_of_record
TN:
SF:src/components/DialogConnectProvider.tsx
FN:16,DialogConnectProvider
FN:23,(anonymous_1)
FN:23,(anonymous_2)
FN:26,(anonymous_3)
FN:35,(anonymous_4)
FN:46,(anonymous_5)
FN:58,(anonymous_6)
FN:87,(anonymous_7)
FNF:8
FNH:0
FNDA:0,DialogConnectProvider
FNDA:0,(anonymous_1)
FNDA:0,(anonymous_2)
FNDA:0,(anonymous_3)
FNDA:0,(anonymous_4)
FNDA:0,(anonymous_5)
FNDA:0,(anonymous_6)
FNDA:0,(anonymous_7)
DA:17,0
DA:18,0
DA:19,0
DA:20,0
DA:21,0
DA:23,0
DA:25,0
DA:27,0
DA:36,0
DA:39,0
DA:42,0
DA:46,0
DA:47,0
DA:48,0
DA:49,0
DA:52,0
DA:54,0
DA:58,0
DA:87,0
LF:19
LH:0
BRDA:48,0,0,0
BRDA:48,0,1,0
BRDA:52,1,0,0
BRDA:52,1,1,0
BRDA:98,2,0,0
BRDA:98,2,1,0
BRDA:101,3,0,0
BRDA:101,3,1,0
BRF:8
BRH:0
end_of_record
TN:
SF:src/components/DialogManageServers.tsx
FN:27,DialogManageServers
FN:37,(anonymous_1)
FN:42,(anonymous_2)
FN:45,(anonymous_3)
FN:48,(anonymous_4)
FN:51,(anonymous_5)
FN:54,(anonymous_6)
FN:61,(anonymous_7)
FN:64,(anonymous_8)
FN:67,(anonymous_9)
FN:75,(anonymous_10)
FN:81,(anonymous_11)
FN:89,(anonymous_12)
FN:91,(anonymous_13)
FN:93,(anonymous_14)
FN:102,(anonymous_15)
FN:114,(anonymous_16)
FN:116,(anonymous_17)
FN:118,(anonymous_18)
FN:126,(anonymous_19)
FN:130,(anonymous_20)
FN:145,(anonymous_21)
FN:158,(anonymous_22)
FN:172,(anonymous_23)
FN:192,(anonymous_24)
FN:194,(anonymous_25)
FN:195,(anonymous_26)
FN:195,(anonymous_27)
FN:197,(anonymous_28)
FN:207,(anonymous_29)
FN:238,(anonymous_30)
FN:252,(anonymous_31)
FN:262,(anonymous_32)
FN:272,(anonymous_33)
FN:283,(anonymous_34)
FN:313,(anonymous_35)
FN:315,(anonymous_36)
FN:316,(anonymous_37)
FN:316,(anonymous_38)
FN:318,(anonymous_39)
FN:324,(anonymous_40)
FN:343,(anonymous_41)
FNF:42
FNH:0
FNDA:0,DialogManageServers
FNDA:0,(anonymous_1)
FNDA:0,(anonymous_2)
FNDA:0,(anonymous_3)
FNDA:0,(anonymous_4)
FNDA:0,(anonymous_5)
FNDA:0,(anonymous_6)
FNDA:0,(anonymous_7)
FNDA:0,(anonymous_8)
FNDA:0,(anonymous_9)
FNDA:0,(anonymous_10)
FNDA:0,(anonymous_11)
FNDA:0,(anonymous_12)
FNDA:0,(anonymous_13)
FNDA:0,(anonymous_14)
FNDA:0,(anonymous_15)
FNDA:0,(anonymous_16)
FNDA:0,(anonymous_17)
FNDA:0,(anonymous_18)
FNDA:0,(anonymous_19)
FNDA:0,(anonymous_20)
FNDA:0,(anonymous_21)
FNDA:0,(anonymous_22)
FNDA:0,(anonymous_23)
FNDA:0,(anonymous_24)
FNDA:0,(anonymous_25)
FNDA:0,(anonymous_26)
FNDA:0,(anonymous_27)
FNDA:0,(anonymous_28)
FNDA:0,(anonymous_29)
FNDA:0,(anonymous_30)
FNDA:0,(anonymous_31)
FNDA:0,(anonymous_32)
FNDA:0,(anonymous_33)
FNDA:0,(anonymous_34)
FNDA:0,(anonymous_35)
FNDA:0,(anonymous_36)
FNDA:0,(anonymous_37)
FNDA:0,(anonymous_38)
FNDA:0,(anonymous_39)
FNDA:0,(anonymous_40)
FNDA:0,(anonymous_41)
DA:28,0
DA:29,0
DA:30,0
DA:31,0
DA:32,0
DA:33,0
DA:35,0
DA:37,0
DA:38,0
DA:39,0
DA:40,0
DA:41,0
DA:42,0
DA:45,0
DA:46,0
DA:47,0
DA:48,0
DA:51,0
DA:52,0
DA:53,0
DA:55,0
DA:58,0
DA:61,0
DA:62,0
DA:63,0
DA:64,0
DA:67,0
DA:68,0
DA:69,0
DA:70,0
DA:71,0
DA:72,0
DA:75,0
DA:76,0
DA:77,0
DA:78,0
DA:81,0
DA:82,0
DA:83,0
DA:84,0
DA:85,0
DA:86,0
DA:89,0
DA:90,0
DA:91,0
DA:92,0
DA:93,0
DA:94,0
DA:97,0
DA:98,0
DA:99,0
DA:102,0
DA:103,0
DA:104,0
DA:105,0
DA:106,0
DA:107,0
DA:109,0
DA:110,0
DA:111,0
DA:114,0
DA:115,0
DA:116,0
DA:117,0
DA:118,0
DA:119,0
DA:122,0
DA:123,0
DA:126,0
DA:127,0
DA:130,0
DA:131,0
DA:134,0
DA:145,0
DA:159,0
DA:160,0
DA:161,0
DA:162,0
DA:163,0
DA:165,0
DA:173,0
DA:174,0
DA:193,0
DA:194,0
DA:195,0
DA:198,0
DA:199,0
DA:200,0
DA:202,0
DA:203,0
DA:204,0
DA:207,0
DA:238,0
DA:253,0
DA:254,0
DA:263,0
DA:264,0
DA:273,0
DA:274,0
DA:284,0
DA:285,0
DA:314,0
DA:315,0
DA:316,0
DA:319,0
DA:320,0
DA:321,0
DA:324,0
DA:344,0
LF:109
LH:0
BRDA:40,0,0,0
BRDA:40,0,1,0
BRDA:41,1,0,0
BRDA:41,1,1,0
BRDA:47,2,0,0
BRDA:47,2,1,0
BRDA:70,3,0,0
BRDA:70,3,1,0
BRDA:76,4,0,0
BRDA:76,4,1,0
BRDA:82,5,0,0
BRDA:82,5,1,0
BRDA:84,6,0,0
BRDA:84,6,1,0
BRDA:92,7,0,0
BRDA:92,7,1,0
BRDA:103,8,0,0
BRDA:103,8,1,0
BRDA:105,9,0,0
BRDA:105,9,1,0
BRDA:109,10,0,0
BRDA:109,10,1,0
BRDA:117,11,0,0
BRDA:117,11,1,0
BRDA:154,12,0,0
BRDA:154,12,1,0
BRDA:170,13,0,0
BRDA:170,13,1,0
BRDA:173,14,0,0
BRDA:173,14,1,0
BRDA:173,15,0,0
BRDA:173,15,1,0
BRDA:177,16,0,0
BRDA:177,16,1,0
BRDA:181,17,0,0
BRDA:181,17,1,0
BRDA:183,18,0,0
BRDA:183,18,1,0
BRDA:198,19,0,0
BRDA:198,19,1,0
BRDA:202,20,0,0
BRDA:202,20,1,0
BRDA:202,21,0,0
BRDA:202,21,1,0
BRDA:210,22,0,0
BRDA:210,22,1,0
BRDA:220,23,0,0
BRDA:220,23,1,0
BRDA:226,24,0,0
BRDA:226,24,1,0
BRDA:227,25,0,0
BRDA:227,25,1,0
BRDA:233,26,0,0
BRDA:233,26,1,0
BRDA:259,27,0,0
BRDA:259,27,1,0
BRDA:298,28,0,0
BRDA:298,28,1,0
BRDA:303,29,0,0
BRDA:303,29,1,0
BRDA:305,30,0,0
BRDA:305,30,1,0
BRDA:319,31,0,0
BRDA:319,31,1,0
BRDA:319,32,0,0
BRDA:319,32,1,0
BRDA:329,33,0,0
BRDA:329,33,1,0
BRF:68
BRH:0
end_of_record
TN:
SF:src/components/DialogSelectDirectory.tsx
FN:12,DialogSelectDirectory
FN:20,(anonymous_1)
FN:27,(anonymous_2)
FN:35,(anonymous_3)
FN:38,(anonymous_4)
FN:39,(anonymous_5)
FN:40,(anonymous_6)
FN:43,(anonymous_7)
FN:47,(anonymous_8)
FN:50,(anonymous_9)
FN:55,(anonymous_10)
FN:60,(anonymous_11)
FN:79,(anonymous_12)
FN:111,(anonymous_13)
FN:115,(anonymous_14)
FN:123,(anonymous_15)
FN:146,(anonymous_16)
FNF:17
FNH:0
FNDA:0,DialogSelectDirectory
FNDA:0,(anonymous_1)
FNDA:0,(anonymous_2)
FNDA:0,(anonymous_3)
FNDA:0,(anonymous_4)
FNDA:0,(anonymous_5)
FNDA:0,(anonymous_6)
FNDA:0,(anonymous_7)
FNDA:0,(anonymous_8)
FNDA:0,(anonymous_9)
FNDA:0,(anonymous_10)
FNDA:0,(anonymous_11)
FNDA:0,(anonymous_12)
FNDA:0,(anonymous_13)
FNDA:0,(anonymous_14)
FNDA:0,(anonymous_15)
FNDA:0,(anonymous_16)
DA:13,0
DA:14,0
DA:15,0
DA:16,0
DA:17,0
DA:18,0
DA:20,0
DA:21,0
DA:23,0
DA:27,0
DA:28,0
DA:30,0
DA:32,0
DA:34,0
DA:36,0
DA:37,0
DA:38,0
DA:39,0
DA:40,0
DA:41,0
DA:44,0
DA:47,0
DA:50,0
DA:51,0
DA:55,0
DA:56,0
DA:57,0
DA:60,0
DA:61,0
DA:62,0
DA:63,0
DA:64,0
DA:68,0
DA:79,0
DA:112,0
DA:115,0
DA:124,0
DA:125,0
DA:146,0
LF:39
LH:0
BRDA:21,0,0,0
BRDA:21,0,1,0
BRDA:28,1,0,0
BRDA:28,1,1,0
BRDA:36,2,0,0
BRDA:36,2,1,0
BRDA:37,3,0,0
BRDA:37,3,1,0
BRDA:44,4,0,0
BRDA:44,4,1,0
BRDA:51,5,0,0
BRDA:51,5,1,0
BRDA:62,6,0,0
BRDA:62,6,1,0
BRDA:64,7,0,0
BRDA:64,7,1,0
BRDA:101,8,0,0
BRDA:101,8,1,0
BRDA:101,9,0,0
BRDA:101,9,1,0
BRDA:105,10,0,0
BRDA:105,10,1,0
BRF:22
BRH:0
end_of_record
TN:
SF:src/components/DialogSelectProvider.tsx
FN:6,DialogSelectProvider
FN:25,(anonymous_1)
FN:30,(anonymous_2)
FNF:3
FNH:0
FNDA:0,DialogSelectProvider
FNDA:0,(anonymous_1)
FNDA:0,(anonymous_2)
DA:7,0
DA:8,0
DA:10,0
DA:11,0
DA:14,0
DA:15,0
DA:17,0
DA:26,0
DA:27,0
DA:30,0
LF:10
LH:0
BRDA:10,0,0,0
BRDA:10,0,1,0
BRDA:14,1,0,0
BRDA:14,1,1,0
BRDA:15,2,0,0
BRDA:15,2,1,0
BRDA:39,3,0,0
BRDA:39,3,1,0
BRF:8
BRH:0
end_of_record
TN:
SF:src/components/FileTree.tsx
FN:9,cn
FN:19,FileTree
FN:29,(anonymous_2)
FN:33,(anonymous_3)
FN:44,(anonymous_4)
FN:54,(anonymous_5)
FN:64,(anonymous_6)
FN:65,(anonymous_7)
FN:68,(anonymous_8)
FN:71,(anonymous_9)
FN:72,(anonymous_10)
FN:81,(anonymous_11)
FN:92,(anonymous_12)
FN:94,(anonymous_13)
FN:146,(anonymous_14)
FN:165,(anonymous_15)
FNF:16
FNH:15
FNDA:130,cn
FNDA:19,FileTree
FNDA:9,(anonymous_2)
FNDA:9,(anonymous_3)
FNDA:9,(anonymous_4)
FNDA:0,(anonymous_5)
FNDA:7,(anonymous_6)
FNDA:6,(anonymous_7)
FNDA:7,(anonymous_8)
FNDA:3,(anonymous_9)
FNDA:3,(anonymous_10)
FNDA:42,(anonymous_11)
FNDA:3,(anonymous_12)
FNDA:1,(anonymous_13)
FNDA:6,(anonymous_14)
FNDA:36,(anonymous_15)
DA:10,130
DA:20,19
DA:25,19
DA:26,19
DA:27,19
DA:29,19
DA:30,9
DA:32,9
DA:33,9
DA:37,9
DA:38,9
DA:42,9
DA:43,9
DA:44,9
DA:45,9
DA:46,9
DA:47,9
DA:54,0
DA:55,0
DA:56,0
DA:57,0
DA:60,9
DA:64,19
DA:65,7
DA:66,6
DA:68,7
DA:71,19
DA:72,3
DA:73,3
DA:74,3
DA:75,3
DA:76,3
DA:78,3
DA:81,19
DA:82,42
DA:83,42
DA:84,42
DA:85,42
DA:86,42
DA:88,42
DA:92,3
DA:95,1
DA:96,1
DA:146,6
DA:158,19
DA:165,36
LF:46
LH:42
BRDA:30,0,0,0
BRDA:30,0,1,9
BRDA:30,1,0,9
BRDA:30,1,1,9
BRDA:42,2,0,9
BRDA:42,2,1,0
BRDA:74,3,0,0
BRDA:74,3,1,3
BRDA:84,4,0,42
BRDA:84,4,1,39
BRDA:92,5,0,3
BRDA:92,5,1,0
BRDA:100,6,0,42
BRDA:100,6,1,12
BRDA:105,7,0,12
BRDA:105,7,1,30
BRDA:106,8,0,6
BRDA:106,8,1,6
BRDA:112,9,0,42
BRDA:112,9,1,3
BRDA:113,10,0,42
BRDA:113,10,1,1
BRDA:114,11,0,42
BRDA:114,11,1,0
BRDA:115,12,0,42
BRDA:115,12,1,38
BRDA:117,13,0,12
BRDA:117,13,1,30
BRDA:118,14,0,6
BRDA:118,14,1,6
BRDA:126,15,0,42
BRDA:126,15,1,3
BRDA:127,16,0,42
BRDA:127,16,1,1
BRDA:128,17,0,42
BRDA:128,17,1,0
BRDA:129,18,0,42
BRDA:129,18,1,38
BRDA:134,19,0,42
BRDA:134,19,1,4
BRDA:137,20,0,4
BRDA:137,20,1,3
BRDA:138,21,0,4
BRDA:138,21,1,1
BRDA:139,22,0,4
BRDA:139,22,1,0
BRDA:143,23,0,42
BRDA:143,23,1,12
BRDA:143,23,2,6
BRDA:147,24,0,6
BRDA:147,24,1,3
BRDA:165,25,0,19
BRDA:165,25,1,7
BRF:53
BRH:46
end_of_record
TN:
SF:src/components/MessageList.tsx
FN:16,(anonymous_0)
FN:18,MessageList
FN:19,(anonymous_2)
FN:19,(anonymous_3)
FN:23,(anonymous_4)
FN:27,(anonymous_5)
FN:43,(anonymous_6)
FN:46,(anonymous_7)
FN:53,(anonymous_8)
FN:56,(anonymous_9)
FN:60,(anonymous_10)
FN:67,(anonymous_11)
FN:68,(anonymous_12)
FN:69,(anonymous_13)
FN:70,(anonymous_14)
FN:93,(anonymous_15)
FN:103,(anonymous_16)
FN:103,(anonymous_17)
FN:128,UserMessageItem
FN:130,(anonymous_19)
FN:130,(anonymous_20)
FN:145,(anonymous_21)
FN:164,StepsFlow
FN:167,(anonymous_23)
FN:168,(anonymous_24)
FN:190,(anonymous_25)
FN:202,(anonymous_26)
FN:211,PartRenderer
FN:219,(anonymous_28)
FN:220,(anonymous_29)
FN:221,(anonymous_30)
FN:222,(anonymous_31)
FN:269,(anonymous_32)
FN:308,ToolOutput
FN:322,(anonymous_34)
FN:343,(anonymous_35)
FN:355,CopyButton
FN:357,(anonymous_37)
FN:360,(anonymous_38)
FNF:39
FNH:28
FNDA:17,(anonymous_0)
FNDA:79,MessageList
FNDA:40,(anonymous_2)
FNDA:3,(anonymous_3)
FNDA:40,(anonymous_4)
FNDA:21,(anonymous_5)
FNDA:38,(anonymous_6)
FNDA:5,(anonymous_7)
FNDA:41,(anonymous_8)
FNDA:4,(anonymous_9)
FNDA:41,(anonymous_10)
FNDA:20,(anonymous_11)
FNDA:17,(anonymous_12)
FNDA:18,(anonymous_13)
FNDA:18,(anonymous_14)
FNDA:9,(anonymous_15)
FNDA:9,(anonymous_16)
FNDA:7,(anonymous_17)
FNDA:4,UserMessageItem
FNDA:1,(anonymous_19)
FNDA:1,(anonymous_20)
FNDA:0,(anonymous_21)
FNDA:7,StepsFlow
FNDA:7,(anonymous_23)
FNDA:9,(anonymous_24)
FNDA:0,(anonymous_25)
FNDA:0,(anonymous_26)
FNDA:9,PartRenderer
FNDA:6,(anonymous_28)
FNDA:0,(anonymous_29)
FNDA:0,(anonymous_30)
FNDA:2,(anonymous_31)
FNDA:0,(anonymous_32)
FNDA:0,ToolOutput
FNDA:0,(anonymous_34)
FNDA:0,(anonymous_35)
FNDA:21,CopyButton
FNDA:0,(anonymous_37)
FNDA:0,(anonymous_38)
DA:16,17
DA:19,79
DA:20,79
DA:21,79
DA:23,79
DA:24,40
DA:25,40
DA:27,40
DA:28,21
DA:29,4
DA:30,4
DA:31,17
DA:32,17
DA:33,16
DA:35,1
DA:39,40
DA:40,40
DA:43,79
DA:44,38
DA:46,5
DA:48,33
DA:49,33
DA:53,79
DA:55,41
DA:56,5
DA:57,4
DA:60,41
DA:63,79
DA:68,20
DA:69,20
DA:70,20
DA:71,20
DA:72,20
DA:74,20
DA:94,9
DA:103,9
DA:129,4
DA:130,4
DA:131,4
DA:133,4
DA:145,0
DA:165,7
DA:167,7
DA:168,9
DA:169,7
DA:170,4
DA:171,3
DA:172,3
DA:173,3
DA:175,3
DA:176,3
DA:177,1
DA:178,0
DA:179,0
DA:180,0
DA:182,3
DA:184,1
DA:187,7
DA:190,0
DA:203,0
DA:212,9
DA:214,9
DA:215,7
DA:219,6
DA:220,0
DA:221,0
DA:223,2
DA:224,2
DA:225,2
DA:226,1
DA:246,2
DA:247,0
DA:254,2
DA:255,0
DA:256,0
DA:257,0
DA:259,0
DA:260,0
DA:261,0
DA:262,0
DA:263,0
DA:264,0
DA:266,0
DA:269,0
DA:291,2
DA:292,2
DA:305,0
DA:309,0
DA:310,0
DA:312,0
DA:313,0
DA:314,0
DA:316,0
DA:317,0
DA:319,0
DA:320,0
DA:321,0
DA:322,0
DA:325,0
DA:329,0
DA:330,0
DA:331,0
DA:333,0
DA:336,0
DA:337,0
DA:340,0
DA:341,0
DA:344,0
DA:352,0
DA:356,21
DA:357,21
DA:358,0
DA:359,0
DA:360,0
DA:362,21
LF:115
LH:69
BRDA:28,0,0,4
BRDA:28,0,1,17
BRDA:29,1,0,1
BRDA:29,1,1,3
BRDA:31,2,0,17
BRDA:31,2,1,0
BRDA:32,3,0,16
BRDA:32,3,1,1
BRDA:39,4,0,19
BRDA:39,4,1,21
BRDA:44,5,0,5
BRDA:44,5,1,33
BRDA:46,6,0,5
BRDA:46,6,1,5
BRDA:55,7,0,5
BRDA:55,7,1,36
BRDA:68,8,0,17
BRDA:68,8,1,5
BRDA:69,9,0,18
BRDA:69,9,1,14
BRDA:70,10,0,18
BRDA:70,10,1,11
BRDA:70,10,2,9
BRDA:72,11,0,17
BRDA:72,11,1,3
BRDA:72,12,0,20
BRDA:72,12,1,17
BRDA:76,13,0,20
BRDA:76,13,1,4
BRDA:79,14,0,4
BRDA:79,14,1,3
BRDA:84,15,0,20
BRDA:84,15,1,2
BRDA:86,16,0,1
BRDA:86,16,1,1
BRDA:90,17,0,20
BRDA:90,17,1,7
BRDA:98,18,0,20
BRDA:98,18,1,17
BRDA:103,19,0,7
BRDA:103,19,1,0
BRDA:111,20,0,79
BRDA:111,20,1,13
BRDA:115,21,0,13
BRDA:115,21,1,2
BRDA:130,22,0,1
BRDA:130,22,1,0
BRDA:131,23,0,4
BRDA:131,23,1,4
BRDA:139,24,0,4
BRDA:139,24,1,4
BRDA:139,24,2,0
BRDA:143,25,0,4
BRDA:143,25,1,0
BRDA:148,26,0,0
BRDA:148,26,1,0
BRDA:169,27,0,3
BRDA:169,27,1,4
BRDA:170,28,0,3
BRDA:170,28,1,1
BRDA:173,29,0,3
BRDA:173,29,1,0
BRDA:176,30,0,2
BRDA:176,30,1,1
BRDA:176,31,0,3
BRDA:176,31,1,1
BRDA:176,32,0,2
BRDA:176,32,1,0
BRDA:176,33,0,1
BRDA:176,33,1,0
BRDA:177,34,0,1
BRDA:177,34,1,1
BRDA:177,34,2,1
BRDA:177,35,0,0
BRDA:177,35,1,0
BRDA:178,36,0,0
BRDA:178,36,1,0
BRDA:178,37,0,0
BRDA:178,37,1,0
BRDA:179,38,0,0
BRDA:179,38,1,0
BRDA:179,38,2,0
BRDA:179,39,0,0
BRDA:179,39,1,0
BRDA:180,40,0,0
BRDA:180,40,1,0
BRDA:194,41,0,0
BRDA:194,41,1,7
BRDA:200,42,0,7
BRDA:200,42,1,0
BRDA:214,43,0,7
BRDA:214,43,1,2
BRDA:223,44,0,2
BRDA:223,44,1,1
BRDA:225,45,0,1
BRDA:225,45,1,1
BRDA:229,46,0,1
BRDA:229,46,1,0
BRDA:246,47,0,0
BRDA:246,47,1,2
BRDA:254,48,0,0
BRDA:254,48,1,2
BRDA:257,49,0,0
BRDA:257,49,1,0
BRDA:257,50,0,0
BRDA:257,50,1,0
BRDA:260,51,0,0
BRDA:260,51,1,0
BRDA:260,52,0,0
BRDA:260,52,1,0
BRDA:260,53,0,0
BRDA:260,53,1,0
BRDA:260,54,0,0
BRDA:260,54,1,0
BRDA:261,55,0,0
BRDA:261,55,1,0
BRDA:261,55,2,0
BRDA:261,56,0,0
BRDA:261,56,1,0
BRDA:262,57,0,0
BRDA:262,57,1,0
BRDA:262,58,0,0
BRDA:262,58,1,0
BRDA:263,59,0,0
BRDA:263,59,1,0
BRDA:263,59,2,0
BRDA:263,60,0,0
BRDA:263,60,1,0
BRDA:264,61,0,0
BRDA:264,61,1,0
BRDA:272,62,0,0
BRDA:272,62,1,0
BRDA:277,63,0,0
BRDA:277,63,1,0
BRDA:277,64,0,0
BRDA:277,64,1,0
BRDA:280,65,0,0
BRDA:280,65,1,0
BRDA:282,66,0,0
BRDA:282,66,1,0
BRDA:291,67,0,2
BRDA:291,67,1,0
BRDA:299,68,0,2
BRDA:299,68,1,1
BRDA:309,69,0,0
BRDA:309,69,1,0
BRDA:312,70,0,0
BRDA:312,70,1,0
BRDA:313,71,0,0
BRDA:313,71,1,0
BRDA:313,72,0,0
BRDA:313,72,1,0
BRDA:314,73,0,0
BRDA:314,73,1,0
BRDA:319,74,0,0
BRDA:319,74,1,0
BRDA:320,75,0,0
BRDA:320,75,1,0
BRDA:320,76,0,0
BRDA:320,76,1,0
BRDA:321,77,0,0
BRDA:321,77,1,0
BRDA:321,78,0,0
BRDA:321,78,1,0
BRDA:331,79,0,0
BRDA:331,79,1,0
BRDA:336,80,0,0
BRDA:336,80,1,0
BRDA:340,81,0,0
BRDA:340,81,1,0
BRDA:340,82,0,0
BRDA:340,82,1,0
BRDA:340,82,2,0
BRDA:345,83,0,0
BRDA:345,83,1,0
BRDA:367,84,0,0
BRDA:367,84,1,21
BRF:177
BRH:78
end_of_record
TN:
SF:src/components/ModelSelector.tsx
FN:15,ModelSelector
FN:20,(anonymous_1)
FN:21,(anonymous_2)
FN:40,(anonymous_3)
FN:67,(anonymous_4)
FN:76,(anonymous_5)
FN:86,(anonymous_6)
FN:92,(anonymous_7)
FN:97,(anonymous_8)
FNF:9
FNH:8
FNDA:70,ModelSelector
FNDA:36,(anonymous_1)
FNDA:75,(anonymous_2)
FNDA:157,(anonymous_3)
FNDA:13,(anonymous_4)
FNDA:0,(anonymous_5)
FNDA:108,(anonymous_6)
FNDA:157,(anonymous_7)
FNDA:1,(anonymous_8)
DA:16,70
DA:17,70
DA:18,70
DA:20,70
DA:21,36
DA:22,75
DA:23,39
DA:24,39
DA:31,36
DA:32,36
DA:33,55
DA:34,55
DA:35,55
DA:37,36
DA:40,157
DA:42,70
DA:67,13
DA:76,0
DA:87,108
DA:93,157
DA:98,1
DA:99,1
LF:22
LH:21
BRDA:22,0,0,36
BRDA:22,0,1,39
BRDA:25,1,0,39
BRDA:25,1,1,33
BRDA:25,1,2,20
BRDA:34,2,0,40
BRDA:34,2,1,15
BRDA:50,3,0,40
BRDA:50,3,1,30
BRDA:102,4,0,40
BRDA:102,4,1,117
BRDA:103,5,0,157
BRDA:103,5,1,40
BRF:13
BRH:13
end_of_record
TN:
SF:src/components/PromptInput.tsx
FN:19,PromptInput
FN:33,(anonymous_1)
FN:40,(anonymous_2)
FN:53,(anonymous_3)
FN:64,(anonymous_4)
FN:78,(anonymous_5)
FN:100,(anonymous_6)
FN:132,(anonymous_7)
FNF:8
FNH:6
FNDA:57,PromptInput
FNDA:32,(anonymous_1)
FNDA:30,(anonymous_2)
FNDA:30,(anonymous_3)
FNDA:5,(anonymous_4)
FNDA:1,(anonymous_5)
FNDA:0,(anonymous_6)
FNDA:0,(anonymous_7)
DA:31,57
DA:33,57
DA:34,32
DA:35,1
DA:36,1
DA:40,57
DA:41,30
DA:42,30
DA:43,30
DA:46,57
DA:53,30
DA:65,5
DA:78,1
DA:100,0
DA:132,0
LF:15
LH:13
BRDA:34,0,0,1
BRDA:34,0,1,31
BRDA:34,1,0,32
BRDA:34,1,1,2
BRDA:62,2,0,57
BRDA:62,2,1,4
BRDA:69,3,0,4
BRDA:69,3,1,1
BRDA:109,4,0,57
BRDA:109,4,1,54
BRDA:109,4,2,25
BRDA:112,5,0,33
BRDA:112,5,1,24
BRDA:112,6,0,57
BRDA:112,6,1,28
BRDA:117,7,0,3
BRDA:117,7,1,54
BRF:17
BRH:17
end_of_record
TN:
SF:src/components/ServerRow.tsx
FN:16,ServerRow
FN:30,(anonymous_1)
FN:31,(anonymous_2)
FN:38,(anonymous_3)
FNF:4
FNH:4
FNDA:6,ServerRow
FNDA:6,(anonymous_1)
FNDA:2,(anonymous_2)
FNDA:6,(anonymous_3)
DA:26,6
DA:27,6
DA:28,6
DA:30,6
DA:31,6
DA:32,2
DA:33,2
DA:34,2
DA:36,6
DA:37,6
DA:38,6
DA:39,6
DA:40,6
DA:42,0
DA:44,6
DA:48,6
DA:50,6
LF:17
LH:16
BRDA:32,0,0,2
BRDA:32,0,1,0
BRDA:33,1,0,2
BRDA:33,1,1,0
BRDA:34,2,0,2
BRDA:34,2,1,2
BRDA:36,3,0,6
BRDA:36,3,1,0
BRDA:39,4,0,6
BRDA:39,4,1,0
BRDA:48,5,0,0
BRDA:48,5,1,6
BRDA:48,6,0,0
BRDA:48,6,1,0
BRDA:51,7,0,0
BRDA:51,7,1,6
BRDA:54,8,0,6
BRDA:54,8,1,0
BRDA:56,9,0,0
BRDA:56,9,1,0
BRDA:61,10,0,6
BRDA:61,10,1,6
BRDA:64,11,0,6
BRDA:64,11,1,6
BRDA:65,12,0,6
BRDA:65,12,1,6
BRF:26
BRH:15
end_of_record
TN:
SF:src/components/StatusPopover.tsx
FN:17,cn
FN:25,StatusPopover
FN:34,(anonymous_2)
FN:37,(anonymous_3)
FN:38,(anonymous_4)
FN:41,(anonymous_5)
FN:47,(anonymous_6)
FN:48,(anonymous_7)
FN:53,(anonymous_8)
FN:56,(anonymous_9)
FN:59,(anonymous_10)
FN:62,(anonymous_11)
FN:70,(anonymous_12)
FN:138,(anonymous_13)
FN:151,(anonymous_14)
FN:179,(anonymous_15)
FN:187,(anonymous_16)
FN:212,(anonymous_17)
FN:227,(anonymous_18)
FN:240,(anonymous_19)
FNF:20
FNH:17
FNDA:78,cn
FNDA:14,StatusPopover
FNDA:8,(anonymous_2)
FNDA:14,(anonymous_3)
FNDA:7,(anonymous_4)
FNDA:24,(anonymous_5)
FNDA:22,(anonymous_6)
FNDA:8,(anonymous_7)
FNDA:0,(anonymous_8)
FNDA:8,(anonymous_9)
FNDA:8,(anonymous_10)
FNDA:8,(anonymous_11)
FNDA:8,(anonymous_12)
FNDA:14,(anonymous_13)
FNDA:0,(anonymous_14)
FNDA:0,(anonymous_15)
FNDA:24,(anonymous_16)
FNDA:1,(anonymous_17)
FNDA:12,(anonymous_18)
FNDA:24,(anonymous_19)
DA:18,78
DA:26,14
DA:27,14
DA:28,14
DA:29,14
DA:30,14
DA:31,14
DA:32,14
DA:34,14
DA:35,8
DA:36,8
DA:37,14
DA:38,7
DA:41,24
DA:42,14
DA:43,14
DA:44,14
DA:45,14
DA:47,22
DA:48,14
DA:49,8
DA:50,8
DA:51,8
DA:52,8
DA:53,0
DA:56,14
DA:57,8
DA:58,8
DA:59,8
DA:60,8
DA:61,8
DA:63,8
DA:66,8
DA:68,8
DA:69,8
DA:70,8
DA:71,8
DA:72,8
DA:76,14
DA:139,14
DA:140,14
DA:141,14
DA:142,14
DA:144,14
DA:152,0
DA:179,0
DA:188,24
DA:212,1
DA:228,12
DA:241,24
LF:50
LH:47
BRDA:35,0,0,8
BRDA:35,0,1,0
BRDA:42,1,0,14
BRDA:42,1,1,0
BRDA:44,2,0,14
BRDA:44,2,1,0
BRDA:47,3,0,14
BRDA:47,3,1,13
BRDA:47,4,0,22
BRDA:47,4,1,11
BRDA:51,5,0,0
BRDA:51,5,1,8
BRDA:52,6,0,8
BRDA:52,6,1,0
BRDA:66,7,0,8
BRDA:66,7,1,0
BRDA:82,8,0,13
BRDA:82,8,1,1
BRDA:88,9,0,2
BRDA:88,9,1,12
BRDA:88,10,0,11
BRDA:88,10,1,1
BRDA:91,11,0,13
BRDA:91,11,1,1
BRDA:107,12,0,14
BRDA:107,12,1,14
BRDA:114,13,0,14
BRDA:114,13,1,12
BRDA:121,14,0,14
BRDA:121,14,1,12
BRDA:128,15,0,14
BRDA:128,15,1,12
BRDA:135,16,0,0
BRDA:135,16,1,14
BRDA:149,17,0,0
BRDA:149,17,1,14
BRDA:152,18,0,0
BRDA:152,18,1,0
BRDA:162,19,0,0
BRDA:162,19,1,14
BRDA:168,20,0,14
BRDA:168,20,1,14
BRDA:186,21,0,12
BRDA:186,21,1,2
BRDA:196,22,0,12
BRDA:196,22,1,12
BRDA:198,23,0,12
BRDA:198,23,1,0
BRDA:206,24,0,24
BRDA:206,24,1,0
BRDA:206,24,2,0
BRDA:226,25,0,12
BRDA:226,25,1,2
BRDA:229,26,0,12
BRDA:229,26,1,0
BRDA:230,27,0,12
BRDA:230,27,1,0
BRDA:239,28,0,12
BRDA:239,28,1,2
BRF:59
BRH:43
end_of_record
TN:
SF:src/components/Terminal.tsx
FN:8,Terminal
FNF:1
FNH:0
FNDA:0,Terminal
DA:9,0
DA:11,0
LF:2
LH:0
BRDA:15,0,0,0
BRDA:15,0,1,0
BRDA:17,1,0,0
BRDA:17,1,1,0
BRF:4
BRH:0
end_of_record
TN:
SF:src/components/ToastHost.tsx
FN:16,ToastHost
FN:26,(anonymous_1)
FN:42,(anonymous_2)
FNF:3
FNH:1
FNDA:50,ToastHost
FNDA:0,(anonymous_1)
FNDA:0,(anonymous_2)
DA:10,1
DA:17,50
DA:19,50
DA:21,0
DA:27,0
DA:28,0
DA:42,0
LF:7
LH:3
BRDA:19,0,0,50
BRDA:19,0,1,0
BRDA:38,1,0,0
BRDA:38,1,1,0
BRF:4
BRH:1
end_of_record
TN:
SF:src/components/TopBar.tsx
FN:10,TopBar
FN:24,(anonymous_1)
FN:69,(anonymous_2)
FN:78,(anonymous_3)
FNF:4
FNH:4
FNDA:11,TopBar
FNDA:2,(anonymous_1)
FNDA:1,(anonymous_2)
FNDA:1,(anonymous_3)
DA:18,11
DA:20,11
DA:24,2
DA:69,1
DA:78,1
LF:5
LH:5
BRDA:27,0,0,10
BRDA:27,0,1,1
BRDA:72,1,0,10
BRDA:72,1,1,1
BRDA:81,2,0,10
BRDA:81,2,1,1
BRF:6
BRH:6
end_of_record
TN:
SF:src/components/sidebar/ProjectRail.tsx
FN:20,ProjectRail
FN:29,(anonymous_1)
FN:32,(anonymous_2)
FN:74,SettingsMenu
FN:98,(anonymous_4)
FNF:5
FNH:5
FNDA:6,ProjectRail
FNDA:12,(anonymous_1)
FNDA:1,(anonymous_2)
FNDA:6,SettingsMenu
FNDA:24,(anonymous_4)
DA:26,6
DA:30,12
DA:32,1
DA:75,6
DA:99,24
LF:5
LH:5
BRDA:36,0,0,6
BRDA:36,0,1,6
BRDA:44,1,0,12
BRDA:44,1,1,6
BRDA:48,2,0,6
BRDA:48,2,1,0
BRF:6
BRH:5
end_of_record
TN:
SF:src/components/sidebar/SessionSidebar.tsx
FN:17,SessionSidebar
FN:49,(anonymous_1)
FN:56,(anonymous_2)
FNF:3
FNH:3
FNDA:6,SessionSidebar
FNDA:8,(anonymous_1)
FNDA:1,(anonymous_2)
DA:27,6
DA:50,8
DA:51,8
DA:53,8
DA:56,1
LF:5
LH:5
BRDA:51,0,0,8
BRDA:51,0,1,1
BRDA:59,1,0,1
BRDA:59,1,1,7
BRDA:65,2,0,0
BRDA:65,2,1,8
BRDA:67,3,0,1
BRDA:67,3,1,7
BRDA:76,4,0,1
BRDA:76,4,1,7
BRDA:81,5,0,8
BRDA:81,5,1,4
BRDA:88,6,0,6
BRDA:88,6,1,4
BRF:14
BRH:13
end_of_record
TN:
SF:src/context/DialogContext.tsx
FN:12,DialogProvider
FN:16,(anonymous_1)
FN:21,(anonymous_2)
FN:51,useDialog
FNF:4
FNH:3
FNDA:92,DialogProvider
FNDA:10,(anonymous_1)
FNDA:0,(anonymous_2)
FNDA:166,useDialog
DA:10,23
DA:13,92
DA:14,92
DA:16,92
DA:17,10
DA:18,10
DA:21,92
DA:22,0
DA:25,92
DA:52,166
DA:53,166
DA:54,163
LF:12
LH:11
BRDA:53,0,0,2
BRDA:53,0,1,164
BRF:2
BRH:2
end_of_record
TN:
SF:src/context/LayoutContext.tsx
FN:16,LayoutProvider
FN:41,useLayout
FNF:2
FNH:2
FNDA:30,LayoutProvider
FNDA:72,useLayout
DA:14,2
DA:17,30
DA:18,30
DA:19,30
DA:20,30
DA:22,30
DA:42,72
DA:43,72
DA:44,72
LF:9
LH:9
BRDA:43,0,0,0
BRDA:43,0,1,72
BRF:2
BRH:1
end_of_record
TN:
SF:src/context/ServerContext.tsx
FN:25,ServerProvider
FN:26,(anonymous_1)
FN:27,(anonymous_2)
FN:28,(anonymous_3)
FN:33,(anonymous_4)
FN:38,(anonymous_5)
FN:42,(anonymous_6)
FN:46,(anonymous_7)
FN:49,(anonymous_8)
FN:53,(anonymous_9)
FN:59,(anonymous_10)
FN:62,(anonymous_11)
FN:62,(anonymous_12)
FN:63,(anonymous_13)
FN:64,(anonymous_14)
FN:66,(anonymous_15)
FN:71,(anonymous_16)
FN:76,(anonymous_17)
FN:77,(anonymous_18)
FN:81,(anonymous_19)
FN:82,(anonymous_20)
FN:85,(anonymous_21)
FN:96,(anonymous_22)
FN:103,useServer
FNF:24
FNH:9
FNDA:83,ServerProvider
FNDA:82,(anonymous_1)
FNDA:82,(anonymous_2)
FNDA:82,(anonymous_3)
FNDA:82,(anonymous_4)
FNDA:82,(anonymous_5)
FNDA:82,(anonymous_6)
FNDA:0,(anonymous_7)
FNDA:0,(anonymous_8)
FNDA:0,(anonymous_9)
FNDA:0,(anonymous_10)
FNDA:0,(anonymous_11)
FNDA:0,(anonymous_12)
FNDA:0,(anonymous_13)
FNDA:0,(anonymous_14)
FNDA:0,(anonymous_15)
FNDA:0,(anonymous_16)
FNDA:0,(anonymous_17)
FNDA:0,(anonymous_18)
FNDA:0,(anonymous_19)
FNDA:0,(anonymous_20)
FNDA:0,(anonymous_21)
FNDA:82,(anonymous_22)
FNDA:363,useServer
DA:17,23
DA:23,23
DA:26,83
DA:27,83
DA:28,83
DA:29,82
DA:30,82
DA:33,83
DA:34,82
DA:35,82
DA:38,83
DA:39,82
DA:42,83
DA:43,82
DA:46,83
DA:47,0
DA:48,0
DA:49,0
DA:50,0
DA:53,83
DA:54,0
DA:55,0
DA:56,0
DA:59,83
DA:60,0
DA:61,0
DA:62,0
DA:63,0
DA:64,0
DA:65,0
DA:66,0
DA:67,0
DA:71,83
DA:72,0
DA:73,0
DA:74,0
DA:76,0
DA:77,0
DA:78,0
DA:81,0
DA:82,0
DA:85,83
DA:86,0
DA:87,0
DA:88,0
DA:90,0
DA:91,0
DA:92,0
DA:95,83
DA:96,82
DA:100,83
DA:104,363
DA:105,363
DA:106,363
LF:54
LH:25
BRDA:23,0,0,23
BRDA:23,0,1,0
BRDA:23,1,0,23
BRDA:23,1,1,0
BRDA:30,2,0,82
BRDA:30,2,1,9
BRDA:30,2,2,9
BRDA:48,3,0,0
BRDA:48,3,1,0
BRDA:49,4,0,0
BRDA:49,4,1,0
BRDA:55,5,0,0
BRDA:55,5,1,0
BRDA:61,6,0,0
BRDA:61,6,1,0
BRDA:63,7,0,0
BRDA:63,7,1,0
BRDA:65,8,0,0
BRDA:65,8,1,0
BRDA:67,9,0,0
BRDA:67,9,1,0
BRDA:67,9,2,0
BRDA:74,10,0,0
BRDA:74,10,1,0
BRDA:74,11,0,0
BRDA:74,11,1,0
BRDA:78,12,0,0
BRDA:78,12,1,0
BRDA:81,13,0,0
BRDA:81,13,1,0
BRDA:82,14,0,0
BRDA:82,14,1,0
BRDA:86,15,0,0
BRDA:86,15,1,0
BRDA:91,16,0,0
BRDA:91,16,1,0
BRDA:105,17,0,0
BRDA:105,17,1,363
BRF:38
BRH:6
end_of_record
TN:
SF:src/hooks/useAgents.ts
FN:6,(anonymous_0)
FN:8,useAgents
FN:13,(anonymous_2)
FNF:3
FNH:3
FNDA:46,(anonymous_0)
FNDA:45,useAgents
FNDA:13,(anonymous_2)
DA:6,46
DA:9,45
DA:10,45
DA:11,45
DA:14,13
DA:17,13
LF:6
LH:6
BRDA:17,0,0,13
BRDA:17,0,1,0
BRF:2
BRH:1
end_of_record
TN:
SF:src/hooks/useConfig.ts
FN:5,(anonymous_0)
FN:7,useConfig
FN:12,(anonymous_2)
FNF:3
FNH:3
FNDA:5,(anonymous_0)
FNDA:4,useConfig
FNDA:3,(anonymous_2)
DA:5,5
DA:8,4
DA:9,4
DA:10,4
DA:13,3
DA:16,3
LF:6
LH:6
BRF:0
BRH:0
end_of_record
TN:
SF:src/hooks/useFileStatus.ts
FN:5,(anonymous_0)
FN:7,useFileStatus
FN:12,(anonymous_2)
FNF:3
FNH:3
FNDA:6,(anonymous_0)
FNDA:6,useFileStatus
FNDA:4,(anonymous_2)
DA:5,6
DA:8,6
DA:9,6
DA:10,6
DA:13,4
DA:16,4
DA:17,4
DA:18,8
DA:20,4
LF:9
LH:9
BRDA:17,0,0,4
BRDA:17,0,1,0
BRF:2
BRH:1
end_of_record
TN:
SF:src/hooks/useLsp.ts
FN:5,(anonymous_0)
FN:7,useLspStatus
FN:11,(anonymous_2)
FNF:3
FNH:3
FNDA:4,(anonymous_0)
FNDA:4,useLspStatus
FNDA:3,(anonymous_2)
DA:5,4
DA:8,4
DA:9,4
DA:12,3
DA:15,3
LF:5
LH:5
BRDA:15,0,0,3
BRDA:15,0,1,0
BRF:2
BRH:1
end_of_record
TN:
SF:src/hooks/useMcp.ts
FN:5,(anonymous_0)
FN:7,useMcpStatus
FN:11,(anonymous_2)
FN:21,useMcpToggle
FN:26,(anonymous_4)
FN:43,(anonymous_5)
FNF:6
FNH:6
FNDA:10,(anonymous_0)
FNDA:6,useMcpStatus
FNDA:4,(anonymous_2)
FNDA:9,useMcpToggle
FNDA:4,(anonymous_4)
FNDA:4,(anonymous_5)
DA:5,10
DA:8,6
DA:9,6
DA:12,4
DA:15,4
DA:22,9
DA:23,9
DA:25,9
DA:27,4
DA:28,3
DA:33,1
DA:38,4
DA:41,4
DA:44,4
LF:14
LH:14
BRDA:15,0,0,4
BRDA:15,0,1,0
BRDA:27,1,0,3
BRDA:27,1,1,1
BRDA:41,2,0,4
BRDA:41,2,1,0
BRF:6
BRH:4
end_of_record
TN:
SF:src/hooks/useMessages.ts
FN:6,(anonymous_0)
FN:8,useMessages
FN:13,(anonymous_2)
FNF:3
FNH:3
FNDA:56,(anonymous_0)
FNDA:46,useMessages
FNDA:6,(anonymous_2)
DA:6,56
DA:9,46
DA:10,46
DA:14,6
DA:15,6
DA:19,6
LF:6
LH:6
BRDA:14,0,0,0
BRDA:14,0,1,6
BRDA:19,1,0,6
BRDA:19,1,1,0
BRF:4
BRH:2
end_of_record
TN:
SF:src/hooks/useModels.ts
FN:12,(anonymous_0)
FN:14,useModels
FN:19,(anonymous_2)
FN:29,(anonymous_3)
FN:30,(anonymous_4)
FN:31,(anonymous_5)
FN:41,(anonymous_6)
FN:43,(anonymous_7)
FNF:8
FNH:8
FNDA:66,(anonymous_0)
FNDA:65,useModels
FNDA:24,(anonymous_2)
FNDA:43,(anonymous_3)
FNDA:42,(anonymous_4)
FNDA:60,(anonymous_5)
FNDA:58,(anonymous_6)
FNDA:23,(anonymous_7)
DA:12,66
DA:15,65
DA:16,65
DA:17,65
DA:20,24
DA:23,24
DA:24,24
DA:25,24
DA:26,24
DA:28,24
DA:29,43
DA:31,60
DA:41,58
DA:43,24
DA:44,24
DA:46,24
DA:47,1
DA:50,24
LF:18
LH:18
BRDA:24,0,0,24
BRDA:24,0,1,1
BRDA:25,1,0,24
BRDA:25,1,1,1
BRDA:26,2,0,24
BRDA:26,2,1,1
BRDA:43,3,0,24
BRDA:43,3,1,2
BRDA:44,4,0,22
BRDA:44,4,1,2
BRDA:46,5,0,1
BRDA:46,5,1,23
BRDA:46,6,0,24
BRDA:46,6,1,4
BRF:14
BRH:14
end_of_record
TN:
SF:src/hooks/usePath.ts
FN:5,usePath
FN:9,(anonymous_1)
FNF:2
FNH:2
FNDA:4,usePath
FNDA:3,(anonymous_1)
DA:6,4
DA:7,4
DA:10,3
DA:11,3
LF:4
LH:4
BRF:0
BRH:0
end_of_record
TN:
SF:src/hooks/useProviderAuth.ts
FN:5,(anonymous_0)
FN:7,useProviderAuth
FN:11,(anonymous_2)
FNF:3
FNH:3
FNDA:4,(anonymous_0)
FNDA:4,useProviderAuth
FNDA:3,(anonymous_2)
DA:5,4
DA:8,4
DA:9,4
DA:12,3
DA:15,3
LF:5
LH:5
BRDA:15,0,0,3
BRDA:15,0,1,0
BRF:2
BRH:1
end_of_record
TN:
SF:src/hooks/useProviders.ts
FN:5,(anonymous_0)
FN:7,useProviders
FN:12,(anonymous_2)
FNF:3
FNH:3
FNDA:5,(anonymous_0)
FNDA:4,useProviders
FNDA:2,(anonymous_2)
DA:5,5
DA:8,4
DA:9,4
DA:10,4
DA:13,2
DA:16,2
LF:6
LH:6
BRF:0
BRH:0
end_of_record
TN:
SF:src/hooks/useSessionEvents.ts
FN:11,(anonymous_0)
FN:21,(anonymous_1)
FN:34,(anonymous_2)
FN:40,(anonymous_3)
FN:44,(anonymous_4)
FN:58,(anonymous_5)
FN:61,(anonymous_6)
FN:68,useSessionEvents
FN:74,(anonymous_8)
FN:79,(anonymous_9)
FN:93,(anonymous_10)
FN:100,(anonymous_11)
FN:107,(anonymous_12)
FN:135,(anonymous_13)
FN:141,(anonymous_14)
FNF:15
FNH:9
FNDA:2,(anonymous_0)
FNDA:0,(anonymous_1)
FNDA:1,(anonymous_2)
FNDA:0,(anonymous_3)
FNDA:0,(anonymous_4)
FNDA:0,(anonymous_5)
FNDA:0,(anonymous_6)
FNDA:46,useSessionEvents
FNDA:16,(anonymous_8)
FNDA:2,(anonymous_9)
FNDA:4,(anonymous_10)
FNDA:2,(anonymous_11)
FNDA:8,(anonymous_12)
FNDA:0,(anonymous_13)
FNDA:8,(anonymous_14)
DA:11,2
DA:16,2
DA:18,2
DA:19,1
DA:20,1
DA:21,1
DA:22,1
DA:23,0
DA:24,0
DA:26,1
DA:29,1
DA:30,1
DA:31,1
DA:32,1
DA:33,1
DA:34,1
DA:37,0
DA:38,0
DA:39,0
DA:40,0
DA:41,0
DA:42,0
DA:43,0
DA:44,0
DA:45,0
DA:46,0
DA:48,0
DA:50,0
DA:51,0
DA:54,0
DA:55,0
DA:56,0
DA:57,0
DA:58,0
DA:59,0
DA:60,0
DA:61,0
DA:62,0
DA:65,0
DA:69,46
DA:70,46
DA:71,46
DA:72,46
DA:74,46
DA:75,16
DA:76,8
DA:77,8
DA:79,8
DA:80,2
DA:81,2
DA:82,2
DA:84,2
DA:85,2
DA:90,2
DA:93,8
DA:94,4
DA:95,4
DA:96,4
DA:97,2
DA:98,2
DA:101,2
DA:102,2
DA:107,8
DA:108,8
DA:109,8
DA:110,8
DA:111,8
DA:119,8
DA:120,8
DA:121,0
DA:122,0
DA:125,8
DA:126,2
DA:129,0
DA:132,6
DA:133,0
DA:134,0
DA:135,0
DA:139,8
DA:141,8
DA:142,8
DA:143,8
LF:82
LH:51
BRDA:18,0,0,1
BRDA:18,0,1,1
BRDA:20,1,0,0
BRDA:20,1,1,1
BRDA:20,2,0,1
BRDA:20,2,1,1
BRDA:22,3,0,0
BRDA:22,3,1,1
BRDA:29,4,0,1
BRDA:29,4,1,0
BRDA:32,5,0,0
BRDA:32,5,1,1
BRDA:33,6,0,0
BRDA:33,6,1,1
BRDA:33,7,0,1
BRDA:33,7,1,1
BRDA:37,8,0,0
BRDA:37,8,1,0
BRDA:39,9,0,0
BRDA:39,9,1,0
BRDA:39,10,0,0
BRDA:39,10,1,0
BRDA:41,11,0,0
BRDA:41,11,1,0
BRDA:45,12,0,0
BRDA:45,12,1,0
BRDA:54,13,0,0
BRDA:54,13,1,0
BRDA:57,14,0,0
BRDA:57,14,1,0
BRDA:57,15,0,0
BRDA:57,15,1,0
BRDA:59,16,0,0
BRDA:59,16,1,0
BRDA:75,17,0,8
BRDA:75,17,1,8
BRDA:81,18,0,0
BRDA:81,18,1,2
BRDA:84,19,0,2
BRDA:84,19,1,0
BRDA:84,20,0,0
BRDA:84,20,1,0
BRDA:87,21,0,2
BRDA:87,21,1,0
BRDA:95,22,0,0
BRDA:95,22,1,4
BRDA:96,23,0,2
BRDA:96,23,1,2
BRDA:101,24,0,2
BRDA:101,24,1,1
BRDA:109,25,0,8
BRDA:109,25,1,8
BRDA:120,26,0,0
BRDA:120,26,1,8
BRDA:120,27,0,8
BRDA:120,27,1,8
BRDA:126,28,0,0
BRDA:126,28,1,2
BRDA:126,29,0,2
BRDA:126,29,1,2
BRDA:132,30,0,6
BRDA:132,30,1,0
BRDA:132,31,0,6
BRDA:132,31,1,0
BRF:64
BRH:31
end_of_record
TN:
SF:src/hooks/useSessions.ts
FN:5,(anonymous_0)
FN:7,useSessions
FN:11,(anonymous_2)
FNF:3
FNH:3
FNDA:66,(anonymous_0)
FNDA:65,useSessions
FNDA:33,(anonymous_2)
DA:5,66
DA:8,65
DA:9,65
DA:12,33
DA:16,3
LF:5
LH:5
BRDA:16,0,0,3
BRDA:16,0,1,0
BRF:2
BRH:1
end_of_record
TN:
SF:src/hooks/useTerminal.ts
FN:13,(anonymous_0)
FN:20,useTerminal
FN:26,(anonymous_2)
FN:32,(anonymous_3)
FN:39,(anonymous_4)
FN:70,(anonymous_5)
FN:73,(anonymous_6)
FN:80,(anonymous_7)
FN:84,(anonymous_8)
FN:89,(anonymous_9)
FN:95,(anonymous_10)
FN:103,(anonymous_11)
FN:105,(anonymous_12)
FN:108,(anonymous_13)
FN:113,(anonymous_14)
FNF:15
FNH:0
FNDA:0,(anonymous_0)
FNDA:0,useTerminal
FNDA:0,(anonymous_2)
FNDA:0,(anonymous_3)
FNDA:0,(anonymous_4)
FNDA:0,(anonymous_5)
FNDA:0,(anonymous_6)
FNDA:0,(anonymous_7)
FNDA:0,(anonymous_8)
FNDA:0,(anonymous_9)
FNDA:0,(anonymous_10)
FNDA:0,(anonymous_11)
FNDA:0,(anonymous_12)
FNDA:0,(anonymous_13)
FNDA:0,(anonymous_14)
DA:13,0
DA:14,0
DA:15,0
DA:16,0
DA:17,0
DA:21,0
DA:22,0
DA:23,0
DA:24,0
DA:26,0
DA:27,0
DA:28,0
DA:32,0
DA:33,0
DA:39,0
DA:40,0
DA:43,0
DA:44,0
DA:46,0
DA:47,0
DA:48,0
DA:50,0
DA:56,0
DA:57,0
DA:58,0
DA:59,0
DA:60,0
DA:61,0
DA:63,0
DA:64,0
DA:65,0
DA:66,0
DA:67,0
DA:69,0
DA:70,0
DA:71,0
DA:73,0
DA:74,0
DA:80,0
DA:81,0
DA:82,0
DA:84,0
DA:85,0
DA:86,0
DA:89,0
DA:90,0
DA:91,0
DA:95,0
DA:96,0
DA:103,0
DA:104,0
DA:105,0
DA:108,0
DA:109,0
DA:110,0
DA:113,0
DA:114,0
DA:115,0
DA:116,0
DA:117,0
DA:118,0
DA:119,0
DA:123,0
LF:63
LH:0
BRDA:15,0,0,0
BRDA:15,0,1,0
BRDA:16,1,0,0
BRDA:16,1,1,0
BRDA:27,2,0,0
BRDA:27,2,1,0
BRDA:27,3,0,0
BRDA:27,3,1,0
BRDA:44,4,0,0
BRDA:44,4,1,0
BRDA:44,5,0,0
BRDA:44,5,1,0
BRDA:48,6,0,0
BRDA:48,6,1,0
BRDA:64,7,0,0
BRDA:64,7,1,0
BRDA:81,8,0,0
BRDA:81,8,1,0
BRDA:85,9,0,0
BRDA:85,9,1,0
BRDA:90,10,0,0
BRDA:90,10,1,0
BRDA:109,11,0,0
BRDA:109,11,1,0
BRDA:110,12,0,0
BRDA:110,12,1,0
BRF:26
BRH:0
end_of_record
TN:
SF:src/interfaces/IAgentConsole.ts
FNF:0
FNH:0
LF:0
LH:0
BRF:0
BRH:0
end_of_record
TN:
SF:src/interfaces/IAgentDelegator.ts
FNF:0
FNH:0
LF:0
LH:0
BRF:0
BRH:0
end_of_record
TN:
SF:src/interfaces/IAnnotationLayer.ts
FNF:0
FNH:0
LF:0
LH:0
BRF:0
BRH:0
end_of_record
TN:
SF:src/interfaces/IArtifactIndex.ts
FNF:0
FNH:0
LF:0
LH:0
BRF:0
BRH:0
end_of_record
TN:
SF:src/interfaces/ICodeEditor.ts
FNF:0
FNH:0
LF:0
LH:0
BRF:0
BRH:0
end_of_record
TN:
SF:src/interfaces/IComponentPreview.ts
FNF:0
FNH:0
LF:0
LH:0
BRF:0
BRH:0
end_of_record
TN:
SF:src/interfaces/IFileTree.ts
FNF:0
FNH:0
LF:0
LH:0
BRF:0
BRH:0
end_of_record
TN:
SF:src/interfaces/IGeometry.ts
FNF:0
FNH:0
LF:0
LH:0
BRF:0
BRH:0
end_of_record
TN:
SF:src/interfaces/IModality.ts
FNF:0
FNH:0
LF:0
LH:0
BRF:0
BRH:0
end_of_record
TN:
SF:src/interfaces/IPresentation.ts
FNF:0
FNH:0
LF:0
LH:0
BRF:0
BRH:0
end_of_record
TN:
SF:src/interfaces/ISessionManager.ts
FNF:0
FNH:0
LF:0
LH:0
BRF:0
BRH:0
end_of_record
TN:
SF:src/interfaces/ITerminal.ts
FNF:0
FNH:0
LF:0
LH:0
BRF:0
BRH:0
end_of_record
TN:
SF:src/interfaces/ITextInput.ts
FNF:0
FNH:0
LF:0
LH:0
BRF:0
BRH:0
end_of_record
TN:
SF:src/interfaces/ITextOutput.ts
FNF:0
FNH:0
LF:0
LH:0
BRF:0
BRH:0
end_of_record
TN:
SF:src/interfaces/IVoiceInput.ts
FNF:0
FNH:0
LF:0
LH:0
BRF:0
BRH:0
end_of_record
TN:
SF:src/interfaces/IVoiceOutput.ts
FNF:0
FNH:0
LF:0
LH:0
BRF:0
BRH:0
end_of_record
TN:
SF:src/interfaces/IWhiteboard.ts
FNF:0
FNH:0
LF:0
LH:0
BRF:0
BRH:0
end_of_record
TN:
SF:src/lib/utils.ts
FN:4,cn
FNF:1
FNH:1
FNDA:78,cn
DA:5,78
LF:1
LH:1
BRF:0
BRH:0
end_of_record
TN:
SF:src/lib/opencode/client.ts
FN:8,createOpencodeClient
FN:10,(anonymous_1)
FNF:2
FNH:0
FNDA:0,createOpencodeClient
FNDA:0,(anonymous_1)
DA:9,0
DA:10,0
DA:11,0
DA:12,0
DA:14,0
DA:21,0
DA:22,0
DA:28,0
DA:29,0
LF:9
LH:0
BRDA:9,0,0,0
BRDA:9,0,1,0
BRDA:21,1,0,0
BRDA:21,1,1,0
BRF:4
BRH:0
end_of_record
TN:
SF:src/lib/opencode/index.ts
FN:5,createOpencode
FNF:1
FNH:0
FNDA:0,createOpencode
DA:6,0
DA:10,0
LF:2
LH:0
BRDA:7,0,0,0
BRDA:7,0,1,0
BRF:2
BRH:0
end_of_record
TN:
SF:src/lib/opencode/v2/client.ts
FN:8,createOpencodeClient
FN:10,(anonymous_1)
FN:22,(anonymous_2)
FNF:3
FNH:2
FNDA:127,createOpencodeClient
FNDA:86,(anonymous_1)
FNDA:0,(anonymous_2)
DA:9,127
DA:10,127
DA:11,86
DA:12,86
DA:14,127
DA:21,127
DA:22,0
DA:23,0
DA:24,0
DA:30,127
DA:31,127
LF:11
LH:8
BRDA:9,0,0,127
BRDA:9,0,1,0
BRDA:21,1,0,0
BRDA:21,1,1,127
BRDA:23,2,0,0
BRDA:23,2,1,0
BRF:6
BRH:2
end_of_record
TN:
SF:src/lib/opencode/v2/index.ts
FN:5,createOpencode
FNF:1
FNH:0
FNDA:0,createOpencode
DA:6,0
DA:10,0
LF:2
LH:0
BRDA:7,0,0,0
BRDA:7,0,1,0
BRF:2
BRH:0
end_of_record
TN:
SF:src/services/OpenCodeClient.ts
FN:7,(anonymous_0)
FN:28,(anonymous_1)
FN:33,(anonymous_2)
FN:40,(anonymous_3)
FN:45,(anonymous_4)
FN:49,(anonymous_5)
FN:53,(anonymous_6)
FN:84,(anonymous_7)
FN:89,(anonymous_8)
FN:94,(anonymous_9)
FN:106,(anonymous_10)
FN:110,(anonymous_11)
FN:111,(anonymous_12)
FN:112,(anonymous_13)
FN:113,(anonymous_14)
FN:114,(anonymous_15)
FN:115,(anonymous_16)
FNF:17
FNH:16
FNDA:1,(anonymous_0)
FNDA:45,(anonymous_1)
FNDA:23,(anonymous_2)
FNDA:82,(anonymous_3)
FNDA:127,(anonymous_4)
FNDA:127,(anonymous_5)
FNDA:1,(anonymous_6)
FNDA:82,(anonymous_7)
FNDA:0,(anonymous_8)
FNDA:11,(anonymous_9)
FNDA:11,(anonymous_10)
FNDA:3,(anonymous_11)
FNDA:3,(anonymous_12)
FNDA:2,(anonymous_13)
FNDA:2,(anonymous_14)
FNDA:2,(anonymous_15)
FNDA:2,(anonymous_16)
DA:5,23
DA:7,23
DA:8,1
DA:9,0
DA:10,0
DA:11,0
DA:12,0
DA:14,0
DA:15,0
DA:17,0
DA:24,45
DA:25,45
DA:26,45
DA:29,45
DA:30,45
DA:34,50
DA:35,45
DA:37,50
DA:41,82
DA:42,82
DA:46,127
DA:50,127
DA:51,127
DA:53,127
DA:54,1
DA:55,1
DA:57,1
DA:58,1
DA:59,1
DA:61,1
DA:62,1
DA:63,1
DA:64,1
DA:70,1
DA:71,1
DA:73,1
DA:79,1
DA:80,1
DA:85,82
DA:86,82
DA:90,0
DA:91,0
DA:95,11
DA:96,11
DA:97,4
DA:98,4
DA:100,6
DA:101,6
DA:102,6
DA:107,11
DA:110,3
DA:111,3
DA:112,2
DA:113,2
DA:114,2
DA:115,2
DA:118,23
LF:57
LH:48
BRDA:5,0,0,23
BRDA:5,0,1,0
BRDA:8,1,0,1
BRDA:8,1,1,0
BRDA:9,2,0,0
BRDA:9,2,1,0
BRDA:10,3,0,0
BRDA:10,3,1,0
BRDA:11,4,0,0
BRDA:11,4,1,0
BRDA:11,5,0,0
BRDA:11,5,1,0
BRDA:11,5,2,0
BRDA:26,6,0,45
BRDA:26,6,1,45
BRDA:34,7,0,45
BRDA:34,7,1,5
BRDA:51,8,0,0
BRDA:51,8,1,127
BRDA:55,9,0,0
BRDA:55,9,1,1
BRDA:58,10,0,1
BRDA:58,10,1,0
BRDA:59,11,0,1
BRDA:59,11,1,0
BRDA:61,12,0,1
BRDA:61,12,1,0
BRDA:71,13,0,1
BRDA:71,13,1,0
BRDA:74,14,0,1
BRDA:74,14,1,0
BRF:31
BRH:13
end_of_record
TN:
SF:src/utils/server.ts
FN:1,normalizeServerUrl
FN:8,serverDisplayName
FNF:2
FNH:2
FNDA:23,normalizeServerUrl
FNDA:6,serverDisplayName
DA:2,23
DA:3,23
DA:4,23
DA:5,23
DA:9,6
DA:10,6
LF:6
LH:6
BRDA:3,0,0,0
BRDA:3,0,1,23
BRDA:4,1,0,23
BRDA:4,1,1,0
BRDA:9,2,0,0
BRDA:9,2,1,6
BRF:6
BRH:3
end_of_record
TN:
SF:src/utils/serverHealth.ts
FN:10,(anonymous_0)
FN:15,checkServerHealth
FN:24,(anonymous_2)
FN:25,(anonymous_3)
FNF:4
FNH:0
FNDA:0,(anonymous_0)
FNDA:0,checkServerHealth
FNDA:0,(anonymous_2)
FNDA:0,(anonymous_3)
DA:10,0
DA:11,0
DA:12,0
DA:20,0
DA:21,0
DA:22,0
DA:24,0
DA:25,0
LF:8
LH:0
BRDA:12,0,0,0
BRDA:12,0,1,0
BRDA:20,1,0,0
BRDA:20,1,1,0
BRDA:20,2,0,0
BRDA:20,2,1,0
BRF:6
BRH:0
end_of_record
TN:
SF:src/utils/storage.ts
FN:14,(anonymous_0)
FN:22,(anonymous_1)
FN:25,(anonymous_2)
FN:28,(anonymous_3)
FN:31,(anonymous_4)
FN:39,(anonymous_5)
FN:42,(anonymous_6)
FN:45,(anonymous_7)
FN:48,(anonymous_8)
FN:51,(anonymous_9)
FNF:10
FNH:10
FNDA:8,(anonymous_0)
FNDA:7,(anonymous_1)
FNDA:5,(anonymous_2)
FNDA:6,(anonymous_3)
FNDA:82,(anonymous_4)
FNDA:82,(anonymous_5)
FNDA:82,(anonymous_6)
FNDA:82,(anonymous_7)
FNDA:82,(anonymous_8)
FNDA:82,(anonymous_9)
DA:7,23
DA:8,23
DA:9,23
DA:10,23
DA:11,23
DA:13,23
DA:15,8
DA:16,8
DA:17,8
DA:19,1
DA:23,7
DA:26,5
DA:29,6
DA:32,82
DA:33,82
DA:34,82
DA:36,0
DA:40,82
DA:43,82
DA:46,82
DA:49,82
DA:52,82
DA:53,82
DA:54,82
DA:56,0
LF:25
LH:23
BRDA:17,0,0,6
BRDA:17,0,1,2
BRDA:34,1,0,73
BRDA:34,1,1,9
BRDA:52,2,0,82
BRDA:52,2,1,0
BRF:6
BRH:5
end_of_record
TN:
SF:src/utils/toastStore.ts
FN:27,(anonymous_0)
FN:28,(anonymous_1)
FN:31,(anonymous_2)
FN:33,(anonymous_3)
FN:35,(anonymous_4)
FN:38,(anonymous_5)
FN:40,(anonymous_6)
FN:41,(anonymous_7)
FN:45,(anonymous_8)
FN:57,(anonymous_9)
FN:62,(anonymous_10)
FNF:11
FNH:7
FNDA:2,(anonymous_0)
FNDA:0,(anonymous_1)
FNDA:2,(anonymous_2)
FNDA:19,(anonymous_3)
FNDA:19,(anonymous_4)
FNDA:119,(anonymous_5)
FNDA:0,(anonymous_6)
FNDA:0,(anonymous_7)
FNDA:2,(anonymous_8)
FNDA:0,(anonymous_9)
FNDA:3,(anonymous_10)
DA:21,23
DA:22,23
DA:23,23
DA:25,23
DA:27,23
DA:28,2
DA:31,23
DA:33,23
DA:34,19
DA:35,19
DA:38,119
DA:40,23
DA:41,0
DA:42,0
DA:45,23
DA:46,2
DA:47,2
DA:54,2
DA:55,2
DA:56,2
DA:57,2
DA:59,2
DA:62,23
DA:63,3
DA:64,3
DA:65,3
DA:66,2
DA:67,2
LF:28
LH:26
BRDA:46,0,0,2
BRDA:46,0,1,2
BRDA:51,1,0,2
BRDA:51,1,1,0
BRDA:52,2,0,2
BRDA:52,2,1,2
BRDA:56,3,0,2
BRDA:56,3,1,0
BRDA:62,4,0,3
BRDA:65,5,0,1
BRDA:65,5,1,2
BRDA:65,6,0,3
BRDA:65,6,1,1
BRF:13
BRH:11
end_of_record
