TN:
SF:src/App.tsx
FN:17,App
FN:34,(anonymous_1)
FN:37,(anonymous_2)
FN:47,(anonymous_3)
FN:70,(anonymous_4)
FN:72,(anonymous_5)
FN:80,(anonymous_6)
FN:91,(anonymous_7)
FN:95,(anonymous_8)
FN:99,(anonymous_9)
FN:100,(anonymous_10)
FN:106,(anonymous_11)
FN:112,(anonymous_12)
FN:120,(anonymous_13)
FN:124,(anonymous_14)
FN:129,(anonymous_15)
FN:140,(anonymous_16)
FN:145,(anonymous_17)
FN:173,(anonymous_18)
FN:183,(anonymous_19)
FN:184,(anonymous_20)
FNF:21
FNH:14
FNDA:61,App
FNDA:19,(anonymous_1)
FNDA:9,(anonymous_2)
FNDA:3,(anonymous_3)
FNDA:3,(anonymous_4)
FNDA:4,(anonymous_5)
FNDA:2,(anonymous_6)
FNDA:4,(anonymous_7)
FNDA:47,(anonymous_8)
FNDA:19,(anonymous_9)
FNDA:137,(anonymous_10)
FNDA:0,(anonymous_11)
FNDA:0,(anonymous_12)
FNDA:0,(anonymous_13)
FNDA:0,(anonymous_14)
FNDA:0,(anonymous_15)
FNDA:19,(anonymous_16)
FNDA:19,(anonymous_17)
FNDA:2,(anonymous_18)
FNDA:0,(anonymous_19)
FNDA:0,(anonymous_20)
DA:18,61
DA:19,61
DA:26,61
DA:28,61
DA:29,61
DA:30,61
DA:31,61
DA:34,61
DA:35,19
DA:36,19
DA:37,9
DA:44,6
DA:46,6
DA:47,6
DA:48,1
DA:49,1
DA:51,5
DA:52,5
DA:55,13
DA:56,13
DA:63,13
DA:64,13
DA:65,13
DA:66,13
DA:70,61
DA:71,3
DA:72,4
DA:73,3
DA:74,1
DA:75,1
DA:76,1
DA:80,61
DA:81,2
DA:82,2
DA:89,2
DA:90,2
DA:91,4
DA:92,2
DA:95,61
DA:97,61
DA:99,19
DA:100,137
DA:103,61
DA:105,61
DA:107,0
DA:110,0
DA:113,0
DA:114,0
DA:115,0
DA:120,61
DA:121,0
DA:124,61
DA:125,0
DA:128,61
DA:130,0
DA:131,0
DA:132,0
DA:133,0
DA:140,61
DA:141,19
DA:142,0
DA:143,0
DA:145,19
DA:146,19
DA:147,19
DA:151,61
DA:153,61
DA:173,2
DA:183,0
LF:69
LH:55
BRDA:36,0,0,6
BRDA:36,0,1,13
BRDA:42,1,0,9
BRDA:42,1,1,0
BRDA:42,2,0,0
BRDA:42,2,1,0
BRDA:47,3,0,1
BRDA:47,3,1,5
BRDA:47,4,0,6
BRDA:47,4,1,2
BRDA:73,5,0,1
BRDA:73,5,1,2
BRDA:81,6,0,2
BRDA:81,6,1,0
BRDA:100,7,0,137
BRDA:100,7,1,0
BRDA:103,8,0,61
BRDA:113,9,0,0
BRDA:113,9,1,0
BRDA:130,10,0,0
BRDA:130,10,1,0
BRDA:132,11,0,0
BRDA:132,11,1,0
BRDA:132,12,0,0
BRDA:132,12,1,0
BRDA:141,13,0,0
BRDA:141,13,1,19
BRDA:155,14,0,61
BRDA:155,14,1,23
BRDA:157,15,0,38
BRDA:157,15,1,23
BRDA:176,16,0,23
BRDA:176,16,1,23
BRDA:176,16,2,23
BRDA:198,17,0,23
BRDA:198,17,1,23
BRDA:212,18,0,23
BRDA:212,18,1,23
BRF:38
BRH:24
end_of_record
TN:
SF:src/components/AgentConsole.tsx
FN:16,(anonymous_0)
FN:17,(anonymous_1)
FN:19,(anonymous_2)
FN:20,(anonymous_3)
FN:29,AgentConsole
FN:40,(anonymous_5)
FN:43,(anonymous_6)
FN:46,(anonymous_7)
FN:46,(anonymous_8)
FN:52,(anonymous_9)
FN:60,(anonymous_10)
FN:63,(anonymous_11)
FN:64,(anonymous_12)
FN:64,(anonymous_13)
FN:68,(anonymous_14)
FN:74,(anonymous_15)
FN:80,(anonymous_16)
FN:104,(anonymous_17)
FN:108,(anonymous_18)
FN:146,(anonymous_19)
FN:150,(anonymous_20)
FN:155,(anonymous_21)
FN:160,(anonymous_22)
FN:185,(anonymous_23)
FN:201,(anonymous_24)
FN:204,(anonymous_25)
FN:204,(anonymous_26)
FN:205,(anonymous_27)
FN:217,(anonymous_28)
FN:228,(anonymous_29)
FN:228,(anonymous_30)
FN:232,(anonymous_31)
FNF:32
FNH:17
FNDA:0,(anonymous_0)
FNDA:0,(anonymous_1)
FNDA:0,(anonymous_2)
FNDA:0,(anonymous_3)
FNDA:41,AgentConsole
FNDA:15,(anonymous_5)
FNDA:90,(anonymous_6)
FNDA:15,(anonymous_7)
FNDA:8,(anonymous_8)
FNDA:0,(anonymous_9)
FNDA:0,(anonymous_10)
FNDA:0,(anonymous_11)
FNDA:0,(anonymous_12)
FNDA:0,(anonymous_13)
FNDA:0,(anonymous_14)
FNDA:0,(anonymous_15)
FNDA:1,(anonymous_16)
FNDA:1,(anonymous_17)
FNDA:1,(anonymous_18)
FNDA:1,(anonymous_19)
FNDA:0,(anonymous_20)
FNDA:1,(anonymous_21)
FNDA:1,(anonymous_22)
FNDA:0,(anonymous_23)
FNDA:16,(anonymous_24)
FNDA:1,(anonymous_25)
FNDA:1,(anonymous_26)
FNDA:0,(anonymous_27)
FNDA:0,(anonymous_28)
FNDA:14,(anonymous_29)
FNDA:1,(anonymous_30)
FNDA:14,(anonymous_31)
DA:16,1
DA:17,0
DA:18,0
DA:19,0
DA:20,0
DA:21,0
DA:30,41
DA:31,41
DA:32,41
DA:33,41
DA:34,41
DA:35,41
DA:36,41
DA:37,41
DA:38,41
DA:40,41
DA:41,41
DA:42,41
DA:43,90
DA:45,41
DA:46,15
DA:49,41
DA:50,41
DA:52,41
DA:53,0
DA:54,0
DA:55,0
DA:56,0
DA:57,0
DA:58,0
DA:60,0
DA:63,41
DA:64,0
DA:67,41
DA:69,0
DA:72,0
DA:75,0
DA:79,41
DA:94,1
DA:105,1
DA:106,1
DA:108,1
DA:109,1
DA:110,1
DA:119,0
DA:131,1
DA:146,1
DA:148,1
DA:151,0
DA:152,0
DA:156,1
DA:160,41
DA:161,1
DA:162,1
DA:164,1
DA:165,1
DA:167,1
DA:169,1
DA:170,1
DA:171,0
DA:172,0
DA:174,1
DA:176,1
DA:185,0
DA:193,1
DA:201,41
DA:202,16
DA:203,16
DA:204,16
DA:205,16
DA:206,16
DA:207,16
DA:208,16
DA:210,0
DA:216,16
DA:217,0
DA:219,16
DA:220,16
DA:227,41
DA:228,14
DA:232,41
DA:233,14
DA:234,14
DA:235,14
DA:236,1
DA:238,14
DA:241,41
LF:87
LH:63
BRDA:40,0,0,15
BRDA:40,0,1,11
BRDA:42,1,0,41
BRDA:42,1,1,41
BRDA:46,2,0,4
BRDA:46,2,1,11
BRDA:49,3,0,30
BRDA:49,3,1,11
BRDA:50,4,0,41
BRDA:50,4,1,41
BRDA:53,5,0,0
BRDA:53,5,1,0
BRDA:53,6,0,0
BRDA:53,6,1,0
BRDA:56,7,0,0
BRDA:56,7,1,0
BRDA:56,8,0,0
BRDA:56,8,1,0
BRDA:60,9,0,0
BRDA:60,9,1,0
BRDA:72,10,0,0
BRDA:72,10,1,0
BRDA:75,11,0,0
BRDA:75,11,1,0
BRDA:109,12,0,1
BRDA:109,12,1,0
BRDA:146,13,0,1
BRDA:146,13,1,0
BRDA:151,14,0,0
BRDA:151,14,1,0
BRDA:162,15,0,0
BRDA:162,15,1,1
BRDA:162,16,0,1
BRDA:162,16,1,0
BRDA:167,17,0,0
BRDA:167,17,1,1
BRDA:167,18,0,1
BRDA:167,18,1,1
BRDA:170,19,0,0
BRDA:170,19,1,1
BRDA:174,20,0,0
BRDA:174,20,1,1
BRDA:177,21,0,1
BRDA:177,21,1,0
BRDA:203,22,0,3
BRDA:203,22,1,13
BRDA:205,23,0,0
BRDA:205,23,1,0
BRDA:207,24,0,16
BRDA:207,24,1,0
BRDA:211,25,0,0
BRDA:211,25,1,0
BRDA:212,26,0,16
BRDA:212,26,1,0
BRDA:213,27,0,16
BRDA:213,27,1,0
BRDA:214,28,0,16
BRDA:214,28,1,0
BRDA:215,29,0,16
BRDA:215,29,1,0
BRDA:217,30,0,0
BRDA:217,30,1,0
BRDA:219,31,0,0
BRDA:219,31,1,0
BRDA:228,32,0,3
BRDA:228,32,1,11
BRDA:234,33,0,3
BRDA:234,33,1,11
BRDA:253,34,0,41
BRDA:253,34,1,39
BRDA:259,35,0,41
BRDA:259,35,1,11
BRF:72
BRH:35
end_of_record
TN:
SF:src/components/AgentSelector.tsx
FN:10,AgentSelector
FN:32,(anonymous_1)
FN:37,(anonymous_2)
FNF:3
FNH:3
FNDA:50,AgentSelector
FNDA:93,(anonymous_1)
FNDA:1,(anonymous_2)
DA:11,50
DA:13,50
DA:33,93
DA:37,1
LF:4
LH:4
BRDA:39,0,0,39
BRDA:39,0,1,54
BRDA:40,1,0,93
BRDA:40,1,1,39
BRF:4
BRH:4
end_of_record
TN:
SF:src/components/ConnectionStatus.tsx
FN:9,ConnectionStatus
FNF:1
FNH:1
FNDA:8,ConnectionStatus
DA:10,8
LF:1
LH:1
BRDA:15,0,0,4
BRDA:15,0,1,4
BRDA:21,1,0,4
BRDA:21,1,1,4
BRDA:24,2,0,1
BRDA:24,2,1,7
BRDA:24,3,0,4
BRDA:24,3,1,3
BRDA:26,4,0,8
BRDA:26,4,1,4
BRF:10
BRH:10
end_of_record
TN:
SF:src/components/ContextMeter.tsx
FN:9,ContextMeter
FNF:1
FNH:1
FNDA:57,ContextMeter
DA:10,57
DA:11,57
DA:12,57
DA:13,57
DA:15,57
LF:5
LH:5
BRDA:10,0,0,57
BRDA:10,0,1,2
BRF:2
BRH:2
end_of_record
TN:
SF:src/components/DialogConnectProvider.tsx
FN:15,DialogConnectProvider
FN:21,(anonymous_1)
FN:21,(anonymous_2)
FN:24,(anonymous_3)
FN:33,(anonymous_4)
FN:40,(anonymous_5)
FN:52,(anonymous_6)
FN:81,(anonymous_7)
FNF:8
FNH:0
FNDA:0,DialogConnectProvider
FNDA:0,(anonymous_1)
FNDA:0,(anonymous_2)
FNDA:0,(anonymous_3)
FNDA:0,(anonymous_4)
FNDA:0,(anonymous_5)
FNDA:0,(anonymous_6)
FNDA:0,(anonymous_7)
DA:16,0
DA:17,0
DA:18,0
DA:19,0
DA:21,0
DA:23,0
DA:25,0
DA:34,0
DA:35,0
DA:36,0
DA:40,0
DA:41,0
DA:42,0
DA:43,0
DA:46,0
DA:48,0
DA:52,0
DA:81,0
LF:18
LH:0
BRDA:42,0,0,0
BRDA:42,0,1,0
BRDA:46,1,0,0
BRDA:46,1,1,0
BRDA:92,2,0,0
BRDA:92,2,1,0
BRDA:95,3,0,0
BRDA:95,3,1,0
BRF:8
BRH:0
end_of_record
TN:
SF:src/components/DialogSelectDirectory.tsx
FN:12,DialogSelectDirectory
FN:20,(anonymous_1)
FN:26,(anonymous_2)
FN:33,(anonymous_3)
FN:36,(anonymous_4)
FN:37,(anonymous_5)
FN:38,(anonymous_6)
FN:41,(anonymous_7)
FN:45,(anonymous_8)
FN:48,(anonymous_9)
FN:53,(anonymous_10)
FN:58,(anonymous_11)
FN:77,(anonymous_12)
FN:109,(anonymous_13)
FN:113,(anonymous_14)
FN:121,(anonymous_15)
FN:144,(anonymous_16)
FNF:17
FNH:0
FNDA:0,DialogSelectDirectory
FNDA:0,(anonymous_1)
FNDA:0,(anonymous_2)
FNDA:0,(anonymous_3)
FNDA:0,(anonymous_4)
FNDA:0,(anonymous_5)
FNDA:0,(anonymous_6)
FNDA:0,(anonymous_7)
FNDA:0,(anonymous_8)
FNDA:0,(anonymous_9)
FNDA:0,(anonymous_10)
FNDA:0,(anonymous_11)
FNDA:0,(anonymous_12)
FNDA:0,(anonymous_13)
FNDA:0,(anonymous_14)
FNDA:0,(anonymous_15)
FNDA:0,(anonymous_16)
DA:13,0
DA:14,0
DA:15,0
DA:16,0
DA:17,0
DA:18,0
DA:20,0
DA:21,0
DA:22,0
DA:26,0
DA:27,0
DA:29,0
DA:30,0
DA:32,0
DA:34,0
DA:35,0
DA:36,0
DA:37,0
DA:38,0
DA:39,0
DA:42,0
DA:45,0
DA:48,0
DA:49,0
DA:53,0
DA:54,0
DA:55,0
DA:58,0
DA:59,0
DA:60,0
DA:61,0
DA:62,0
DA:66,0
DA:77,0
DA:110,0
DA:113,0
DA:122,0
DA:123,0
DA:144,0
LF:39
LH:0
BRDA:21,0,0,0
BRDA:21,0,1,0
BRDA:27,1,0,0
BRDA:27,1,1,0
BRDA:34,2,0,0
BRDA:34,2,1,0
BRDA:35,3,0,0
BRDA:35,3,1,0
BRDA:42,4,0,0
BRDA:42,4,1,0
BRDA:49,5,0,0
BRDA:49,5,1,0
BRDA:60,6,0,0
BRDA:60,6,1,0
BRDA:62,7,0,0
BRDA:62,7,1,0
BRDA:99,8,0,0
BRDA:99,8,1,0
BRDA:99,9,0,0
BRDA:99,9,1,0
BRDA:103,10,0,0
BRDA:103,10,1,0
BRF:22
BRH:0
end_of_record
TN:
SF:src/components/DialogSelectProvider.tsx
FN:6,DialogSelectProvider
FN:25,(anonymous_1)
FN:30,(anonymous_2)
FNF:3
FNH:0
FNDA:0,DialogSelectProvider
FNDA:0,(anonymous_1)
FNDA:0,(anonymous_2)
DA:7,0
DA:8,0
DA:10,0
DA:11,0
DA:14,0
DA:15,0
DA:17,0
DA:26,0
DA:27,0
DA:30,0
LF:10
LH:0
BRDA:10,0,0,0
BRDA:10,0,1,0
BRDA:14,1,0,0
BRDA:14,1,1,0
BRDA:15,2,0,0
BRDA:15,2,1,0
BRDA:39,3,0,0
BRDA:39,3,1,0
BRF:8
BRH:0
end_of_record
TN:
SF:src/components/FileTree.tsx
FN:9,cn
FN:19,FileTree
FN:29,(anonymous_2)
FN:33,(anonymous_3)
FN:44,(anonymous_4)
FN:54,(anonymous_5)
FN:64,(anonymous_6)
FN:65,(anonymous_7)
FN:68,(anonymous_8)
FN:71,(anonymous_9)
FN:72,(anonymous_10)
FN:81,(anonymous_11)
FN:92,(anonymous_12)
FN:94,(anonymous_13)
FN:146,(anonymous_14)
FN:165,(anonymous_15)
FNF:16
FNH:15
FNDA:130,cn
FNDA:19,FileTree
FNDA:9,(anonymous_2)
FNDA:9,(anonymous_3)
FNDA:9,(anonymous_4)
FNDA:0,(anonymous_5)
FNDA:7,(anonymous_6)
FNDA:6,(anonymous_7)
FNDA:7,(anonymous_8)
FNDA:3,(anonymous_9)
FNDA:3,(anonymous_10)
FNDA:42,(anonymous_11)
FNDA:3,(anonymous_12)
FNDA:1,(anonymous_13)
FNDA:6,(anonymous_14)
FNDA:36,(anonymous_15)
DA:10,130
DA:20,19
DA:25,19
DA:26,19
DA:27,19
DA:29,19
DA:30,9
DA:32,9
DA:33,9
DA:37,9
DA:38,9
DA:42,9
DA:43,9
DA:44,9
DA:45,9
DA:46,9
DA:47,9
DA:54,0
DA:55,0
DA:56,0
DA:57,0
DA:60,9
DA:64,19
DA:65,7
DA:66,6
DA:68,7
DA:71,19
DA:72,3
DA:73,3
DA:74,3
DA:75,3
DA:76,3
DA:78,3
DA:81,19
DA:82,42
DA:83,42
DA:84,42
DA:85,42
DA:86,42
DA:88,42
DA:92,3
DA:95,1
DA:96,1
DA:146,6
DA:158,19
DA:165,36
LF:46
LH:42
BRDA:30,0,0,0
BRDA:30,0,1,9
BRDA:30,1,0,9
BRDA:30,1,1,9
BRDA:42,2,0,9
BRDA:42,2,1,0
BRDA:74,3,0,0
BRDA:74,3,1,3
BRDA:84,4,0,42
BRDA:84,4,1,39
BRDA:92,5,0,3
BRDA:92,5,1,0
BRDA:100,6,0,42
BRDA:100,6,1,12
BRDA:105,7,0,12
BRDA:105,7,1,30
BRDA:106,8,0,6
BRDA:106,8,1,6
BRDA:112,9,0,42
BRDA:112,9,1,3
BRDA:113,10,0,42
BRDA:113,10,1,1
BRDA:114,11,0,42
BRDA:114,11,1,0
BRDA:115,12,0,42
BRDA:115,12,1,38
BRDA:117,13,0,12
BRDA:117,13,1,30
BRDA:118,14,0,6
BRDA:118,14,1,6
BRDA:126,15,0,42
BRDA:126,15,1,3
BRDA:127,16,0,42
BRDA:127,16,1,1
BRDA:128,17,0,42
BRDA:128,17,1,0
BRDA:129,18,0,42
BRDA:129,18,1,38
BRDA:134,19,0,42
BRDA:134,19,1,4
BRDA:137,20,0,4
BRDA:137,20,1,3
BRDA:138,21,0,4
BRDA:138,21,1,1
BRDA:139,22,0,4
BRDA:139,22,1,0
BRDA:143,23,0,42
BRDA:143,23,1,12
BRDA:143,23,2,6
BRDA:147,24,0,6
BRDA:147,24,1,3
BRDA:165,25,0,19
BRDA:165,25,1,7
BRF:53
BRH:46
end_of_record
TN:
SF:src/components/MessageList.tsx
FN:16,(anonymous_0)
FN:18,MessageList
FN:19,(anonymous_2)
FN:19,(anonymous_3)
FN:23,(anonymous_4)
FN:27,(anonymous_5)
FN:43,(anonymous_6)
FN:52,(anonymous_7)
FN:55,(anonymous_8)
FN:59,(anonymous_9)
FN:66,(anonymous_10)
FN:67,(anonymous_11)
FN:68,(anonymous_12)
FN:69,(anonymous_13)
FN:92,(anonymous_14)
FN:102,(anonymous_15)
FN:102,(anonymous_16)
FN:127,UserMessageItem
FN:129,(anonymous_18)
FN:129,(anonymous_19)
FN:144,(anonymous_20)
FN:163,StepsFlow
FN:166,(anonymous_22)
FN:167,(anonymous_23)
FN:189,(anonymous_24)
FN:201,(anonymous_25)
FN:210,PartRenderer
FN:218,(anonymous_27)
FN:219,(anonymous_28)
FN:220,(anonymous_29)
FN:221,(anonymous_30)
FN:268,(anonymous_31)
FN:307,ToolOutput
FN:318,(anonymous_33)
FN:329,(anonymous_34)
FN:344,CopyButton
FN:346,(anonymous_36)
FN:349,(anonymous_37)
FNF:38
FNH:27
FNDA:17,(anonymous_0)
FNDA:80,MessageList
FNDA:40,(anonymous_2)
FNDA:3,(anonymous_3)
FNDA:40,(anonymous_4)
FNDA:21,(anonymous_5)
FNDA:44,(anonymous_6)
FNDA:41,(anonymous_7)
FNDA:4,(anonymous_8)
FNDA:41,(anonymous_9)
FNDA:20,(anonymous_10)
FNDA:17,(anonymous_11)
FNDA:18,(anonymous_12)
FNDA:18,(anonymous_13)
FNDA:9,(anonymous_14)
FNDA:9,(anonymous_15)
FNDA:7,(anonymous_16)
FNDA:4,UserMessageItem
FNDA:1,(anonymous_18)
FNDA:1,(anonymous_19)
FNDA:0,(anonymous_20)
FNDA:7,StepsFlow
FNDA:7,(anonymous_22)
FNDA:9,(anonymous_23)
FNDA:0,(anonymous_24)
FNDA:0,(anonymous_25)
FNDA:9,PartRenderer
FNDA:6,(anonymous_27)
FNDA:0,(anonymous_28)
FNDA:0,(anonymous_29)
FNDA:2,(anonymous_30)
FNDA:0,(anonymous_31)
FNDA:0,ToolOutput
FNDA:0,(anonymous_33)
FNDA:0,(anonymous_34)
FNDA:21,CopyButton
FNDA:0,(anonymous_36)
FNDA:0,(anonymous_37)
DA:16,17
DA:19,80
DA:20,80
DA:21,80
DA:23,80
DA:24,40
DA:25,40
DA:27,40
DA:28,21
DA:29,4
DA:30,4
DA:31,17
DA:32,17
DA:33,16
DA:35,1
DA:39,40
DA:40,40
DA:43,80
DA:44,44
DA:45,10
DA:47,34
DA:48,34
DA:52,80
DA:54,41
DA:55,5
DA:56,4
DA:59,41
DA:62,80
DA:67,20
DA:68,20
DA:69,20
DA:70,20
DA:71,20
DA:73,20
DA:93,9
DA:102,9
DA:128,4
DA:129,4
DA:130,4
DA:132,4
DA:144,0
DA:164,7
DA:166,7
DA:167,9
DA:168,7
DA:169,4
DA:170,3
DA:171,3
DA:172,3
DA:174,3
DA:175,3
DA:176,1
DA:177,0
DA:178,0
DA:179,0
DA:181,3
DA:183,1
DA:186,7
DA:189,0
DA:202,0
DA:211,9
DA:213,9
DA:214,7
DA:218,6
DA:219,0
DA:220,0
DA:222,2
DA:223,2
DA:224,2
DA:225,1
DA:245,2
DA:246,0
DA:253,2
DA:254,0
DA:255,0
DA:256,0
DA:258,0
DA:259,0
DA:260,0
DA:261,0
DA:262,0
DA:263,0
DA:265,0
DA:268,0
DA:290,2
DA:291,2
DA:304,0
DA:308,0
DA:309,0
DA:310,0
DA:312,0
DA:313,0
DA:315,0
DA:316,0
DA:317,0
DA:318,0
DA:321,0
DA:324,0
DA:325,0
DA:326,0
DA:327,0
DA:330,0
DA:338,0
DA:340,0
DA:345,21
DA:346,21
DA:347,0
DA:348,0
DA:349,0
DA:351,21
LF:110
LH:69
BRDA:28,0,0,4
BRDA:28,0,1,17
BRDA:29,1,0,1
BRDA:29,1,1,3
BRDA:31,2,0,17
BRDA:31,2,1,0
BRDA:32,3,0,16
BRDA:32,3,1,1
BRDA:39,4,0,19
BRDA:39,4,1,21
BRDA:44,5,0,10
BRDA:44,5,1,34
BRDA:45,6,0,5
BRDA:45,6,1,5
BRDA:54,7,0,5
BRDA:54,7,1,36
BRDA:67,8,0,17
BRDA:67,8,1,5
BRDA:68,9,0,18
BRDA:68,9,1,14
BRDA:69,10,0,18
BRDA:69,10,1,11
BRDA:69,10,2,9
BRDA:71,11,0,17
BRDA:71,11,1,3
BRDA:71,12,0,20
BRDA:71,12,1,17
BRDA:75,13,0,20
BRDA:75,13,1,4
BRDA:78,14,0,4
BRDA:78,14,1,3
BRDA:83,15,0,20
BRDA:83,15,1,2
BRDA:85,16,0,1
BRDA:85,16,1,1
BRDA:89,17,0,20
BRDA:89,17,1,7
BRDA:97,18,0,20
BRDA:97,18,1,17
BRDA:110,19,0,80
BRDA:110,19,1,13
BRDA:114,20,0,13
BRDA:114,20,1,2
BRDA:130,21,0,4
BRDA:130,21,1,4
BRDA:138,22,0,4
BRDA:138,22,1,4
BRDA:138,22,2,0
BRDA:142,23,0,4
BRDA:142,23,1,0
BRDA:147,24,0,0
BRDA:147,24,1,0
BRDA:168,25,0,3
BRDA:168,25,1,4
BRDA:169,26,0,3
BRDA:169,26,1,1
BRDA:172,27,0,3
BRDA:172,27,1,0
BRDA:175,28,0,2
BRDA:175,28,1,1
BRDA:175,29,0,3
BRDA:175,29,1,1
BRDA:175,30,0,2
BRDA:175,30,1,0
BRDA:175,31,0,1
BRDA:175,31,1,0
BRDA:176,32,0,1
BRDA:176,32,1,1
BRDA:176,32,2,1
BRDA:176,33,0,0
BRDA:176,33,1,0
BRDA:177,34,0,0
BRDA:177,34,1,0
BRDA:177,35,0,0
BRDA:177,35,1,0
BRDA:178,36,0,0
BRDA:178,36,1,0
BRDA:178,36,2,0
BRDA:178,37,0,0
BRDA:178,37,1,0
BRDA:179,38,0,0
BRDA:179,38,1,0
BRDA:193,39,0,0
BRDA:193,39,1,7
BRDA:199,40,0,7
BRDA:199,40,1,0
BRDA:213,41,0,7
BRDA:213,41,1,2
BRDA:222,42,0,2
BRDA:222,42,1,1
BRDA:224,43,0,1
BRDA:224,43,1,1
BRDA:228,44,0,1
BRDA:228,44,1,0
BRDA:245,45,0,0
BRDA:245,45,1,2
BRDA:253,46,0,0
BRDA:253,46,1,2
BRDA:256,47,0,0
BRDA:256,47,1,0
BRDA:259,48,0,0
BRDA:259,48,1,0
BRDA:259,49,0,0
BRDA:259,49,1,0
BRDA:259,50,0,0
BRDA:259,50,1,0
BRDA:259,51,0,0
BRDA:259,51,1,0
BRDA:260,52,0,0
BRDA:260,52,1,0
BRDA:260,52,2,0
BRDA:260,53,0,0
BRDA:260,53,1,0
BRDA:261,54,0,0
BRDA:261,54,1,0
BRDA:261,55,0,0
BRDA:261,55,1,0
BRDA:262,56,0,0
BRDA:262,56,1,0
BRDA:262,56,2,0
BRDA:262,57,0,0
BRDA:262,57,1,0
BRDA:263,58,0,0
BRDA:263,58,1,0
BRDA:271,59,0,0
BRDA:271,59,1,0
BRDA:276,60,0,0
BRDA:276,60,1,0
BRDA:276,61,0,0
BRDA:276,61,1,0
BRDA:279,62,0,0
BRDA:279,62,1,0
BRDA:281,63,0,0
BRDA:281,63,1,0
BRDA:290,64,0,2
BRDA:290,64,1,0
BRDA:298,65,0,2
BRDA:298,65,1,1
BRDA:309,66,0,0
BRDA:309,66,1,0
BRDA:310,67,0,0
BRDA:310,67,1,0
BRDA:315,68,0,0
BRDA:315,68,1,0
BRDA:316,69,0,0
BRDA:316,69,1,0
BRDA:316,70,0,0
BRDA:316,70,1,0
BRDA:317,71,0,0
BRDA:317,71,1,0
BRDA:317,72,0,0
BRDA:317,72,1,0
BRDA:325,73,0,0
BRDA:325,73,1,0
BRDA:326,74,0,0
BRDA:326,74,1,0
BRDA:326,75,0,0
BRDA:326,75,1,0
BRDA:326,75,2,0
BRDA:331,76,0,0
BRDA:331,76,1,0
BRDA:356,77,0,0
BRDA:356,77,1,21
BRF:163
BRH:76
end_of_record
TN:
SF:src/components/ModelSelector.tsx
FN:15,ModelSelector
FN:20,(anonymous_1)
FN:21,(anonymous_2)
FN:40,(anonymous_3)
FN:67,(anonymous_4)
FN:76,(anonymous_5)
FN:86,(anonymous_6)
FN:92,(anonymous_7)
FN:97,(anonymous_8)
FNF:9
FNH:8
FNDA:70,ModelSelector
FNDA:36,(anonymous_1)
FNDA:75,(anonymous_2)
FNDA:157,(anonymous_3)
FNDA:13,(anonymous_4)
FNDA:0,(anonymous_5)
FNDA:108,(anonymous_6)
FNDA:157,(anonymous_7)
FNDA:1,(anonymous_8)
DA:16,70
DA:17,70
DA:18,70
DA:20,70
DA:21,36
DA:22,75
DA:23,39
DA:24,39
DA:31,36
DA:32,36
DA:33,55
DA:34,55
DA:35,55
DA:37,36
DA:40,157
DA:42,70
DA:67,13
DA:76,0
DA:87,108
DA:93,157
DA:98,1
DA:99,1
LF:22
LH:21
BRDA:22,0,0,36
BRDA:22,0,1,39
BRDA:25,1,0,39
BRDA:25,1,1,33
BRDA:25,1,2,20
BRDA:34,2,0,40
BRDA:34,2,1,15
BRDA:50,3,0,40
BRDA:50,3,1,30
BRDA:102,4,0,40
BRDA:102,4,1,117
BRDA:103,5,0,157
BRDA:103,5,1,40
BRF:13
BRH:13
end_of_record
TN:
SF:src/components/PromptInput.tsx
FN:19,PromptInput
FN:33,(anonymous_1)
FN:40,(anonymous_2)
FN:53,(anonymous_3)
FN:64,(anonymous_4)
FN:78,(anonymous_5)
FN:100,(anonymous_6)
FN:132,(anonymous_7)
FNF:8
FNH:6
FNDA:57,PromptInput
FNDA:32,(anonymous_1)
FNDA:30,(anonymous_2)
FNDA:30,(anonymous_3)
FNDA:5,(anonymous_4)
FNDA:1,(anonymous_5)
FNDA:0,(anonymous_6)
FNDA:0,(anonymous_7)
DA:31,57
DA:33,57
DA:34,32
DA:35,1
DA:36,1
DA:40,57
DA:41,30
DA:42,30
DA:43,30
DA:46,57
DA:53,30
DA:65,5
DA:78,1
DA:100,0
DA:132,0
LF:15
LH:13
BRDA:34,0,0,1
BRDA:34,0,1,31
BRDA:34,1,0,32
BRDA:34,1,1,2
BRDA:62,2,0,57
BRDA:62,2,1,4
BRDA:69,3,0,4
BRDA:69,3,1,1
BRDA:109,4,0,57
BRDA:109,4,1,54
BRDA:109,4,2,25
BRDA:112,5,0,33
BRDA:112,5,1,24
BRDA:112,6,0,57
BRDA:112,6,1,28
BRDA:117,7,0,3
BRDA:117,7,1,54
BRF:17
BRH:17
end_of_record
TN:
SF:src/components/StatusPopover.tsx
FN:13,cn
FN:21,StatusPopover
FN:27,(anonymous_2)
FN:30,(anonymous_3)
FN:31,(anonymous_4)
FN:34,(anonymous_5)
FN:40,(anonymous_6)
FN:115,(anonymous_7)
FN:140,(anonymous_8)
FN:155,(anonymous_9)
FN:168,(anonymous_10)
FNF:11
FNH:11
FNDA:45,cn
FNDA:8,StatusPopover
FNDA:8,(anonymous_2)
FNDA:14,(anonymous_3)
FNDA:7,(anonymous_4)
FNDA:14,(anonymous_5)
FNDA:12,(anonymous_6)
FNDA:14,(anonymous_7)
FNDA:1,(anonymous_8)
FNDA:7,(anonymous_9)
FNDA:14,(anonymous_10)
DA:14,45
DA:22,8
DA:23,8
DA:24,8
DA:25,8
DA:27,8
DA:28,8
DA:29,8
DA:30,14
DA:31,7
DA:34,14
DA:35,8
DA:36,8
DA:37,8
DA:38,8
DA:40,12
DA:42,8
DA:116,14
DA:140,1
DA:156,7
DA:169,14
LF:21
LH:21
BRDA:28,0,0,8
BRDA:28,0,1,0
BRDA:35,1,0,8
BRDA:35,1,1,0
BRDA:37,2,0,8
BRDA:37,2,1,0
BRDA:40,3,0,8
BRDA:40,3,1,7
BRDA:40,4,0,12
BRDA:40,4,1,6
BRDA:48,5,0,7
BRDA:48,5,1,1
BRDA:54,6,0,1
BRDA:54,6,1,7
BRDA:54,7,0,6
BRDA:54,7,1,1
BRDA:57,8,0,7
BRDA:57,8,1,1
BRDA:80,9,0,8
BRDA:80,9,1,7
BRDA:87,10,0,8
BRDA:87,10,1,7
BRDA:94,11,0,8
BRDA:94,11,1,7
BRDA:103,12,0,7
BRDA:103,12,1,1
BRDA:109,13,0,8
BRDA:109,13,1,7
BRDA:114,14,0,7
BRDA:114,14,1,1
BRDA:124,15,0,7
BRDA:124,15,1,7
BRDA:126,16,0,7
BRDA:126,16,1,0
BRDA:134,17,0,14
BRDA:134,17,1,0
BRDA:134,17,2,0
BRDA:154,18,0,7
BRDA:154,18,1,1
BRDA:157,19,0,7
BRDA:157,19,1,0
BRDA:158,20,0,7
BRDA:158,20,1,0
BRDA:167,21,0,7
BRDA:167,21,1,1
BRF:45
BRH:37
end_of_record
TN:
SF:src/components/Terminal.tsx
FN:8,Terminal
FNF:1
FNH:0
FNDA:0,Terminal
DA:9,0
DA:11,0
LF:2
LH:0
BRDA:15,0,0,0
BRDA:15,0,1,0
BRDA:17,1,0,0
BRDA:17,1,1,0
BRF:4
BRH:0
end_of_record
TN:
SF:src/components/TopBar.tsx
FN:10,TopBar
FN:24,(anonymous_1)
FN:69,(anonymous_2)
FN:78,(anonymous_3)
FNF:4
FNH:4
FNDA:11,TopBar
FNDA:2,(anonymous_1)
FNDA:1,(anonymous_2)
FNDA:1,(anonymous_3)
DA:18,11
DA:20,11
DA:24,2
DA:69,1
DA:78,1
LF:5
LH:5
BRDA:27,0,0,10
BRDA:27,0,1,1
BRDA:72,1,0,10
BRDA:72,1,1,1
BRDA:81,2,0,10
BRDA:81,2,1,1
BRF:6
BRH:6
end_of_record
TN:
SF:src/components/sidebar/ProjectRail.tsx
FN:20,ProjectRail
FN:29,(anonymous_1)
FN:32,(anonymous_2)
FN:74,SettingsMenu
FN:98,(anonymous_4)
FNF:5
FNH:5
FNDA:6,ProjectRail
FNDA:12,(anonymous_1)
FNDA:1,(anonymous_2)
FNDA:6,SettingsMenu
FNDA:24,(anonymous_4)
DA:26,6
DA:30,12
DA:32,1
DA:75,6
DA:99,24
LF:5
LH:5
BRDA:36,0,0,6
BRDA:36,0,1,6
BRDA:44,1,0,12
BRDA:44,1,1,6
BRDA:48,2,0,6
BRDA:48,2,1,0
BRF:6
BRH:5
end_of_record
TN:
SF:src/components/sidebar/SessionSidebar.tsx
FN:17,SessionSidebar
FN:49,(anonymous_1)
FN:56,(anonymous_2)
FNF:3
FNH:3
FNDA:6,SessionSidebar
FNDA:8,(anonymous_1)
FNDA:1,(anonymous_2)
DA:27,6
DA:50,8
DA:51,8
DA:53,8
DA:56,1
LF:5
LH:5
BRDA:51,0,0,8
BRDA:51,0,1,1
BRDA:59,1,0,1
BRDA:59,1,1,7
BRDA:65,2,0,0
BRDA:65,2,1,8
BRDA:67,3,0,1
BRDA:67,3,1,7
BRDA:76,4,0,1
BRDA:76,4,1,7
BRDA:81,5,0,8
BRDA:81,5,1,4
BRDA:88,6,0,6
BRDA:88,6,1,4
BRF:14
BRH:13
end_of_record
TN:
SF:src/context/DialogContext.tsx
FN:12,DialogProvider
FN:16,(anonymous_1)
FN:21,(anonymous_2)
FN:51,useDialog
FNF:4
FNH:3
FNDA:92,DialogProvider
FNDA:10,(anonymous_1)
FNDA:0,(anonymous_2)
FNDA:152,useDialog
DA:10,11
DA:13,92
DA:14,92
DA:16,92
DA:17,10
DA:18,10
DA:21,92
DA:22,0
DA:25,92
DA:52,152
DA:53,152
DA:54,149
LF:12
LH:11
BRDA:53,0,0,2
BRDA:53,0,1,150
BRF:2
BRH:2
end_of_record
TN:
SF:src/context/LayoutContext.tsx
FN:16,LayoutProvider
FN:40,useLayout
FNF:2
FNH:2
FNDA:30,LayoutProvider
FNDA:72,useLayout
DA:14,2
DA:17,30
DA:18,30
DA:19,30
DA:20,30
DA:22,30
DA:41,72
DA:42,72
DA:43,72
LF:9
LH:9
BRDA:42,0,0,0
BRDA:42,0,1,72
BRF:2
BRH:1
end_of_record
TN:
SF:src/hooks/useAgents.ts
FN:7,useAgents
FN:10,(anonymous_1)
FNF:2
FNH:2
FNDA:45,useAgents
FNDA:13,(anonymous_1)
DA:5,2
DA:8,45
DA:11,13
DA:14,13
LF:4
LH:4
BRDA:14,0,0,13
BRDA:14,0,1,0
BRF:2
BRH:1
end_of_record
TN:
SF:src/hooks/useConfig.ts
FN:6,useConfig
FN:9,(anonymous_1)
FNF:2
FNH:2
FNDA:4,useConfig
FNDA:3,(anonymous_1)
DA:4,1
DA:7,4
DA:10,3
DA:13,3
LF:4
LH:4
BRF:0
BRH:0
end_of_record
TN:
SF:src/hooks/useFileStatus.ts
FN:6,useFileStatus
FN:9,(anonymous_1)
FNF:2
FNH:2
FNDA:6,useFileStatus
FNDA:4,(anonymous_1)
DA:4,1
DA:7,6
DA:10,4
DA:13,4
DA:14,4
DA:15,8
DA:17,4
LF:7
LH:7
BRDA:14,0,0,4
BRDA:14,0,1,0
BRF:2
BRH:1
end_of_record
TN:
SF:src/hooks/useLsp.ts
FN:6,useLspStatus
FN:9,(anonymous_1)
FNF:2
FNH:2
FNDA:4,useLspStatus
FNDA:3,(anonymous_1)
DA:4,1
DA:7,4
DA:10,3
DA:13,3
LF:4
LH:4
BRDA:13,0,0,3
BRDA:13,0,1,0
BRF:2
BRH:1
end_of_record
TN:
SF:src/hooks/useMcp.ts
FN:6,useMcpStatus
FN:9,(anonymous_1)
FN:19,useMcpToggle
FN:23,(anonymous_3)
FN:40,(anonymous_4)
FNF:5
FNH:5
FNDA:6,useMcpStatus
FNDA:4,(anonymous_1)
FNDA:8,useMcpToggle
FNDA:4,(anonymous_3)
FNDA:4,(anonymous_4)
DA:4,1
DA:7,6
DA:10,4
DA:13,4
DA:20,8
DA:22,8
DA:24,4
DA:25,3
DA:30,1
DA:35,4
DA:38,4
DA:41,4
LF:12
LH:12
BRDA:13,0,0,4
BRDA:13,0,1,0
BRDA:24,1,0,3
BRDA:24,1,1,1
BRDA:38,2,0,4
BRDA:38,2,1,0
BRF:6
BRH:4
end_of_record
TN:
SF:src/hooks/useMessages.ts
FN:5,(anonymous_0)
FN:7,useMessages
FN:11,(anonymous_2)
FNF:3
FNH:3
FNDA:56,(anonymous_0)
FNDA:46,useMessages
FNDA:6,(anonymous_2)
DA:5,56
DA:8,46
DA:12,6
DA:13,6
DA:17,6
LF:5
LH:5
BRDA:12,0,0,0
BRDA:12,0,1,6
BRDA:17,1,0,6
BRDA:17,1,1,0
BRF:4
BRH:2
end_of_record
TN:
SF:src/hooks/useModels.ts
FN:13,useModels
FN:16,(anonymous_1)
FN:26,(anonymous_2)
FN:27,(anonymous_3)
FN:28,(anonymous_4)
FN:38,(anonymous_5)
FN:40,(anonymous_6)
FNF:7
FNH:7
FNDA:65,useModels
FNDA:24,(anonymous_1)
FNDA:43,(anonymous_2)
FNDA:42,(anonymous_3)
FNDA:60,(anonymous_4)
FNDA:58,(anonymous_5)
FNDA:23,(anonymous_6)
DA:11,3
DA:14,65
DA:17,24
DA:20,24
DA:21,24
DA:22,24
DA:23,24
DA:25,24
DA:26,43
DA:28,60
DA:38,58
DA:40,24
DA:41,24
DA:43,24
DA:44,1
DA:47,24
LF:16
LH:16
BRDA:21,0,0,24
BRDA:21,0,1,1
BRDA:22,1,0,24
BRDA:22,1,1,1
BRDA:23,2,0,24
BRDA:23,2,1,1
BRDA:40,3,0,24
BRDA:40,3,1,2
BRDA:41,4,0,22
BRDA:41,4,1,2
BRDA:43,5,0,1
BRDA:43,5,1,23
BRDA:43,6,0,24
BRDA:43,6,1,4
BRF:14
BRH:14
end_of_record
TN:
SF:src/hooks/usePath.ts
FN:4,usePath
FN:7,(anonymous_1)
FNF:2
FNH:2
FNDA:4,usePath
FNDA:3,(anonymous_1)
DA:5,4
DA:8,3
DA:9,3
LF:3
LH:3
BRF:0
BRH:0
end_of_record
TN:
SF:src/hooks/useProviderAuth.ts
FN:6,useProviderAuth
FN:9,(anonymous_1)
FNF:2
FNH:2
FNDA:4,useProviderAuth
FNDA:3,(anonymous_1)
DA:4,1
DA:7,4
DA:10,3
DA:13,3
LF:4
LH:4
BRDA:13,0,0,3
BRDA:13,0,1,0
BRF:2
BRH:1
end_of_record
TN:
SF:src/hooks/useProviders.ts
FN:6,useProviders
FN:9,(anonymous_1)
FNF:2
FNH:2
FNDA:4,useProviders
FNDA:2,(anonymous_1)
DA:4,3
DA:7,4
DA:10,2
DA:13,2
LF:4
LH:4
BRF:0
BRH:0
end_of_record
TN:
SF:src/hooks/useSessionEvents.ts
FN:9,(anonymous_0)
FN:19,(anonymous_1)
FN:30,(anonymous_2)
FN:37,(anonymous_3)
FN:41,(anonymous_4)
FN:60,(anonymous_5)
FN:63,(anonymous_6)
FN:70,useSessionEvents
FN:73,(anonymous_8)
FN:81,(anonymous_9)
FN:83,(anonymous_10)
FN:88,(anonymous_11)
FN:94,(anonymous_12)
FNF:13
FNH:7
FNDA:2,(anonymous_0)
FNDA:0,(anonymous_1)
FNDA:1,(anonymous_2)
FNDA:0,(anonymous_3)
FNDA:0,(anonymous_4)
FNDA:0,(anonymous_5)
FNDA:0,(anonymous_6)
FNDA:46,useSessionEvents
FNDA:16,(anonymous_8)
FNDA:2,(anonymous_9)
FNDA:2,(anonymous_10)
FNDA:0,(anonymous_11)
FNDA:8,(anonymous_12)
DA:9,2
DA:14,2
DA:16,2
DA:17,1
DA:18,1
DA:19,1
DA:20,1
DA:21,0
DA:22,0
DA:24,1
DA:27,1
DA:28,1
DA:29,1
DA:30,1
DA:33,0
DA:34,0
DA:35,0
DA:36,0
DA:37,0
DA:38,0
DA:39,0
DA:40,0
DA:41,0
DA:42,0
DA:43,0
DA:44,0
DA:45,0
DA:47,0
DA:50,0
DA:52,0
DA:53,0
DA:56,0
DA:57,0
DA:58,0
DA:59,0
DA:60,0
DA:61,0
DA:62,0
DA:63,0
DA:64,0
DA:67,0
DA:71,46
DA:73,46
DA:74,16
DA:75,8
DA:77,8
DA:82,2
DA:83,2
DA:84,2
DA:85,2
DA:89,0
DA:94,8
LF:52
LH:22
BRDA:16,0,0,1
BRDA:16,0,1,1
BRDA:18,1,0,0
BRDA:18,1,1,1
BRDA:18,2,0,1
BRDA:18,2,1,1
BRDA:20,3,0,0
BRDA:20,3,1,1
BRDA:27,4,0,1
BRDA:27,4,1,0
BRDA:29,5,0,0
BRDA:29,5,1,1
BRDA:33,6,0,0
BRDA:33,6,1,0
BRDA:36,7,0,0
BRDA:36,7,1,0
BRDA:36,8,0,0
BRDA:36,8,1,0
BRDA:38,9,0,0
BRDA:38,9,1,0
BRDA:42,10,0,0
BRDA:42,10,1,0
BRDA:44,11,0,0
BRDA:44,11,1,0
BRDA:44,12,0,0
BRDA:44,12,1,0
BRDA:44,12,2,0
BRDA:56,13,0,0
BRDA:56,13,1,0
BRDA:59,14,0,0
BRDA:59,14,1,0
BRDA:59,15,0,0
BRDA:59,15,1,0
BRDA:61,16,0,0
BRDA:61,16,1,0
BRDA:74,17,0,8
BRDA:74,17,1,8
BRDA:84,18,0,2
BRDA:84,18,1,1
BRF:39
BRH:12
end_of_record
TN:
SF:src/hooks/useSessions.ts
FN:4,(anonymous_0)
FN:6,useSessions
FN:9,(anonymous_2)
FNF:3
FNH:3
FNDA:66,(anonymous_0)
FNDA:65,useSessions
FNDA:33,(anonymous_2)
DA:4,66
DA:7,65
DA:10,33
DA:14,3
LF:4
LH:4
BRDA:14,0,0,3
BRDA:14,0,1,0
BRF:2
BRH:1
end_of_record
TN:
SF:src/hooks/useTerminal.ts
FN:12,(anonymous_0)
FN:19,useTerminal
FN:24,(anonymous_2)
FN:30,(anonymous_3)
FN:37,(anonymous_4)
FN:68,(anonymous_5)
FN:71,(anonymous_6)
FN:78,(anonymous_7)
FN:82,(anonymous_8)
FN:87,(anonymous_9)
FN:93,(anonymous_10)
FN:101,(anonymous_11)
FN:103,(anonymous_12)
FN:106,(anonymous_13)
FN:111,(anonymous_14)
FNF:15
FNH:0
FNDA:0,(anonymous_0)
FNDA:0,useTerminal
FNDA:0,(anonymous_2)
FNDA:0,(anonymous_3)
FNDA:0,(anonymous_4)
FNDA:0,(anonymous_5)
FNDA:0,(anonymous_6)
FNDA:0,(anonymous_7)
FNDA:0,(anonymous_8)
FNDA:0,(anonymous_9)
FNDA:0,(anonymous_10)
FNDA:0,(anonymous_11)
FNDA:0,(anonymous_12)
FNDA:0,(anonymous_13)
FNDA:0,(anonymous_14)
DA:12,0
DA:13,0
DA:14,0
DA:15,0
DA:16,0
DA:20,0
DA:21,0
DA:22,0
DA:24,0
DA:25,0
DA:26,0
DA:30,0
DA:31,0
DA:37,0
DA:38,0
DA:41,0
DA:42,0
DA:44,0
DA:45,0
DA:46,0
DA:48,0
DA:54,0
DA:55,0
DA:56,0
DA:57,0
DA:58,0
DA:59,0
DA:61,0
DA:62,0
DA:63,0
DA:64,0
DA:65,0
DA:67,0
DA:68,0
DA:69,0
DA:71,0
DA:72,0
DA:78,0
DA:79,0
DA:80,0
DA:82,0
DA:83,0
DA:84,0
DA:87,0
DA:88,0
DA:89,0
DA:93,0
DA:94,0
DA:101,0
DA:102,0
DA:103,0
DA:106,0
DA:107,0
DA:108,0
DA:111,0
DA:112,0
DA:113,0
DA:114,0
DA:115,0
DA:116,0
DA:117,0
DA:121,0
LF:62
LH:0
BRDA:14,0,0,0
BRDA:14,0,1,0
BRDA:15,1,0,0
BRDA:15,1,1,0
BRDA:25,2,0,0
BRDA:25,2,1,0
BRDA:25,3,0,0
BRDA:25,3,1,0
BRDA:42,4,0,0
BRDA:42,4,1,0
BRDA:42,5,0,0
BRDA:42,5,1,0
BRDA:46,6,0,0
BRDA:46,6,1,0
BRDA:62,7,0,0
BRDA:62,7,1,0
BRDA:79,8,0,0
BRDA:79,8,1,0
BRDA:83,9,0,0
BRDA:83,9,1,0
BRDA:88,10,0,0
BRDA:88,10,1,0
BRDA:107,11,0,0
BRDA:107,11,1,0
BRDA:108,12,0,0
BRDA:108,12,1,0
BRF:26
BRH:0
end_of_record
TN:
SF:src/interfaces/IAgentConsole.ts
FNF:0
FNH:0
LF:0
LH:0
BRF:0
BRH:0
end_of_record
TN:
SF:src/interfaces/IAgentDelegator.ts
FNF:0
FNH:0
LF:0
LH:0
BRF:0
BRH:0
end_of_record
TN:
SF:src/interfaces/IAnnotationLayer.ts
FNF:0
FNH:0
LF:0
LH:0
BRF:0
BRH:0
end_of_record
TN:
SF:src/interfaces/IArtifactIndex.ts
FNF:0
FNH:0
LF:0
LH:0
BRF:0
BRH:0
end_of_record
TN:
SF:src/interfaces/ICodeEditor.ts
FNF:0
FNH:0
LF:0
LH:0
BRF:0
BRH:0
end_of_record
TN:
SF:src/interfaces/IComponentPreview.ts
FNF:0
FNH:0
LF:0
LH:0
BRF:0
BRH:0
end_of_record
TN:
SF:src/interfaces/IFileTree.ts
FNF:0
FNH:0
LF:0
LH:0
BRF:0
BRH:0
end_of_record
TN:
SF:src/interfaces/IGeometry.ts
FNF:0
FNH:0
LF:0
LH:0
BRF:0
BRH:0
end_of_record
TN:
SF:src/interfaces/IModality.ts
FNF:0
FNH:0
LF:0
LH:0
BRF:0
BRH:0
end_of_record
TN:
SF:src/interfaces/IPresentation.ts
FNF:0
FNH:0
LF:0
LH:0
BRF:0
BRH:0
end_of_record
TN:
SF:src/interfaces/ISessionManager.ts
FNF:0
FNH:0
LF:0
LH:0
BRF:0
BRH:0
end_of_record
TN:
SF:src/interfaces/ITerminal.ts
FNF:0
FNH:0
LF:0
LH:0
BRF:0
BRH:0
end_of_record
TN:
SF:src/interfaces/ITextInput.ts
FNF:0
FNH:0
LF:0
LH:0
BRF:0
BRH:0
end_of_record
TN:
SF:src/interfaces/ITextOutput.ts
FNF:0
FNH:0
LF:0
LH:0
BRF:0
BRH:0
end_of_record
TN:
SF:src/interfaces/IVoiceInput.ts
FNF:0
FNH:0
LF:0
LH:0
BRF:0
BRH:0
end_of_record
TN:
SF:src/interfaces/IVoiceOutput.ts
FNF:0
FNH:0
LF:0
LH:0
BRF:0
BRH:0
end_of_record
TN:
SF:src/interfaces/IWhiteboard.ts
FNF:0
FNH:0
LF:0
LH:0
BRF:0
BRH:0
end_of_record
TN:
SF:src/lib/utils.ts
FN:4,cn
FNF:1
FNH:1
FNDA:78,cn
DA:5,78
LF:1
LH:1
BRF:0
BRH:0
end_of_record
TN:
SF:src/lib/opencode/client.ts
FN:8,createOpencodeClient
FN:10,(anonymous_1)
FNF:2
FNH:0
FNDA:0,createOpencodeClient
FNDA:0,(anonymous_1)
DA:9,0
DA:10,0
DA:11,0
DA:12,0
DA:14,0
DA:21,0
DA:22,0
DA:28,0
DA:29,0
LF:9
LH:0
BRDA:9,0,0,0
BRDA:9,0,1,0
BRDA:21,1,0,0
BRDA:21,1,1,0
BRF:4
BRH:0
end_of_record
TN:
SF:src/lib/opencode/index.ts
FN:5,createOpencode
FNF:1
FNH:0
FNDA:0,createOpencode
DA:6,0
DA:10,0
LF:2
LH:0
BRDA:7,0,0,0
BRDA:7,0,1,0
BRF:2
BRH:0
end_of_record
TN:
SF:src/lib/opencode/v2/client.ts
FN:8,createOpencodeClient
FN:10,(anonymous_1)
FN:22,(anonymous_2)
FNF:3
FNH:3
FNDA:30,createOpencodeClient
FNDA:82,(anonymous_1)
FNDA:810,(anonymous_2)
DA:9,30
DA:10,30
DA:11,82
DA:12,82
DA:14,30
DA:21,30
DA:22,810
DA:23,30
DA:24,30
DA:30,30
DA:31,30
LF:11
LH:11
BRDA:9,0,0,30
BRDA:9,0,1,0
BRDA:21,1,0,30
BRDA:21,1,1,0
BRDA:23,2,0,0
BRDA:23,2,1,30
BRF:6
BRH:3
end_of_record
TN:
SF:src/lib/opencode/v2/index.ts
FN:5,createOpencode
FNF:1
FNH:0
FNDA:0,createOpencode
DA:6,0
DA:10,0
LF:2
LH:0
BRDA:7,0,0,0
BRDA:7,0,1,0
BRF:2
BRH:0
end_of_record
TN:
SF:src/services/OpenCodeClient.ts
FN:12,(anonymous_0)
FN:16,(anonymous_1)
FN:23,(anonymous_2)
FN:35,(anonymous_3)
FN:39,(anonymous_4)
FN:40,(anonymous_5)
FN:41,(anonymous_6)
FN:42,(anonymous_7)
FN:43,(anonymous_8)
FN:44,(anonymous_9)
FNF:10
FNH:10
FNDA:30,(anonymous_0)
FNDA:8,(anonymous_1)
FNDA:11,(anonymous_2)
FNDA:11,(anonymous_3)
FNDA:3,(anonymous_4)
FNDA:3,(anonymous_5)
FNDA:2,(anonymous_6)
FNDA:2,(anonymous_7)
FNDA:2,(anonymous_8)
FNDA:2,(anonymous_9)
DA:3,8
DA:8,30
DA:9,30
DA:10,30
DA:13,30
DA:17,35
DA:18,30
DA:20,35
DA:24,11
DA:25,11
DA:26,4
DA:27,4
DA:29,6
DA:30,6
DA:31,6
DA:36,11
DA:39,3
DA:40,3
DA:41,2
DA:42,2
DA:43,2
DA:44,2
DA:47,8
LF:23
LH:23
BRDA:3,0,0,8
BRDA:3,0,1,0
BRDA:10,1,0,30
BRDA:10,1,1,30
BRDA:17,2,0,30
BRDA:17,2,1,5
BRF:6
BRH:5
end_of_record
TN:
SF:src/utils/storage.ts
FN:11,(anonymous_0)
FN:19,(anonymous_1)
FN:22,(anonymous_2)
FN:25,(anonymous_3)
FNF:4
FNH:4
FNDA:8,(anonymous_0)
FNDA:7,(anonymous_1)
FNDA:5,(anonymous_2)
FNDA:6,(anonymous_3)
DA:7,1
DA:8,1
DA:10,1
DA:12,8
DA:13,8
DA:14,8
DA:16,1
DA:20,7
DA:23,5
DA:26,6
LF:10
LH:10
BRDA:14,0,0,6
BRDA:14,0,1,2
BRF:2
BRH:2
end_of_record
